SUC! insert print(num_str) prob: 0.5751253962516785 => 0.0707751214504242
Example time cost:  0.01 min
ALL examples time cost:  0.01 min
Query times in this attack:  18
Greedy query times: 18
Ga query times: 0
All Query times:  18
Success rate:  1.0
Successful items count:  1
Total count:  1
Index:  0

ACC! num_cases => numlcases prob: 0.2559407949447632 => 0.20135408639907837
Example time cost:  0.01 min
ALL examples time cost:  0.01 min
Query times in this attack:  32
Greedy query times: 32
Ga query times: 0
All Query times:  50
Success rate:  0.5
Successful items count:  1
Total count:  2
Index:  1

ACC! basename => baseette prob: 0.7655067443847656 => 0.7655064463615417
ACC! end_idx => end_idy prob: 0.7655064463615417 => 0.7619014382362366
ACC! f_in => fFileint prob: 0.7619014382362366 => 0.6255900263786316
SUC! insert print(num) prob: 0.6255900263786316 => 0.08983764797449112
Example time cost:  0.01 min
ALL examples time cost:  0.03 min
Query times in this attack:  83
Greedy query times: 83
Ga query times: 0
All Query times:  133
Success rate:  0.6666666666666666
Successful items count:  2
Total count:  3
Index:  2

ACC! f_in => fockid prob: 0.7040659785270691 => 0.6522426605224609
ACC! thre_surprise => thre_Surmetic prob: 0.6522426605224609 => 0.6493992209434509
SUC! insert print(p) prob: 0.6493992209434509 => 0.0843559056520462
Example time cost:  0.01 min
ALL examples time cost:  0.04 min
Query times in this attack:  64
Greedy query times: 64
Ga query times: 0
All Query times:  197
Success rate:  0.75
Successful items count:  3
Total count:  4
Index:  3

Example time cost:  0.0 min
ALL examples time cost:  0.04 min
Query times in this attack:  3
Greedy query times: 3
Ga query times: 0
All Query times:  200
Success rate:  0.6
Successful items count:  3
Total count:  5
Index:  4

ACC! inf => api prob: 0.7736655473709106 => 0.7503021955490112
ACC! lst => plST prob: 0.7503021955490112 => 0.7476868629455566
ACC! cnt => C0 prob: 0.7476868629455566 => 0.7389809489250183
ACC! score => distance prob: 0.7389809489250183 => 0.73778235912323
ACC! N => Z prob: 0.73778235912323 => 0.7358950972557068
ACC! S => Z prob: 0.7358950972557068 => 0.7355468273162842
Example time cost:  0.02 min
ALL examples time cost:  0.06 min
Query times in this attack:  129
Greedy query times: 129
Ga query times: 0
All Query times:  329
Success rate:  0.5
Successful items count:  3
Total count:  6
Index:  5

Example time cost:  0.0 min
ALL examples time cost:  0.06 min
Query times in this attack:  1
Greedy query times: 1
Ga query times: 0
All Query times:  330
Success rate:  0.5
Successful items count:  3
Total count:  6
Index:  6

ACC! z => hz prob: 0.3504151999950409 => 0.19180260598659515
ACC! res =>  Res prob: 0.19180260598659515 => 0.18334922194480896
SUC! insert print(T) prob: 0.18334922194480896 => 0.17703452706336975
Example time cost:  0.01 min
ALL examples time cost:  0.07 min
Query times in this attack:  52
Greedy query times: 52
Ga query times: 0
All Query times:  382
Success rate:  0.5714285714285714
Successful items count:  4
Total count:  7
Index:  7

ACC! f => data prob: 0.6982871294021606 => 0.5711010694503784
ACC! insert print(num) prob: 0.5711010694503784 => 0.506237804889679
ACC! insert if False:num=num prob: 0.506237804889679 => 0.40556609630584717
NOACC! insert while False:num=num prob: 0.40556609630584717 => 0.40570947527885437
ACC! j => v prob: 0.40556609630584717 => 0.37788546085357666
ACC! q => v prob: 0.37788546085357666 => 0.37253856658935547
NOACC! insert print(l2) prob: 0.37253856658935547 => 0.3843383491039276
NOACC! insert if False:l2=l2 prob: 0.37253856658935547 => 0.39439377188682556
NOACC! insert while False:l2=l2 prob: 0.37253856658935547 => 0.39333757758140564
NOACC! insert print(mb) prob: 0.37253856658935547 => 0.381827712059021
NOACC! insert if False:mb=l2 prob: 0.37253856658935547 => 0.4027555286884308
NOACC! insert while False:mb=l2 prob: 0.37253856658935547 => 0.40269747376441956
NOACC! insert print(count) prob: 0.37253856658935547 => 0.38267770409584045
NOACC! insert if False:count=mb prob: 0.37253856658935547 => 0.39546915888786316
NOACC! insert while False:count=mb prob: 0.37253856658935547 => 0.39021122455596924
NOACC! insert print(count) prob: 0.37253856658935547 => 0.38267770409584045
NOACC! insert if False:count=mb prob: 0.37253856658935547 => 0.39546915888786316
NOACC! insert while False:count=mb prob: 0.37253856658935547 => 0.39021122455596924
NOACC! insert print(l) prob: 0.37253856658935547 => 0.3761281967163086
NOACC! insert if False:l=i prob: 0.37253856658935547 => 0.39749985933303833
NOACC! insert while False:l=i prob: 0.37253856658935547 => 0.390624076128006
ACC! x => v prob: 0.37253856658935547 => 0.3329695463180542
ACC! ma => ms prob: 0.3329695463180542 => 0.32221534848213196
Example time cost:  0.02 min
ALL examples time cost:  0.09 min
Query times in this attack:  130
Greedy query times: 130
Ga query times: 0
All Query times:  512
Success rate:  0.5
Successful items count:  4
Total count:  8
Index:  8

ACC! f => folder prob: 0.6931507587432861 => 0.5981326103210449
ACC! insert print(num) prob: 0.5981326103210449 => 0.5387840270996094
ACC! insert if False:num=num prob: 0.5387840270996094 => 0.40658724308013916
NOACC! insert while False:num=num prob: 0.40658724308013916 => 0.4389152526855469
ACC! i => cli prob: 0.40658724308013916 => 0.2427680492401123
ACC! insert print(res) prob: 0.2427680492401123 => 0.2158595621585846
NOACC! insert if False:res=nrsup prob: 0.2158595621585846 => 0.2657030522823334
NOACC! insert while False:res=nrsup prob: 0.2158595621585846 => 0.2749444842338562
ACC! nrsup =>  nrsupe prob: 0.2158595621585846 => 0.1970590054988861
NOACC! insert print(score) prob: 0.1970590054988861 => 0.24673618376255035
NOACC! insert if False:score=nrg prob: 0.1970590054988861 => 0.2739345133304596
NOACC! insert while False:score=nrg prob: 0.1970590054988861 => 0.28573447465896606
ACC! nrsuppass => nrcompasses prob: 0.1970590054988861 => 0.185423344373703
Example time cost:  0.02 min
ALL examples time cost:  0.1 min
Query times in this attack:  100
Greedy query times: 100
Ga query times: 0
All Query times:  612
Success rate:  0.4444444444444444
Successful items count:  4
Total count:  9
Index:  9

NOACC! n => l prob: 0.7252674698829651 => 0.7252675294876099
SUC! insert print(amap) prob: 0.7252674698829651 => 0.11553262919187546
Example time cost:  0.01 min
ALL examples time cost:  0.11 min
Query times in this attack:  49
Greedy query times: 49
Ga query times: 0
All Query times:  661
Success rate:  0.5
Successful items count:  5
Total count:  10
Index:  10

ACC! insert print(case_input) prob: 0.6813182234764099 => 0.5286850333213806
ACC! insert if False:case_input=case_input prob: 0.5286850333213806 => 0.2469743937253952
NOACC! insert while False:case_input=case_input prob: 0.2469743937253952 => 0.2469743937253952
ACC! case_input => case_file prob: 0.2469743937253952 => 0.13522480428218842
ACC! test_data => output_window prob: 0.13522480428218842 => 0.12413473427295685
NOACC! insert print(x) prob: 0.12413473427295685 => 0.12413474172353745
NOACC! insert if False:x=caseLineNum prob: 0.12413473427295685 => 0.12413474172353745
NOACC! insert while False:x=caseLineNum prob: 0.12413473427295685 => 0.12413474172353745
ACC! use_test_data => use_case_function prob: 0.12413473427295685 => 0.11056817322969437
NOACC! insert print(result) prob: 0.11056817322969437 => 0.11056822538375854
NOACC! insert if False:result=raw prob: 0.11056817322969437 => 0.11056822538375854
NOACC! insert while False:result=raw prob: 0.11056817322969437 => 0.11056822538375854
NOACC! insert print(x) prob: 0.11056817322969437 => 0.11056822538375854
NOACC! insert if False:x=T prob: 0.11056817322969437 => 0.11056822538375854
NOACC! insert while False:x=T prob: 0.11056817322969437 => 0.11056822538375854
NOACC! insert print(T) prob: 0.11056817322969437 => 0.11056822538375854
NOACC! insert if False:T=T prob: 0.11056817322969437 => 0.11056822538375854
NOACC! insert while False:T=T prob: 0.11056817322969437 => 0.11056822538375854
SUC! case_output =>  case_file prob: 0.11056817322969437 => 0.08160990476608276
Example time cost:  0.02 min
ALL examples time cost:  0.13 min
Query times in this attack:  99
Greedy query times: 99
Ga query times: 0
All Query times:  760
Success rate:  0.5454545454545454
Successful items count:  6
Total count:  11
Index:  11

ACC! T => Time prob: 0.5326716303825378 => 0.3362955152988434
ACC! B =>  b prob: 0.3362955152988434 => 0.31622055172920227
ACC! s => b prob: 0.31622055172920227 => 0.3063075840473175
SUC! insert print(n) prob: 0.3063075840473175 => 0.14801345765590668
Example time cost:  0.01 min
ALL examples time cost:  0.14 min
Query times in this attack:  70
Greedy query times: 70
Ga query times: 0
All Query times:  830
Success rate:  0.5833333333333334
Successful items count:  7
Total count:  12
Index:  12

SUC! T => t prob: 0.23281653225421906 => 0.14204289019107819
Example time cost:  0.01 min
ALL examples time cost:  0.15 min
Query times in this attack:  32
Greedy query times: 32
Ga query times: 0
All Query times:  862
Success rate:  0.6153846153846154
Successful items count:  8
Total count:  13
Index:  13

ACC! fout => fwin prob: 0.5459524393081665 => 0.4526052176952362
ACC! insert print(fin) prob: 0.4526052176952362 => 0.25199654698371887
SUC! insert if False:fin=fwin prob: 0.25199654698371887 => 0.31490474939346313
Example time cost:  0.01 min
ALL examples time cost:  0.15 min
Query times in this attack:  37
Greedy query times: 37
Ga query times: 0
All Query times:  899
Success rate:  0.6428571428571429
Successful items count:  9
Total count:  14
Index:  14

ACC! insert print(input_file) prob: 0.5471606254577637 => 0.23800289630889893
NOACC! insert if False:input_file=output_file prob: 0.23800289630889893 => 0.24787577986717224
NOACC! insert while False:input_file=output_file prob: 0.23800289630889893 => 0.23942610621452332
NOACC! insert print(n) prob: 0.23800289630889893 => 0.2619782090187073
NOACC! insert if False:n=n prob: 0.23800289630889893 => 0.26551854610443115
NOACC! insert while False:n=n prob: 0.23800289630889893 => 0.25850921869277954
NOACC! insert print(n) prob: 0.23800289630889893 => 0.2619782090187073
NOACC! insert if False:n=data prob: 0.23800289630889893 => 0.2684458792209625
NOACC! insert while False:n=data prob: 0.23800289630889893 => 0.261741042137146
ACC! input_file => inputmingfile prob: 0.23800289630889893 => 0.1575389802455902
NOACC! insert print(inp) prob: 0.1575389802455902 => 0.22898156940937042
NOACC! insert if False:inp=data prob: 0.1575389802455902 => 0.2435588240623474
NOACC! insert while False:inp=data prob: 0.1575389802455902 => 0.23364152014255524
SUC! output_file => outputChanemail prob: 0.1575389802455902 => 0.11684612929821014
Example time cost:  0.01 min
ALL examples time cost:  0.16 min
Query times in this attack:  71
Greedy query times: 71
Ga query times: 0
All Query times:  970
Success rate:  0.6666666666666666
Successful items count:  10
Total count:  15
Index:  15

Example time cost:  0.0 min
ALL examples time cost:  0.16 min
Query times in this attack:  1
Greedy query times: 1
Ga query times: 0
All Query times:  971
Success rate:  0.6666666666666666
Successful items count:  10
Total count:  15
Index:  16

Example time cost:  0.0 min
ALL examples time cost:  0.17 min
Query times in this attack:  1
Greedy query times: 1
Ga query times: 0
All Query times:  972
Success rate:  0.6666666666666666
Successful items count:  10
Total count:  15
Index:  17

SUC! insert print(number) prob: 0.7646704912185669 => 0.04260065034031868
Example time cost:  0.0 min
ALL examples time cost:  0.17 min
Query times in this attack:  14
Greedy query times: 14
Ga query times: 0
All Query times:  986
Success rate:  0.6875
Successful items count:  11
Total count:  16
Index:  18

ACC! insert print(inputFile) prob: 0.8075262904167175 => 0.7562496662139893
NOACC! insert if False:inputFile=outputFile prob: 0.7562496662139893 => 0.7889636754989624
NOACC! insert while False:inputFile=outputFile prob: 0.7562496662139893 => 0.7863169312477112
NOACC! insert print(s) prob: 0.7562496662139893 => 0.7833220362663269
NOACC! insert if False:s=s prob: 0.7562496662139893 => 0.7869645953178406
NOACC! insert while False:s=s prob: 0.7562496662139893 => 0.7858052849769592
ACC! numTests => numTestcases prob: 0.7562496662139893 => 0.702262818813324
ACC! insert print(p) prob: 0.702262818813324 => 0.6880255341529846
NOACC! insert if False:p=totals prob: 0.6880255341529846 => 0.6964778304100037
NOACC! insert while False:p=totals prob: 0.6880255341529846 => 0.6930162906646729
ACC! insert print(s) prob: 0.6880255341529846 => 0.6863184571266174
NOACC! insert if False:s=p prob: 0.6863184571266174 => 0.6913555860519409
NOACC! insert while False:s=p prob: 0.6863184571266174 => 0.6913914680480957
ACC! inputFile => argumentFILE prob: 0.6863184571266174 => 0.46131452918052673
ACC! outputFile => outputfile prob: 0.46131452918052673 => 0.2916528582572937
ACC! i => cli prob: 0.2916528582572937 => 0.2515420913696289
ACC! needSurprise =>  needCurprising prob: 0.2515420913696289 => 0.23476862907409668
Example time cost:  0.02 min
ALL examples time cost:  0.19 min
Query times in this attack:  126
Greedy query times: 126
Ga query times: 0
All Query times:  1112
Success rate:  0.6470588235294118
Successful items count:  11
Total count:  17
Index:  19

ACC! n_cases =>  nxtimes prob: 0.7174431681632996 => 0.48345863819122314
ACC! insert print(nxtimes) prob: 0.48345863819122314 => 0.36752021312713623
ACC! insert if False:nxtimes=nxtimes prob: 0.36752021312713623 => 0.2239757776260376
ACC! insert while False:nxtimes=nxtimes prob: 0.2239757776260376 => 0.19004163146018982
NOACC! insert print(a) prob: 0.19004163146018982 => 0.22335606813430786
NOACC! insert if False:a=s prob: 0.19004163146018982 => 0.2107008397579193
NOACC! insert while False:a=s prob: 0.19004163146018982 => 0.20689311623573303
NOACC! insert print(nums) prob: 0.19004163146018982 => 0.2275090217590332
NOACC! insert if False:nums=s prob: 0.19004163146018982 => 0.19634103775024414
NOACC! insert while False:nums=s prob: 0.19004163146018982 => 0.19319777190685272
NOACC! insert print(b) prob: 0.19004163146018982 => 0.22105032205581665
ACC! insert if False:b=range_squares prob: 0.19004163146018982 => 0.18816354870796204
ACC! insert while False:b=range_squares prob: 0.18816354870796204 => 0.17631889879703522
NOACC! n => N prob: 0.17631889879703522 => 0.30132707953453064
ACC! insert print(range_squares) prob: 0.17631889879703522 => 0.15848688781261444
ACC! insert if False:range_squares=a prob: 0.15848688781261444 => 0.1448386311531067
ACC! insert while False:range_squares=a prob: 0.1448386311531067 => 0.135905459523201
NOACC! b => bin prob: 0.135905459523201 => 0.24998557567596436
ACC! insert print(squares) prob: 0.135905459523201 => 0.1206311360001564
NOACC! insert if False:squares=palins prob: 0.1206311360001564 => 0.13152654469013214
NOACC! insert while False:squares=palins prob: 0.1206311360001564 => 0.13520586490631104
ACC! insert print(awhile) prob: 0.1206311360001564 => 0.10893827676773071
NOACC! insert if False:awhile=awhile prob: 0.10893827676773071 => 0.13282501697540283
NOACC! insert while False:awhile=awhile prob: 0.10893827676773071 => 0.13125547766685486
Example time cost:  0.02 min
ALL examples time cost:  0.2 min
Query times in this attack:  94
Greedy query times: 94
Ga query times: 0
All Query times:  1206
Success rate:  0.6111111111111112
Successful items count:  11
Total count:  18
Index:  20

ACC! n_cases => nxtests prob: 0.6626233458518982 => 0.22003372013568878
ACC! t => set prob: 0.22003372013568878 => 0.20160627365112305
ACC! s => size prob: 0.20160627365112305 => 0.1761453002691269
SUC! x => i prob: 0.1761453002691269 => 0.16497240960597992
Example time cost:  0.01 min
ALL examples time cost:  0.22 min
Query times in this attack:  87
Greedy query times: 87
Ga query times: 0
All Query times:  1293
Success rate:  0.631578947368421
Successful items count:  12
Total count:  19
Index:  21

NOACC! f => l prob: 0.3917728066444397 => 0.3917731046676636
ACC! root => input prob: 0.3917728066444397 => 0.370330274105072
ACC! _ => g prob: 0.370330274105072 => 0.36987054347991943
ACC! str_a => Str_A prob: 0.36987054347991943 => 0.3618709146976471
ACC! rlt => plt prob: 0.3618709146976471 => 0.33567363023757935
ACC! insert print(num) prob: 0.33567363023757935 => 0.30616748332977295
SUC! insert if False:num=num prob: 0.30616748332977295 => 0.1309947520494461
Example time cost:  0.02 min
ALL examples time cost:  0.24 min
Query times in this attack:  113
Greedy query times: 113
Ga query times: 0
All Query times:  1406
Success rate:  0.65
Successful items count:  13
Total count:  20
Index:  22

ACC! inputFile =>  inputBuffer prob: 0.37593743205070496 => 0.3469052016735077
ACC! insert print(args) prob: 0.3469052016735077 => 0.19143933057785034
SUC! insert if False:args=args prob: 0.19143933057785034 => 0.14621981978416443
Example time cost:  0.01 min
ALL examples time cost:  0.24 min
Query times in this attack:  36
Greedy query times: 36
Ga query times: 0
All Query times:  1442
Success rate:  0.6666666666666666
Successful items count:  14
Total count:  21
Index:  23

ACC! stream => input prob: 0.2789810001850128 => 0.1705704629421234
ACC! x => xxx prob: 0.1705704629421234 => 0.16340915858745575
ACC! i => qi prob: 0.16340915858745575 => 0.16205133497714996
ACC! n => name prob: 0.16205133497714996 => 0.14966577291488647
ACC! line => shell prob: 0.14966577291488647 => 0.12984609603881836
SUC! insert print(shell) prob: 0.12984609603881836 => 0.12637892365455627
Example time cost:  0.02 min
ALL examples time cost:  0.26 min
Query times in this attack:  111
Greedy query times: 111
Ga query times: 0
All Query times:  1553
Success rate:  0.6818181818181818
Successful items count:  15
Total count:  22
Index:  24

Example time cost:  0.0 min
ALL examples time cost:  0.26 min
Query times in this attack:  1
Greedy query times: 1
Ga query times: 0
All Query times:  1554
Success rate:  0.6818181818181818
Successful items count:  15
Total count:  22
Index:  25

ACC! f => file prob: 0.694159209728241 => 0.505241870880127
ACC! X => Code prob: 0.505241870880127 => 0.38448283076286316
NOACC! infname => Infname prob: 0.38448283076286316 => 0.38448283076286316
ACC! outf => Outf prob: 0.38448283076286316 => 0.34793663024902344
ACC! insert print(v) prob: 0.34793663024902344 => 0.16006536781787872
NOACC! insert if False:v=file prob: 0.16006536781787872 => 0.3215635418891907
NOACC! insert while False:v=file prob: 0.16006536781787872 => 0.3215635418891907
NOACC! insert print(v) prob: 0.16006536781787872 => 0.3215635418891907
NOACC! insert if False:v=Outf prob: 0.16006536781787872 => 0.3215635418891907
NOACC! insert while False:v=Outf prob: 0.16006536781787872 => 0.3215635418891907
NOACC! insert print(s) prob: 0.16006536781787872 => 0.3215635418891907
NOACC! insert if False:s=file prob: 0.16006536781787872 => 0.3215635418891907
NOACC! insert while False:s=file prob: 0.16006536781787872 => 0.3215635418891907
NOACC! insert print(v) prob: 0.16006536781787872 => 0.3215635418891907
NOACC! insert if False:v=inf prob: 0.16006536781787872 => 0.3215635418891907
NOACC! insert while False:v=inf prob: 0.16006536781787872 => 0.3215635418891907
NOACC! insert print(file) prob: 0.16006536781787872 => 0.3215635418891907
NOACC! insert if False:file=Outf prob: 0.16006536781787872 => 0.3215635418891907
NOACC! insert while False:file=Outf prob: 0.16006536781787872 => 0.3215635418891907
NOACC! insert print(ans) prob: 0.16006536781787872 => 0.3215635418891907
NOACC! insert if False:ans=Code prob: 0.16006536781787872 => 0.3215635418891907
NOACC! insert while False:ans=Code prob: 0.16006536781787872 => 0.3215635418891907
NOACC! insert print(out) prob: 0.16006536781787872 => 0.3215635418891907
NOACC! insert if False:out=i prob: 0.16006536781787872 => 0.3215635418891907
NOACC! insert while False:out=i prob: 0.16006536781787872 => 0.3215635418891907
NOACC! insert print(v) prob: 0.16006536781787872 => 0.3215635418891907
NOACC! insert if False:v=out prob: 0.16006536781787872 => 0.3215635418891907
NOACC! insert while False:v=out prob: 0.16006536781787872 => 0.3215635418891907
NOACC! insert print(v) prob: 0.16006536781787872 => 0.3215635418891907
NOACC! insert if False:v=Code prob: 0.16006536781787872 => 0.3215635418891907
NOACC! insert while False:v=Code prob: 0.16006536781787872 => 0.3215635418891907
NOACC! inf => input prob: 0.16006536781787872 => 0.2477632611989975
NOACC! cnt =>  crt prob: 0.16006536781787872 => 0.3150300681591034
NOACC! ans =>  Ans prob: 0.16006536781787872 => 0.2811654508113861
NOACC! insert print(s) prob: 0.16006536781787872 => 0.3215635418891907
NOACC! insert if False:s=out prob: 0.16006536781787872 => 0.3215635418891907
NOACC! insert while False:s=out prob: 0.16006536781787872 => 0.3215635418891907
NOACC! fslst => sfsnst prob: 0.16006536781787872 => 0.2983524203300476
Example time cost:  0.04 min
ALL examples time cost:  0.3 min
Query times in this attack:  210
Greedy query times: 210
Ga query times: 0
All Query times:  1764
Success rate:  0.6521739130434783
Successful items count:  15
Total count:  23
Index:  26

ACC! X => File prob: 0.6696134209632874 => 0.5133237242698669
ACC! p => P prob: 0.5133237242698669 => 0.5054473876953125
ACC! d => u prob: 0.5054473876953125 => 0.5006787180900574
ACC! m => alm prob: 0.5006787180900574 => 0.4979531168937683
ACC! t => gt prob: 0.4979531168937683 => 0.48849692940711975
Example time cost:  0.02 min
ALL examples time cost:  0.31 min
Query times in this attack:  107
Greedy query times: 107
Ga query times: 0
All Query times:  1871
Success rate:  0.625
Successful items count:  15
Total count:  24
Index:  27

Example time cost:  0.0 min
ALL examples time cost:  0.31 min
Query times in this attack:  1
Greedy query times: 1
Ga query times: 0
All Query times:  1872
Success rate:  0.625
Successful items count:  15
Total count:  24
Index:  28

Example time cost:  0.0 min
ALL examples time cost:  0.31 min
Query times in this attack:  1
Greedy query times: 1
Ga query times: 0
All Query times:  1873
Success rate:  0.625
Successful items count:  15
Total count:  24
Index:  29

SUC! insert print(f) prob: 0.5403410196304321 => 0.14508260786533356
Example time cost:  0.0 min
ALL examples time cost:  0.32 min
Query times in this attack:  12
Greedy query times: 12
Ga query times: 0
All Query times:  1885
Success rate:  0.64
Successful items count:  16
Total count:  25
Index:  30

ACC! l => les prob: 0.33493658900260925 => 0.29070088267326355
SUC! insert print(f) prob: 0.29070088267326355 => 0.10844198614358902
Example time cost:  0.01 min
ALL examples time cost:  0.32 min
Query times in this attack:  34
Greedy query times: 34
Ga query times: 0
All Query times:  1919
Success rate:  0.6538461538461539
Successful items count:  17
Total count:  26
Index:  31

Example time cost:  0.0 min
ALL examples time cost:  0.32 min
Query times in this attack:  1
Greedy query times: 1
Ga query times: 0
All Query times:  1920
Success rate:  0.6538461538461539
Successful items count:  17
Total count:  26
Index:  32

ACC! poss => Pense prob: 0.4476226568222046 => 0.3544190227985382
ACC! insert print(out) prob: 0.3544190227985382 => 0.34006720781326294
SUC! insert if False:out=out prob: 0.34006720781326294 => 0.08090642839670181
Example time cost:  0.01 min
ALL examples time cost:  0.33 min
Query times in this attack:  38
Greedy query times: 38
Ga query times: 0
All Query times:  1958
Success rate:  0.6666666666666666
Successful items count:  18
Total count:  27
Index:  33

ACC! line => LINE prob: 0.5011087656021118 => 0.42899632453918457
ACC! count => int prob: 0.42899632453918457 => 0.4189399778842926
ACC! num => initial prob: 0.4189399778842926 => 0.3153281509876251
ACC! top => txt prob: 0.3153281509876251 => 0.27874666452407837
Example time cost:  0.01 min
ALL examples time cost:  0.34 min
Query times in this attack:  90
Greedy query times: 90
Ga query times: 0
All Query times:  2048
Success rate:  0.6428571428571429
Successful items count:  18
Total count:  28
Index:  34

Example time cost:  0.0 min
ALL examples time cost:  0.34 min
Query times in this attack:  1
Greedy query times: 1
Ga query times: 0
All Query times:  2049
Success rate:  0.6428571428571429
Successful items count:  18
Total count:  28
Index:  35

ACC! num_of_cases => num_ofxcases prob: 0.6081554889678955 => 0.5852500200271606
ACC! a => name prob: 0.5852500200271606 => 0.5702895522117615
ACC! i => cli prob: 0.5702895522117615 => 0.5469785332679749
ACC! min_num => min_min prob: 0.5469785332679749 => 0.5426555275917053
Example time cost:  0.01 min
ALL examples time cost:  0.35 min
Query times in this attack:  85
Greedy query times: 85
Ga query times: 0
All Query times:  2134
Success rate:  0.6206896551724138
Successful items count:  18
Total count:  29
Index:  36

ACC! scores =>  scourses prob: 0.7431026101112366 => 0.7414544224739075
NOACC! k =>  work prob: 0.7414544224739075 => 0.7414544224739075
ACC! i => b prob: 0.7414544224739075 => 0.7411883473396301
ACC! num_of_googlers => num_of_googsblers prob: 0.7411883473396301 => 0.7411782741546631
ACC! case => config prob: 0.7411782741546631 => 0.7405440211296082
ACC! result => random prob: 0.7405440211296082 => 0.7393494248390198
ACC! insert print(n) prob: 0.7393494248390198 => 0.6366841793060303
ACC! insert if False:n=n prob: 0.6366841793060303 => 0.4689660668373108
NOACC! insert while False:n=n prob: 0.4689660668373108 => 0.4689660668373108
ACC! possible => spores prob: 0.4689660668373108 => 0.4689658582210541
NOACC! insert print(num_of_surprising) prob: 0.4689658582210541 => 0.4689660668373108
NOACC! insert if False:num_of_surprising=number_of_cases prob: 0.4689658582210541 => 0.4689660668373108
NOACC! insert while False:num_of_surprising=number_of_cases prob: 0.4689658582210541 => 0.4689660668373108
Example time cost:  0.03 min
ALL examples time cost:  0.38 min
Query times in this attack:  158
Greedy query times: 158
Ga query times: 0
All Query times:  2292
Success rate:  0.6
Successful items count:  18
Total count:  30
Index:  37

ACC! IN => HTTP prob: 0.527180016040802 => 0.24470588564872742
ACC! A => In prob: 0.24470588564872742 => 0.21994243562221527
SUC! OUT => URL prob: 0.21994243562221527 => 0.1467764526605606
Example time cost:  0.01 min
ALL examples time cost:  0.39 min
Query times in this attack:  71
Greedy query times: 71
Ga query times: 0
All Query times:  2363
Success rate:  0.6129032258064516
Successful items count:  19
Total count:  31
Index:  38

ACC! IN => input prob: 0.5218688249588013 => 0.22303597629070282
ACC! tlist =>  tcode prob: 0.22303597629070282 => 0.16617433726787567
SUC! insert print(S) prob: 0.16617433726787567 => 0.13406261801719666
Example time cost:  0.01 min
ALL examples time cost:  0.4 min
Query times in this attack:  55
Greedy query times: 55
Ga query times: 0
All Query times:  2418
Success rate:  0.625
Successful items count:  20
Total count:  32
Index:  39

ACC! test_case_id => test_section_index prob: 0.463024377822876 => 0.34176212549209595
ACC! T => ti prob: 0.34176212549209595 => 0.27142471075057983
ACC! N_MAX => NNMax prob: 0.27142471075057983 => 0.2400978058576584
ACC! n => name prob: 0.2400978058576584 => 0.21816709637641907
ACC! x => input prob: 0.21816709637641907 => 0.15793021023273468
ACC! s => l prob: 0.15793021023273468 => 0.15652313828468323
Example time cost:  0.02 min
ALL examples time cost:  0.42 min
Query times in this attack:  134
Greedy query times: 134
Ga query times: 0
All Query times:  2552
Success rate:  0.6060606060606061
Successful items count:  20
Total count:  33
Index:  40

ACC! case => count prob: 0.3867699205875397 => 0.17796224355697632
ACC! t => tt prob: 0.17796224355697632 => 0.1726352572441101
ACC! poss => npasses prob: 0.1726352572441101 => 0.13222818076610565
SUC! insert print(npasses) prob: 0.13222818076610565 => 0.06743080914020538
Example time cost:  0.01 min
ALL examples time cost:  0.43 min
Query times in this attack:  82
Greedy query times: 82
Ga query times: 0
All Query times:  2634
Success rate:  0.6176470588235294
Successful items count:  21
Total count:  34
Index:  41

ACC! INPUT => AINFILE prob: 0.8168848156929016 => 0.6702902913093567
ACC! self => py prob: 0.6702902913093567 => 0.643669843673706
NOACC! f => l prob: 0.643669843673706 => 0.643669843673706
ACC! max_N => max2C prob: 0.643669843673706 => 0.6371356844902039
ACC! cache => args prob: 0.6371356844902039 => 0.6126671433448792
NOACC! SQUARE_SET => SQUAR_Set prob: 0.6126671433448792 => 0.6126671433448792
ACC! i => ih prob: 0.6126671433448792 => 0.6117384433746338
NOACC! v => l prob: 0.6117384433746338 => 0.6117384433746338
ACC! key => url prob: 0.6117384433746338 => 0.5984532237052917
NOACC! T => P prob: 0.5984532237052917 => 0.5984532833099365
NOACC! MAX_N =>  MAXIDS prob: 0.5984532237052917 => 0.5984532833099365
ACC! s => comments prob: 0.5984532237052917 => 0.5902361869812012
NOACC! count => l prob: 0.5902361869812012 => 0.5902361869812012
NOACC! B => P prob: 0.5902361869812012 => 0.5902361869812012
Example time cost:  0.05 min
ALL examples time cost:  0.48 min
Query times in this attack:  301
Greedy query times: 301
Ga query times: 0
All Query times:  2935
Success rate:  0.6
Successful items count:  21
Total count:  35
Index:  42

ACC! INPUT => XFF prob: 0.7761246562004089 => 0.11273287236690521
ACC! f => file prob: 0.11273287236690521 => 0.10573543608188629
ACC! N => NA prob: 0.10573543608188629 => 0.09787464886903763
ACC! s => j prob: 0.09787464886903763 => 0.08776918053627014
NOACC! S => ss prob: 0.08776918053627014 => 0.08851535618305206
ACC! i => ui prob: 0.08776918053627014 => 0.08343745023012161
ACC! v => u prob: 0.08343745023012161 => 0.07968708872795105
ACC! T => n prob: 0.07968708872795105 => 0.07742061465978622
Example time cost:  0.03 min
ALL examples time cost:  0.51 min
Query times in this attack:  172
Greedy query times: 172
Ga query times: 0
All Query times:  3107
Success rate:  0.5833333333333334
Successful items count:  21
Total count:  36
Index:  43

Example time cost:  0.0 min
ALL examples time cost:  0.51 min
Query times in this attack:  1
Greedy query times: 1
Ga query times: 0
All Query times:  3108
Success rate:  0.5833333333333334
Successful items count:  21
Total count:  36
Index:  44

ACC! T => time prob: 0.21706484258174896 => 0.15627089142799377
ACC! i => count prob: 0.15627089142799377 => 0.14280301332473755
ACC! note => nb prob: 0.14280301332473755 => 0.1328948587179184
SUC! answer => address prob: 0.1328948587179184 => 0.13352970778942108
Example time cost:  0.01 min
ALL examples time cost:  0.52 min
Query times in this attack:  91
Greedy query times: 91
Ga query times: 0
All Query times:  3199
Success rate:  0.5945945945945946
Successful items count:  22
Total count:  37
Index:  45

ACC! NUM_PROCESSES => NUM_PRECECes prob: 0.78175288438797 => 0.7269194722175598
ACC! FILE_NAME_BASE => FILE_NAME__BASE prob: 0.7269194722175598 => 0.7041967511177063
ACC! insert print(NUM_PRECECes) prob: 0.7041967511177063 => 0.15854935348033905
NOACC! insert if False:NUM_PRECECes=NUM_PRECECes prob: 0.15854935348033905 => 0.5040937662124634
NOACC! insert while False:NUM_PRECECes=NUM_PRECECes prob: 0.15854935348033905 => 0.5040937662124634
NOACC! insert print(x) prob: 0.15854935348033905 => 0.5040937662124634
NOACC! insert if False:x=x prob: 0.15854935348033905 => 0.5040937662124634
NOACC! insert while False:x=x prob: 0.15854935348033905 => 0.5040937662124634
NOACC! insert print(c) prob: 0.15854935348033905 => 0.5040937662124634
NOACC! insert if False:c=l2 prob: 0.15854935348033905 => 0.5040937662124634
NOACC! insert while False:c=l2 prob: 0.15854935348033905 => 0.5040937662124634
NOACC! out => log prob: 0.15854935348033905 => 0.4897790253162384
NOACC! case => Case prob: 0.15854935348033905 => 0.4948417544364929
NOACC! MEM_LIMIT_GB => MEM_LIMIT_GP prob: 0.15854935348033905 => 0.4996612071990967
NOACC! insert print(_) prob: 0.15854935348033905 => 0.5040937662124634
NOACC! insert if False:_=a prob: 0.15854935348033905 => 0.5040937662124634
NOACC! insert while False:_=a prob: 0.15854935348033905 => 0.5040937662124634
NOACC! insert print(x) prob: 0.15854935348033905 => 0.5040937662124634
NOACC! insert if False:x=l2 prob: 0.15854935348033905 => 0.5040937662124634
NOACC! insert while False:x=l2 prob: 0.15854935348033905 => 0.5040937662124634
NOACC! insert print(b) prob: 0.15854935348033905 => 0.5040937662124634
NOACC! insert if False:b=x prob: 0.15854935348033905 => 0.5040937662124634
NOACC! insert while False:b=x prob: 0.15854935348033905 => 0.5040937662124634
NOACC! insert print(b) prob: 0.15854935348033905 => 0.5040937662124634
NOACC! insert if False:b=a prob: 0.15854935348033905 => 0.5040937662124634
NOACC! insert while False:b=a prob: 0.15854935348033905 => 0.5040937662124634
NOACC! insert print(RECURSION_LIMIT) prob: 0.15854935348033905 => 0.5040937662124634
NOACC! insert if False:RECURSION_LIMIT=b prob: 0.15854935348033905 => 0.5040937662124634
NOACC! insert while False:RECURSION_LIMIT=b prob: 0.15854935348033905 => 0.5040937662124634
NOACC! hard => Hard prob: 0.15854935348033905 => 0.49845197796821594
NOACC! insert print(_) prob: 0.15854935348033905 => 0.5040937662124634
NOACC! insert if False:_=c prob: 0.15854935348033905 => 0.5040937662124634
NOACC! insert while False:_=c prob: 0.15854935348033905 => 0.5040937662124634
NOACC! insert print(c) prob: 0.15854935348033905 => 0.5040937662124634
NOACC! insert if False:c=_ prob: 0.15854935348033905 => 0.5040937662124634
NOACC! insert while False:c=_ prob: 0.15854935348033905 => 0.5040937662124634
NOACC! x => python prob: 0.15854935348033905 => 0.4901874363422394
NOACC! insert print(a) prob: 0.15854935348033905 => 0.5040937662124634
NOACC! insert if False:a=RECURSION_LIMIT prob: 0.15854935348033905 => 0.5040937662124634
NOACC! insert while False:a=RECURSION_LIMIT prob: 0.15854935348033905 => 0.5040937662124634
NOACC! insert print(c) prob: 0.15854935348033905 => 0.5040937662124634
NOACC! insert if False:c=b prob: 0.15854935348033905 => 0.5040937662124634
NOACC! insert while False:c=b prob: 0.15854935348033905 => 0.5040937662124634
NOACC! insert print(_) prob: 0.15854935348033905 => 0.5040937662124634
NOACC! insert if False:_=RECURSION_LIMIT prob: 0.15854935348033905 => 0.5040937662124634
NOACC! insert while False:_=RECURSION_LIMIT prob: 0.15854935348033905 => 0.5040937662124634
NOACC! insert print(inp) prob: 0.15854935348033905 => 0.5040937662124634
NOACC! insert if False:inp=_ prob: 0.15854935348033905 => 0.5040937662124634
NOACC! insert while False:inp=_ prob: 0.15854935348033905 => 0.5040937662124634
Example time cost:  0.04 min
ALL examples time cost:  0.56 min
Query times in this attack:  203
Greedy query times: 203
Ga query times: 0
All Query times:  3402
Success rate:  0.5789473684210527
Successful items count:  22
Total count:  38
Index:  46

ACC! NUM_PROCESSES => NUM_PRECECes prob: 0.7269691824913025 => 0.5077725648880005
ACC! FILE_NAME_BASE => FILE_NAME_BERC prob: 0.5077725648880005 => 0.45252642035484314
NOACC! out => log prob: 0.45252642035484314 => 0.45252642035484314
ACC! inp => insf prob: 0.45252642035484314 => 0.4194790720939636
NOACC! results => versions prob: 0.4194790720939636 => 0.4194790720939636
SUC! insert print(NUM_PRECECes) prob: 0.4194790720939636 => 0.0649649128317833
Example time cost:  0.02 min
ALL examples time cost:  0.58 min
Query times in this attack:  123
Greedy query times: 123
Ga query times: 0
All Query times:  3525
Success rate:  0.5897435897435898
Successful items count:  23
Total count:  39
Index:  47

ACC! infile => INhandle prob: 0.7467042207717896 => 0.5425497889518738
ACC! NumCases => NumCase prob: 0.5425497889518738 => 0.30207559466362
ACC! self => false prob: 0.30207559466362 => 0.26476821303367615
SUC! insert print(cn) prob: 0.26476821303367615 => 0.054781168699264526
Example time cost:  0.02 min
ALL examples time cost:  0.6 min
Query times in this attack:  84
Greedy query times: 84
Ga query times: 0
All Query times:  3609
Success rate:  0.6
Successful items count:  24
Total count:  40
Index:  48

SUC! NumCases => numcases prob: 0.6630454063415527 => 0.22178125381469727
Example time cost:  0.01 min
ALL examples time cost:  0.61 min
Query times in this attack:  33
Greedy query times: 33
Ga query times: 0
All Query times:  3642
Success rate:  0.6097560975609756
Successful items count:  25
Total count:  41
Index:  49

ACC! square => image prob: 0.599080502986908 => 0.5887238383293152
ACC! i => uri prob: 0.5887238383293152 => 0.5116533637046814
ACC! p => api prob: 0.5116533637046814 => 0.49092307686805725
ACC! insert print(lines) prob: 0.49092307686805725 => 0.31058916449546814
ACC! insert if False:lines=lines prob: 0.31058916449546814 => 0.13416394591331482
NOACC! insert while False:lines=lines prob: 0.13416394591331482 => 0.13416394591331482
ACC! case => key prob: 0.13416394591331482 => 0.09475705027580261
ACC! insert print(uri) prob: 0.09475705027580261 => 0.0947568267583847
NOACC! insert if False:uri=lines prob: 0.0947568267583847 => 0.09604549407958984
NOACC! insert while False:uri=lines prob: 0.0947568267583847 => 0.09604549407958984
ACC! answer => Answer prob: 0.0947568267583847 => 0.07950980961322784
ACC! c => call prob: 0.07950980961322784 => 0.07572490721940994
ACC! big_p => bigPsp prob: 0.07572490721940994 => 0.07257144153118134
ACC! small_p => small33P prob: 0.07257144153118134 => 0.07016021758317947
ACC! lines_used => cases_created prob: 0.07016021758317947 => 0.063642218708992
NOACC! insert print(uri) prob: 0.063642218708992 => 0.06364233046770096
NOACC! insert if False:uri=key prob: 0.063642218708992 => 0.06364233046770096
NOACC! insert while False:uri=key prob: 0.063642218708992 => 0.06364233046770096
Example time cost:  0.03 min
ALL examples time cost:  0.64 min
Query times in this attack:  193
Greedy query times: 193
Ga query times: 0
All Query times:  3835
Success rate:  0.5952380952380952
Successful items count:  25
Total count:  42
Index:  50

ACC! self => utils prob: 0.6475345492362976 => 0.5826407670974731
NOACC! num => exp prob: 0.5826407670974731 => 0.5826407670974731
ACC! caseNumber => catchNo prob: 0.5826407670974731 => 0.5526696443557739
NOACC! stdout => stdouts prob: 0.5526696443557739 => 0.5526696443557739
ACC! cls => pls prob: 0.5526696443557739 => 0.5239939093589783
NOACC! nCases =>  nScased prob: 0.5239939093589783 => 0.5239939093589783
NOACC! counter => step prob: 0.5239939093589783 => 0.5239939093589783
ACC! resultData => errorInfo prob: 0.5239939093589783 => 0.5159350037574768
ACC! caseData => testdata prob: 0.5159350037574768 => 0.47194457054138184
NOACC! sys => exc prob: 0.47194457054138184 => 0.4719446301460266
ACC! number => figure prob: 0.47194457054138184 => 0.4424324631690979
NOACC! framework => support prob: 0.4424324631690979 => 0.4424324631690979
NOACC! c => exc prob: 0.4424324631690979 => 0.4424324631690979
ACC! result => comment prob: 0.4424324631690979 => 0.4255031943321228
Example time cost:  0.06 min
ALL examples time cost:  0.7 min
Query times in this attack:  299
Greedy query times: 299
Ga query times: 0
All Query times:  4134
Success rate:  0.5813953488372093
Successful items count:  25
Total count:  43
Index:  51

ACC! s => request prob: 0.5424764752388 => 0.4883910119533539
ACC! all_fair_and_square => all_fair_with_private prob: 0.4883910119533539 => 0.4773937463760376
ACC! num => NUM prob: 0.4773937463760376 => 0.4542700946331024
NOACC! count => type prob: 0.4542700946331024 => 0.4550527036190033
ACC! b => pb prob: 0.4542700946331024 => 0.4423969089984894
ACC! a => A prob: 0.4423969089984894 => 0.43364834785461426
Example time cost:  0.02 min
ALL examples time cost:  0.72 min
Query times in this attack:  125
Greedy query times: 125
Ga query times: 0
All Query times:  4259
Success rate:  0.5681818181818182
Successful items count:  25
Total count:  44
Index:  52

ACC! inputparams => parambase prob: 0.4186534583568573 => 0.28742676973342896
ACC! i => python prob: 0.28742676973342896 => 0.20731285214424133
SUC! validcount => testinglength prob: 0.20731285214424133 => 0.18499508500099182
Example time cost:  0.01 min
ALL examples time cost:  0.73 min
Query times in this attack:  72
Greedy query times: 72
Ga query times: 0
All Query times:  4331
Success rate:  0.5777777777777777
Successful items count:  26
Total count:  45
Index:  53

ACC! fairsquares => fairssquakes prob: 0.4029562473297119 => 0.3369468152523041
ACC! T => type prob: 0.3369468152523041 => 0.27301740646362305
ACC! middle => nr prob: 0.27301740646362305 => 0.2437150627374649
ACC! x => xxx prob: 0.2437150627374649 => 0.23231616616249084
ACC! A => Na prob: 0.23231616616249084 => 0.20554588735103607
NOACC! right => inner prob: 0.20554588735103607 => 0.20951800048351288
ACC! B =>  b prob: 0.20554588735103607 => 0.157496839761734
SUC! insert print(fairssquakes) prob: 0.157496839761734 => 0.0680226981639862
Example time cost:  0.02 min
ALL examples time cost:  0.75 min
Query times in this attack:  158
Greedy query times: 158
Ga query times: 0
All Query times:  4489
Success rate:  0.5869565217391305
Successful items count:  27
Total count:  46
Index:  54

ACC! insert print(i) prob: 0.32739895582199097 => 0.3265880346298218
NOACC! insert if False:i=T prob: 0.3265880346298218 => 0.5082532167434692
NOACC! insert while False:i=T prob: 0.3265880346298218 => 0.5029365420341492
NOACC! insert print(values) prob: 0.3265880346298218 => 0.49143731594085693
NOACC! insert if False:values=p prob: 0.3265880346298218 => 0.4998932182788849
NOACC! insert while False:values=p prob: 0.3265880346298218 => 0.49727627635002136
NOACC! T => n prob: 0.3265880346298218 => 0.3994876444339752
NOACC! insert print(_N) prob: 0.3265880346298218 => 0.49784189462661743
NOACC! insert if False:_N=S prob: 0.3265880346298218 => 0.5127915740013123
NOACC! insert while False:_N=S prob: 0.3265880346298218 => 0.5057782530784607
NOACC! i => cli prob: 0.3265880346298218 => 0.42966964840888977
NOACC! insert print(_N) prob: 0.3265880346298218 => 0.49784189462661743
NOACC! insert if False:_N=p prob: 0.3265880346298218 => 0.49903568625450134
NOACC! insert while False:_N=p prob: 0.3265880346298218 => 0.49228522181510925
NOACC! _N => _C prob: 0.3265880346298218 => 0.5180738568305969
NOACC! t => type prob: 0.3265880346298218 => 0.5104438662528992
Example time cost:  0.01 min
ALL examples time cost:  0.77 min
Query times in this attack:  86
Greedy query times: 86
Ga query times: 0
All Query times:  4575
Success rate:  0.574468085106383
Successful items count:  27
Total count:  47
Index:  55

Example time cost:  0.0 min
ALL examples time cost:  0.77 min
Query times in this attack:  1
Greedy query times: 1
Ga query times: 0
All Query times:  4576
Success rate:  0.574468085106383
Successful items count:  27
Total count:  47
Index:  56

ACC! insert print(f) prob: 0.5827808380126953 => 0.3761709928512573
NOACC! insert if False:f=f prob: 0.3761709928512573 => 0.4917129874229431
NOACC! insert while False:f=f prob: 0.3761709928512573 => 0.5034753084182739
SUC! T => n prob: 0.3761709928512573 => 0.24922463297843933
Example time cost:  0.01 min
ALL examples time cost:  0.77 min
Query times in this attack:  35
Greedy query times: 35
Ga query times: 0
All Query times:  4611
Success rate:  0.5833333333333334
Successful items count:  28
Total count:  48
Index:  57

ACC! outfile => offfolder prob: 0.2810800075531006 => 0.19235841929912567
SUC! inF => inB prob: 0.19235841929912567 => 0.17170405387878418
Example time cost:  0.01 min
ALL examples time cost:  0.78 min
Query times in this attack:  55
Greedy query times: 55
Ga query times: 0
All Query times:  4666
Success rate:  0.5918367346938775
Successful items count:  29
Total count:  49
Index:  58

ACC! outfile => infilename prob: 0.7150207161903381 => 0.6929075121879578
SUC! insert print(init) prob: 0.6929075121879578 => 0.06452367454767227
Example time cost:  0.01 min
ALL examples time cost:  0.79 min
Query times in this attack:  49
Greedy query times: 49
Ga query times: 0
All Query times:  4715
Success rate:  0.6
Successful items count:  30
Total count:  50
Index:  59

ACC! testcase => trainCase prob: 0.7865927219390869 => 0.7451121211051941
ACC! infile => outFile prob: 0.7451121211051941 => 0.7119253277778625
ACC! C => Can prob: 0.7119253277778625 => 0.7079044580459595
NOACC! common => small prob: 0.7079044580459595 => 0.7079044580459595
ACC! P => Point prob: 0.7079044580459595 => 0.6963962912559509
ACC! x => data prob: 0.6963962912559509 => 0.6860096454620361
ACC! T => Te prob: 0.6860096454620361 => 0.681939959526062
ACC! I => MI prob: 0.681939959526062 => 0.6786531805992126
ACC! low => scale prob: 0.6786531805992126 => 0.6771597266197205
ACC! high => null prob: 0.6771597266197205 => 0.6765256524085999
NOACC! t => l prob: 0.6765256524085999 => 0.6765256524085999
ACC! N => G prob: 0.6765256524085999 => 0.6724150776863098
ACC! S => U prob: 0.6724150776863098 => 0.6667137145996094
NOACC! i => r prob: 0.6667137145996094 => 0.6672918796539307
Example time cost:  0.05 min
ALL examples time cost:  0.84 min
Query times in this attack:  299
Greedy query times: 299
Ga query times: 0
All Query times:  5014
Success rate:  0.5882352941176471
Successful items count:  30
Total count:  51
Index:  60

ACC! testcase => serverpath prob: 0.7894147038459778 => 0.7536388635635376
ACC! P => pressure prob: 0.7536388635635376 => 0.7514005303382874
ACC! infile => inputclass prob: 0.7514005303382874 => 0.6817709803581238
ACC! self => function prob: 0.6817709803581238 => 0.6720007061958313
ACC! T => WT prob: 0.6720007061958313 => 0.6694979071617126
ACC! cache => config prob: 0.6694979071617126 => 0.6671318411827087
ACC! G => GA prob: 0.6671318411827087 => 0.6611675024032593
ACC! r => rx prob: 0.6611675024032593 => 0.6583963632583618
ACC! S => SG prob: 0.6583963632583618 => 0.6537288427352905
ACC! s => rl prob: 0.6537288427352905 => 0.6483960151672363
Example time cost:  0.03 min
ALL examples time cost:  0.87 min
Query times in this attack:  215
Greedy query times: 215
Ga query times: 0
All Query times:  5229
Success rate:  0.5769230769230769
Successful items count:  30
Total count:  52
Index:  61

ACC! result => data prob: 0.21902325749397278 => 0.19174900650978088
SUC! insert print(n) prob: 0.19174900650978088 => 0.06332745403051376
Example time cost:  0.0 min
ALL examples time cost:  0.88 min
Query times in this attack:  30
Greedy query times: 30
Ga query times: 0
All Query times:  5259
Success rate:  0.5849056603773585
Successful items count:  31
Total count:  53
Index:  62

Example time cost:  0.0 min
ALL examples time cost:  0.88 min
Query times in this attack:  1
Greedy query times: 1
Ga query times: 0
All Query times:  5260
Success rate:  0.5849056603773585
Successful items count:  31
Total count:  53
Index:  63

ACC! range_ => resource1 prob: 0.7767751812934875 => 0.7748191952705383
NOACC! root => alpha prob: 0.7748191952705383 => 0.7749079465866089
NOACC! i => id prob: 0.7748191952705383 => 0.7749184370040894
ACC! count_ =>  count2 prob: 0.7748191952705383 => 0.7743679285049438
ACC! word => byte prob: 0.7743679285049438 => 0.7727668285369873
ACC! isPalin => isMargin prob: 0.7727668285369873 => 0.7718408703804016
ACC! start => case prob: 0.7718408703804016 => 0.7708744406700134
ACC! end => open prob: 0.7708744406700134 => 0.7692175507545471
ACC! f_half => ssOsize prob: 0.7692175507545471 => 0.7681849002838135
NOACC! output_str => output_string prob: 0.7681849002838135 => 0.7681849002838135
Example time cost:  0.03 min
ALL examples time cost:  0.91 min
Query times in this attack:  210
Greedy query times: 210
Ga query times: 0
All Query times:  5470
Success rate:  0.5740740740740741
Successful items count:  31
Total count:  54
Index:  64

ACC! g => cfg prob: 0.780484676361084 => 0.7787266969680786
ACC! i => l prob: 0.7787266969680786 => 0.7786272168159485
NOACC! f => exp prob: 0.7786272168159485 => 0.7786272168159485
NOACC! sur_equ => Sur_qu prob: 0.7786272168159485 => 0.7786272764205933
ACC! t => time prob: 0.7786272168159485 => 0.7774883508682251
ACC! indcies => investcies prob: 0.7774883508682251 => 0.7773187160491943
NOACC! sur_count => sur_sum prob: 0.7773187160491943 => 0.7773187756538391
ACC! o => lo prob: 0.7773187160491943 => 0.7773185968399048
NOACC! info => ip prob: 0.7773185968399048 => 0.7773187160491943
NOACC! noSu =>  Nosu prob: 0.7773185968399048 => 0.7773187160491943
NOACC! d => l prob: 0.7773185968399048 => 0.7773185968399048
NOACC! count => size prob: 0.7773185968399048 => 0.7773187160491943
NOACC! N => P prob: 0.7773185968399048 => 0.7773187160491943
NOACC! googlers => moogling prob: 0.7773185968399048 => 0.7773187160491943
Example time cost:  0.05 min
ALL examples time cost:  0.96 min
Query times in this attack:  286
Greedy query times: 286
Ga query times: 0
All Query times:  5756
Success rate:  0.5636363636363636
Successful items count:  31
Total count:  55
Index:  65

ACC! T => t prob: 0.5580080151557922 => 0.5034911036491394
ACC! x => xxx prob: 0.5034911036491394 => 0.5000786781311035
ACC! A => Input prob: 0.5000786781311035 => 0.46162140369415283
Example time cost:  0.01 min
ALL examples time cost:  0.97 min
Query times in this attack:  68
Greedy query times: 68
Ga query times: 0
All Query times:  5824
Success rate:  0.5535714285714286
Successful items count:  31
Total count:  56
Index:  66

SUC! insert print(a) prob: 0.5650548934936523 => 0.0771649181842804
Example time cost:  0.0 min
ALL examples time cost:  0.97 min
Query times in this attack:  14
Greedy query times: 14
Ga query times: 0
All Query times:  5838
Success rate:  0.5614035087719298
Successful items count:  32
Total count:  57
Index:  67

ACC! word => line prob: 0.7694034576416016 => 0.7689562439918518
ACC! root => term prob: 0.7689562439918518 => 0.7686084508895874
ACC! count => max prob: 0.7686084508895874 => 0.7684954404830933
ACC! x =>  X prob: 0.7684954404830933 => 0.7251852750778198
ACC! B_root =>  B_Root prob: 0.7251852750778198 => 0.7205490469932556
NOACC! A => Na prob: 0.7205490469932556 => 0.7216518521308899
Example time cost:  0.02 min
ALL examples time cost:  0.99 min
Query times in this attack:  126
Greedy query times: 126
Ga query times: 0
All Query times:  5964
Success rate:  0.5517241379310345
Successful items count:  32
Total count:  58
Index:  68

ACC! t => ct prob: 0.7688717246055603 => 0.7680986523628235
ACC! count => size prob: 0.7680986523628235 => 0.767794132232666
Example time cost:  0.01 min
ALL examples time cost:  1.0 min
Query times in this attack:  49
Greedy query times: 49
Ga query times: 0
All Query times:  6013
Success rate:  0.5423728813559322
Successful items count:  32
Total count:  59
Index:  69

Example time cost:  0.0 min
ALL examples time cost:  1.0 min
Query times in this attack:  1
Greedy query times: 1
Ga query times: 0
All Query times:  6014
Success rate:  0.5423728813559322
Successful items count:  32
Total count:  59
Index:  70

ACC! f => folder prob: 0.22799846529960632 => 0.14028418064117432
ACC! caseI => caseID prob: 0.14028418064117432 => 0.1198660358786583
ACC! points => P prob: 0.1198660358786583 => 0.10452689975500107
ACC! either => error prob: 0.10452689975500107 => 0.10247082263231277
ACC! p => r prob: 0.10247082263231277 => 0.10147055238485336
SUC! surprise => curvey prob: 0.10147055238485336 => 0.0844155102968216
Example time cost:  0.02 min
ALL examples time cost:  1.02 min
Query times in this attack:  133
Greedy query times: 133
Ga query times: 0
All Query times:  6147
Success rate:  0.55
Successful items count:  33
Total count:  60
Index:  71

Example time cost:  0.0 min
ALL examples time cost:  1.02 min
Query times in this attack:  1
Greedy query times: 1
Ga query times: 0
All Query times:  6148
Success rate:  0.55
Successful items count:  33
Total count:  60
Index:  72

ACC! elems => Elemas prob: 0.7538449764251709 => 0.748936116695404
Example time cost:  0.0 min
ALL examples time cost:  1.02 min
Query times in this attack:  24
Greedy query times: 24
Ga query times: 0
All Query times:  6172
Success rate:  0.5409836065573771
Successful items count:  33
Total count:  61
Index:  73

ACC! case => phone prob: 0.7787537574768066 => 0.7778791189193726
ACC! n => np prob: 0.7778791189193726 => 0.7771502733230591
NOACC! flags => fires prob: 0.7771502733230591 => 0.7771502733230591
NOACC! array => address prob: 0.7771502733230591 => 0.7771502733230591
Example time cost:  0.02 min
ALL examples time cost:  1.04 min
Query times in this attack:  94
Greedy query times: 94
Ga query times: 0
All Query times:  6266
Success rate:  0.532258064516129
Successful items count:  33
Total count:  62
Index:  74

Example time cost:  0.0 min
ALL examples time cost:  1.05 min
Query times in this attack:  1
Greedy query times: 1
Ga query times: 0
All Query times:  6267
Success rate:  0.532258064516129
Successful items count:  33
Total count:  62
Index:  75

ACC! i => input prob: 0.6627362966537476 => 0.6512091755867004
ACC! insert print(n) prob: 0.6512091755867004 => 0.2652985453605652
NOACC! insert if False:n=S prob: 0.2652985453605652 => 0.6746119260787964
NOACC! insert while False:n=S prob: 0.2652985453605652 => 0.6742410659790039
NOACC! ANS => POS prob: 0.2652985453605652 => 0.6336390972137451
NOACC! B => Bs prob: 0.2652985453605652 => 0.6410227417945862
NOACC! insert print(T) prob: 0.2652985453605652 => 0.677924633026123
NOACC! insert if False:T=A prob: 0.2652985453605652 => 0.6754506230354309
NOACC! insert while False:T=A prob: 0.2652985453605652 => 0.6748275756835938
NOACC! insert print(ANS) prob: 0.2652985453605652 => 0.675050675868988
NOACC! insert if False:ANS=N prob: 0.2652985453605652 => 0.6739124059677124
NOACC! insert while False:ANS=N prob: 0.2652985453605652 => 0.6731019616127014
NOACC! insert print(LIST) prob: 0.2652985453605652 => 0.6744915246963501
NOACC! insert if False:LIST=A prob: 0.2652985453605652 => 0.6738157868385315
NOACC! insert while False:LIST=A prob: 0.2652985453605652 => 0.6736777424812317
NOACC! insert print(N) prob: 0.2652985453605652 => 0.6764551401138306
NOACC! insert if False:N=LIM prob: 0.2652985453605652 => 0.675744354724884
NOACC! insert while False:N=LIM prob: 0.2652985453605652 => 0.6747384071350098
NOACC! insert print(A) prob: 0.2652985453605652 => 0.6780520677566528
NOACC! insert if False:A=A prob: 0.2652985453605652 => 0.6767998337745667
NOACC! insert while False:A=A prob: 0.2652985453605652 => 0.6757785677909851
NOACC! N => SIZE prob: 0.2652985453605652 => 0.615672767162323
NOACC! insert print(n) prob: 0.2652985453605652 => 0.6758812665939331
NOACC! insert if False:n=A prob: 0.2652985453605652 => 0.6763431429862976
NOACC! insert while False:n=A prob: 0.2652985453605652 => 0.6753585934638977
NOACC! A => alpha prob: 0.2652985453605652 => 0.6424741744995117
Example time cost:  0.02 min
ALL examples time cost:  1.07 min
Query times in this attack:  134
Greedy query times: 134
Ga query times: 0
All Query times:  6401
Success rate:  0.5238095238095238
Successful items count:  33
Total count:  63
Index:  76

ACC! Data => Pi prob: 0.6894866824150085 => 0.6693899035453796
ACC! T => t prob: 0.6693899035453796 => 0.6622925400733948
ACC! i => phi prob: 0.6622925400733948 => 0.6253034472465515
ACC! insert print(Pi) prob: 0.6253034472465515 => 0.4207191467285156
NOACC! insert if False:Pi=Pi prob: 0.4207191467285156 => 0.6158325672149658
NOACC! insert while False:Pi=Pi prob: 0.4207191467285156 => 0.6138157248497009
NOACC! N => Z prob: 0.4207191467285156 => 0.56329345703125
NOACC! insert print(S) prob: 0.4207191467285156 => 0.6082643866539001
NOACC! insert if False:S=p prob: 0.4207191467285156 => 0.6124127507209778
NOACC! insert while False:S=p prob: 0.4207191467285156 => 0.6107989549636841
NOACC! insert print(N) prob: 0.4207191467285156 => 0.6060147285461426
NOACC! insert if False:N=Good prob: 0.4207191467285156 => 0.6121094226837158
NOACC! insert while False:N=Good prob: 0.4207191467285156 => 0.6101378798484802
Example time cost:  0.01 min
ALL examples time cost:  1.08 min
Query times in this attack:  97
Greedy query times: 97
Ga query times: 0
All Query times:  6498
Success rate:  0.515625
Successful items count:  33
Total count:  64
Index:  77

Example time cost:  0.0 min
ALL examples time cost:  1.08 min
Query times in this attack:  1
Greedy query times: 1
Ga query times: 0
All Query times:  6499
Success rate:  0.515625
Successful items count:  33
Total count:  64
Index:  78

Example time cost:  0.0 min
ALL examples time cost:  1.08 min
Query times in this attack:  1
Greedy query times: 1
Ga query times: 0
All Query times:  6500
Success rate:  0.515625
Successful items count:  33
Total count:  64
Index:  79

Example time cost:  0.0 min
ALL examples time cost:  1.08 min
Query times in this attack:  1
Greedy query times: 1
Ga query times: 0
All Query times:  6501
Success rate:  0.515625
Successful items count:  33
Total count:  64
Index:  80

Example time cost:  0.0 min
ALL examples time cost:  1.08 min
Query times in this attack:  1
Greedy query times: 1
Ga query times: 0
All Query times:  6502
Success rate:  0.515625
Successful items count:  33
Total count:  64
Index:  81

ACC! main => log prob: 0.7650755643844604 => 0.7505806684494019
ACC! start =>  end prob: 0.7505806684494019 => 0.7458019256591797
NOACC! let => alt prob: 0.7458019256591797 => 0.7487200498580933
ACC! x => shape prob: 0.7458019256591797 => 0.7445791363716125
Example time cost:  0.01 min
ALL examples time cost:  1.1 min
Query times in this attack:  88
Greedy query times: 88
Ga query times: 0
All Query times:  6590
Success rate:  0.5076923076923077
Successful items count:  33
Total count:  65
Index:  82

ACC! main => page prob: 0.7777388691902161 => 0.7546206712722778
ACC! n => span prob: 0.7546206712722778 => 0.7510616183280945
ACC! cond => xc prob: 0.7510616183280945 => 0.7483037710189819
ACC! maxScore => lastScore prob: 0.7483037710189819 => 0.7444010972976685
NOACC! tot => Tot prob: 0.7444010972976685 => 0.7445088624954224
ACC! directs => Directions prob: 0.7444010972976685 => 0.7406768798828125
ACC! solve => insolved prob: 0.7406768798828125 => 0.7240246534347534
Example time cost:  0.03 min
ALL examples time cost:  1.12 min
Query times in this attack:  151
Greedy query times: 151
Ga query times: 0
All Query times:  6741
Success rate:  0.5
Successful items count:  33
Total count:  66
Index:  83

ACC! T => size prob: 0.5842680335044861 => 0.4922347664833069
ACC! case => key prob: 0.4922347664833069 => 0.3985178470611572
ACC! ans => cons prob: 0.3985178470611572 => 0.3878290355205536
ACC! n => span prob: 0.3878290355205536 => 0.38682448863983154
SUC! insert print(k) prob: 0.38682448863983154 => 0.11101407557725906
Example time cost:  0.01 min
ALL examples time cost:  1.13 min
Query times in this attack:  95
Greedy query times: 95
Ga query times: 0
All Query times:  6836
Success rate:  0.5074626865671642
Successful items count:  34
Total count:  67
Index:  84

ACC! T => Time prob: 0.5769447088241577 => 0.36547011137008667
ACC! t => tt prob: 0.36547011137008667 => 0.27793192863464355
ACC! nice => cp prob: 0.27793192863464355 => 0.26906678080558777
NOACC! insert print(tt) prob: 0.26906678080558777 => 0.3032691776752472
ACC! insert if False:tt=Time prob: 0.26906678080558777 => 0.17746774852275848
NOACC! insert while False:tt=Time prob: 0.17746774852275848 => 0.370048850774765
NOACC! l => left prob: 0.17746774852275848 => 0.18886101245880127
NOACC! p => per prob: 0.17746774852275848 => 0.17833665013313293
NOACC! insert print(l) prob: 0.17746774852275848 => 0.372232586145401
NOACC! insert if False:l=TimeTime prob: 0.17746774852275848 => 0.36262357234954834
NOACC! insert while False:l=TimeTime prob: 0.17746774852275848 => 0.3565712571144104
NOACC! y => chi prob: 0.17746774852275848 => 0.1976790726184845
NOACC! s => se prob: 0.17746774852275848 => 0.19615282118320465
NOACC! huh =>  huc prob: 0.17746774852275848 => 0.19070982933044434
NOACC! insert print(l) prob: 0.17746774852275848 => 0.372232586145401
NOACC! insert if False:l=cp prob: 0.17746774852275848 => 0.3602139949798584
NOACC! insert while False:l=cp prob: 0.17746774852275848 => 0.3562777042388916
NOACC! insert print(cp) prob: 0.17746774852275848 => 0.3730364441871643
NOACC! insert if False:cp=y prob: 0.17746774852275848 => 0.3627575635910034
NOACC! insert while False:cp=y prob: 0.17746774852275848 => 0.35747745633125305
Example time cost:  0.03 min
ALL examples time cost:  1.16 min
Query times in this attack:  184
Greedy query times: 184
Ga query times: 0
All Query times:  7020
Success rate:  0.5
Successful items count:  34
Total count:  68
Index:  85

Example time cost:  0.0 min
ALL examples time cost:  1.16 min
Query times in this attack:  1
Greedy query times: 1
Ga query times: 0
All Query times:  7021
Success rate:  0.5
Successful items count:  34
Total count:  68
Index:  86

ACC! infile => outcomplete prob: 0.554654061794281 => 0.4317331612110138
SUC! insert print(case) prob: 0.4317331612110138 => 0.04445716738700867
Example time cost:  0.01 min
ALL examples time cost:  1.17 min
Query times in this attack:  42
Greedy query times: 42
Ga query times: 0
All Query times:  7063
Success rate:  0.5072463768115942
Successful items count:  35
Total count:  69
Index:  87

ACC! T => t prob: 0.5467050671577454 => 0.46289288997650146
SUC! insert print(num) prob: 0.46289288997650146 => 0.058642029762268066
Example time cost:  0.01 min
ALL examples time cost:  1.18 min
Query times in this attack:  32
Greedy query times: 32
Ga query times: 0
All Query times:  7095
Success rate:  0.5142857142857142
Successful items count:  36
Total count:  70
Index:  88

ACC! insert print(line) prob: 0.4284118413925171 => 0.32796743512153625
NOACC! insert if False:line=line prob: 0.32796743512153625 => 0.48606574535369873
NOACC! insert while False:line=line prob: 0.32796743512153625 => 0.48778679966926575
NOACC! p => o prob: 0.32796743512153625 => 0.4490146338939667
NOACC! N => NI prob: 0.32796743512153625 => 0.44754523038864136
NOACC! normal_min => normal_mins prob: 0.32796743512153625 => 0.45071566104888916
NOACC! S => ss prob: 0.32796743512153625 => 0.44674962759017944
NOACC! insert print(p) prob: 0.32796743512153625 => 0.4963814318180084
NOACC! insert if False:p=n prob: 0.32796743512153625 => 0.49567562341690063
NOACC! insert while False:p=n prob: 0.32796743512153625 => 0.4940462112426758
NOACC! params => shape prob: 0.32796743512153625 => 0.44025975465774536
NOACC! insert print(n) prob: 0.32796743512153625 => 0.4940197765827179
NOACC! insert if False:n=int prob: 0.32796743512153625 => 0.487550288438797
NOACC! insert while False:n=int prob: 0.32796743512153625 => 0.4865924119949341
NOACC! suprising_min => suprising_mini prob: 0.32796743512153625 => 0.4508345425128937
NOACC! clear => pres prob: 0.32796743512153625 => 0.44986793398857117
NOACC! score => y prob: 0.32796743512153625 => 0.4462675452232361
NOACC! possible => possibly prob: 0.32796743512153625 => 0.44775357842445374
NOACC! insert print(split) prob: 0.32796743512153625 => 0.4951072335243225
NOACC! insert if False:split=split prob: 0.32796743512153625 => 0.4974530339241028
NOACC! insert while False:split=split prob: 0.32796743512153625 => 0.4949193000793457
Example time cost:  0.03 min
ALL examples time cost:  1.21 min
Query times in this attack:  192
Greedy query times: 192
Ga query times: 0
All Query times:  7287
Success rate:  0.5070422535211268
Successful items count:  36
Total count:  71
Index:  89

Example time cost:  0.0 min
ALL examples time cost:  1.21 min
Query times in this attack:  1
Greedy query times: 1
Ga query times: 0
All Query times:  7288
Success rate:  0.5070422535211268
Successful items count:  36
Total count:  71
Index:  90

SUC! line => LINE prob: 0.21777236461639404 => 0.21530498564243317
Example time cost:  0.0 min
ALL examples time cost:  1.21 min
Query times in this attack:  32
Greedy query times: 32
Ga query times: 0
All Query times:  7320
Success rate:  0.5138888888888888
Successful items count:  37
Total count:  72
Index:  91

Example time cost:  0.0 min
ALL examples time cost:  1.21 min
Query times in this attack:  1
Greedy query times: 1
Ga query times: 0
All Query times:  7321
Success rate:  0.5138888888888888
Successful items count:  37
Total count:  72
Index:  92

ACC! input => command prob: 0.4473140835762024 => 0.3837276101112366
ACC! f => folder prob: 0.3837276101112366 => 0.3309997618198395
ACC! fn => source prob: 0.3309997618198395 => 0.2980715334415436
ACC! score => v prob: 0.2980715334415436 => 0.29652392864227295
ACC! _t => _task prob: 0.29652392864227295 => 0.2818852961063385
ACC! p => l prob: 0.2818852961063385 => 0.27963995933532715
ACC! ti =>  vi prob: 0.27963995933532715 => 0.2786405086517334
SUC! insert print(command) prob: 0.2786405086517334 => 0.06924502551555634
Example time cost:  0.02 min
ALL examples time cost:  1.23 min
Query times in this attack:  147
Greedy query times: 147
Ga query times: 0
All Query times:  7468
Success rate:  0.5205479452054794
Successful items count:  38
Total count:  73
Index:  93

ACC! data => frame prob: 0.5292454361915588 => 0.5046886801719666
SUC! insert print(y) prob: 0.5046886801719666 => 0.08214949071407318
Example time cost:  0.01 min
ALL examples time cost:  1.24 min
Query times in this attack:  38
Greedy query times: 38
Ga query times: 0
All Query times:  7506
Success rate:  0.527027027027027
Successful items count:  39
Total count:  74
Index:  94

ACC! CASE_PRFX => CASESPRUN prob: 0.26503127813339233 => 0.15280494093894958
ACC! OEXT => MOINTER prob: 0.15280494093894958 => 0.10877586156129837
NOACC! filename => rl prob: 0.10877586156129837 => 0.10877600312232971
NOACC! data => config prob: 0.10877586156129837 => 0.10877600312232971
SUC! insert print(MOINTER) prob: 0.10877586156129837 => 0.07952152192592621
Example time cost:  0.02 min
ALL examples time cost:  1.26 min
Query times in this attack:  98
Greedy query times: 98
Ga query times: 0
All Query times:  7604
Success rate:  0.5333333333333333
Successful items count:  40
Total count:  75
Index:  95

ACC! x => name prob: 0.7928237915039062 => 0.7920097708702087
NOACC! chosen_filename => chosing_filename prob: 0.7920097708702087 => 0.7920097708702087
ACC! insert print(directory) prob: 0.7920097708702087 => 0.5741071701049805
ACC! insert if False:directory=n prob: 0.5741071701049805 => 0.12468008697032928
NOACC! insert while False:directory=n prob: 0.12468008697032928 => 0.12468008697032928
ACC! i => ip prob: 0.12468008697032928 => 0.12358885258436203
ACC! count => key prob: 0.12358885258436203 => 0.1215645968914032
ACC! A => Case prob: 0.1215645968914032 => 0.10567467659711838
ACC! filenames => fENaves prob: 0.10567467659711838 => 0.09975286573171616
ACC! B => BF prob: 0.09975286573171616 => 0.09758985787630081
ACC! sqr => qqrr prob: 0.09758985787630081 => 0.09140653908252716
ACC! T => Test prob: 0.09140653908252716 => 0.08664938062429428
ACC! l => lines prob: 0.08664938062429428 => 0.0798785388469696
Example time cost:  0.04 min
ALL examples time cost:  1.3 min
Query times in this attack:  220
Greedy query times: 220
Ga query times: 0
All Query times:  7824
Success rate:  0.5263157894736842
Successful items count:  40
Total count:  76
Index:  96

NOACC! chosen_filename => chosing_queue prob: 0.7952172756195068 => 0.7952175140380859
ACC! insert print(f_out) prob: 0.7952172756195068 => 0.6156628131866455
SUC! insert if False:f_out=directory prob: 0.6156628131866455 => 0.09193642437458038
Example time cost:  0.01 min
ALL examples time cost:  1.31 min
Query times in this attack:  41
Greedy query times: 41
Ga query times: 0
All Query times:  7865
Success rate:  0.5324675324675324
Successful items count:  41
Total count:  77
Index:  97

ACC! case => ASE prob: 0.25906994938850403 => 0.1869736611843109
ACC! n => nn prob: 0.1869736611843109 => 0.1530774086713791
SUC! outString => OutputLine prob: 0.1530774086713791 => 0.16471311450004578
Example time cost:  0.01 min
ALL examples time cost:  1.32 min
Query times in this attack:  75
Greedy query times: 75
Ga query times: 0
All Query times:  7940
Success rate:  0.5384615384615384
Successful items count:  42
Total count:  78
Index:  98

ACC! insert print(fin) prob: 0.5119397640228271 => 0.18647249042987823
NOACC! insert if False:fin=fout prob: 0.18647249042987823 => 0.4237125515937805
NOACC! insert while False:fin=fout prob: 0.18647249042987823 => 0.42731085419654846
NOACC! insert print(line) prob: 0.18647249042987823 => 0.4233092665672302
NOACC! insert if False:line=line prob: 0.18647249042987823 => 0.43606504797935486
NOACC! insert while False:line=line prob: 0.18647249042987823 => 0.43813765048980713
NOACC! okIfSLimit => okIfSlimits prob: 0.18647249042987823 => 0.3447684049606323
NOACC! case => trial prob: 0.18647249042987823 => 0.29716745018959045
NOACC! insert print(case) prob: 0.18647249042987823 => 0.41569483280181885
NOACC! insert if False:case=S prob: 0.18647249042987823 => 0.43183019757270813
NOACC! insert while False:case=S prob: 0.18647249042987823 => 0.43603935837745667
NOACC! N => num prob: 0.18647249042987823 => 0.38070300221443176
NOACC! insert print(case) prob: 0.18647249042987823 => 0.41569483280181885
NOACC! insert if False:case=case prob: 0.18647249042987823 => 0.4341079294681549
NOACC! insert while False:case=case prob: 0.18647249042987823 => 0.4433058798313141
NOACC! insert print(S) prob: 0.18647249042987823 => 0.4194428622722626
NOACC! insert if False:S=N prob: 0.18647249042987823 => 0.4269237518310547
NOACC! insert while False:S=N prob: 0.18647249042987823 => 0.43277931213378906
NOACC! insert print(N) prob: 0.18647249042987823 => 0.4174077808856964
NOACC! insert if False:N=S prob: 0.18647249042987823 => 0.42872270941734314
NOACC! insert while False:N=S prob: 0.18647249042987823 => 0.43481579422950745
NOACC! insert print(case) prob: 0.18647249042987823 => 0.41569483280181885
NOACC! insert if False:case=N prob: 0.18647249042987823 => 0.4319806396961212
NOACC! insert while False:case=N prob: 0.18647249042987823 => 0.43692076206207275
NOACC! okLimit => joblimit prob: 0.18647249042987823 => 0.34328901767730713
NOACC! okIfS => okIFA prob: 0.18647249042987823 => 0.3469158709049225
NOACC! S => TS prob: 0.18647249042987823 => 0.3792458772659302
NOACC! insert print(N) prob: 0.18647249042987823 => 0.4174077808856964
NOACC! insert if False:N=line prob: 0.18647249042987823 => 0.4304101765155792
NOACC! insert while False:N=line prob: 0.18647249042987823 => 0.43593621253967285
Example time cost:  0.03 min
ALL examples time cost:  1.34 min
Query times in this attack:  159
Greedy query times: 159
Ga query times: 0
All Query times:  8099
Success rate:  0.5316455696202531
Successful items count:  42
Total count:  79
Index:  99

ACC! case => shape prob: 0.5425133109092712 => 0.5295867323875427
ACC! T => Time prob: 0.5295867323875427 => 0.4820171594619751
ACC! soln => Sln prob: 0.4820171594619751 => 0.4780367612838745
ACC! A => function prob: 0.4780367612838745 => 0.4739392399787903
ACC! B =>  b prob: 0.4739392399787903 => 0.4264028072357178
ACC! square => qq prob: 0.4264028072357178 => 0.3834940195083618
ACC! digits => logits prob: 0.3834940195083618 => 0.36056146025657654
Example time cost:  0.02 min
ALL examples time cost:  1.37 min
Query times in this attack:  149
Greedy query times: 149
Ga query times: 0
All Query times:  8248
Success rate:  0.525
Successful items count:  42
Total count:  80
Index:  100

SUC! insert print(scores) prob: 0.6361438632011414 => 0.21097098290920258
Example time cost:  0.0 min
ALL examples time cost:  1.37 min
Query times in this attack:  12
Greedy query times: 12
Ga query times: 0
All Query times:  8260
Success rate:  0.5308641975308642
Successful items count:  43
Total count:  81
Index:  101

Example time cost:  0.0 min
ALL examples time cost:  1.37 min
Query times in this attack:  1
Greedy query times: 1
Ga query times: 0
All Query times:  8261
Success rate:  0.5308641975308642
Successful items count:  43
Total count:  81
Index:  102

SUC! insert print(S) prob: 0.5514134168624878 => 0.1455579400062561
Example time cost:  0.0 min
ALL examples time cost:  1.37 min
Query times in this attack:  21
Greedy query times: 21
Ga query times: 0
All Query times:  8282
Success rate:  0.5365853658536586
Successful items count:  44
Total count:  82
Index:  103

ACC! case_number => casedaytext prob: 0.6639995574951172 => 0.4502689242362976
ACC! r => range prob: 0.4502689242362976 => 0.40423014760017395
ACC! total_cases => total00times prob: 0.40423014760017395 => 0.21177756786346436
ACC! root => fw prob: 0.21177756786346436 => 0.1901828497648239
ACC! x => image prob: 0.1901828497648239 => 0.18282566964626312
SUC! insert print(candidate) prob: 0.18282566964626312 => 0.06238459423184395
Example time cost:  0.02 min
ALL examples time cost:  1.39 min
Query times in this attack:  111
Greedy query times: 111
Ga query times: 0
All Query times:  8393
Success rate:  0.5421686746987951
Successful items count:  45
Total count:  83
Index:  104

ACC! case_number => line__numbered prob: 0.6683205366134644 => 0.5784885287284851
SUC! insert print(mod_plus_conv_with_s) prob: 0.5784885287284851 => 0.12690024077892303
Example time cost:  0.01 min
ALL examples time cost:  1.4 min
Query times in this attack:  33
Greedy query times: 33
Ga query times: 0
All Query times:  8426
Success rate:  0.5476190476190477
Successful items count:  46
Total count:  84
Index:  105

SUC! insert print(i) prob: 0.5030272006988525 => 0.1500924825668335
Example time cost:  0.0 min
ALL examples time cost:  1.4 min
Query times in this attack:  14
Greedy query times: 14
Ga query times: 0
All Query times:  8440
Success rate:  0.5529411764705883
Successful items count:  47
Total count:  85
Index:  106

Example time cost:  0.0 min
ALL examples time cost:  1.4 min
Query times in this attack:  1
Greedy query times: 1
Ga query times: 0
All Query times:  8441
Success rate:  0.5529411764705883
Successful items count:  47
Total count:  85
Index:  107

ACC! n => name prob: 0.6006727814674377 => 0.5800675749778748
SUC! insert print(l) prob: 0.5800675749778748 => 0.07338883727788925
Example time cost:  0.0 min
ALL examples time cost:  1.4 min
Query times in this attack:  32
Greedy query times: 32
Ga query times: 0
All Query times:  8473
Success rate:  0.5581395348837209
Successful items count:  48
Total count:  86
Index:  108

ACC! i => uri prob: 0.5792216658592224 => 0.4500006437301636
ACC! insert print(ts) prob: 0.4500006437301636 => 0.08146531879901886
NOACC! insert if False:ts=p prob: 0.08146531879901886 => 0.46275174617767334
NOACC! insert while False:ts=p prob: 0.08146531879901886 => 0.4620096683502197
NOACC! line => LINE prob: 0.08146531879901886 => 0.44161224365234375
NOACC! a => A prob: 0.08146531879901886 => 0.4410736560821533
NOACC! r => n prob: 0.08146531879901886 => 0.43984460830688477
NOACC! result => cur prob: 0.08146531879901886 => 0.44161227345466614
NOACC! p => pot prob: 0.08146531879901886 => 0.43482476472854614
NOACC! u => SU prob: 0.08146531879901886 => 0.43353503942489624
Example time cost:  0.02 min
ALL examples time cost:  1.43 min
Query times in this attack:  156
Greedy query times: 156
Ga query times: 0
All Query times:  8629
Success rate:  0.5517241379310345
Successful items count:  48
Total count:  87
Index:  109

SUC! insert print(s) prob: 0.42357969284057617 => 0.10899645835161209
Example time cost:  0.0 min
ALL examples time cost:  1.43 min
Query times in this attack:  18
Greedy query times: 18
Ga query times: 0
All Query times:  8647
Success rate:  0.5568181818181818
Successful items count:  49
Total count:  88
Index:  110

ACC! fn => txt prob: 0.5009571313858032 => 0.45485377311706543
ACC! f => uf prob: 0.45485377311706543 => 0.3740147352218628
ACC! t => size prob: 0.3740147352218628 => 0.36367931962013245
ACC! if_surprising => if_simessing prob: 0.36367931962013245 => 0.36224958300590515
ACC! p => v prob: 0.36224958300590515 => 0.35712024569511414
ACC! is_surprising => is_suppprises prob: 0.35712024569511414 => 0.35616961121559143
ACC! not_surprising => not_serprises prob: 0.35616961121559143 => 0.353801965713501
ACC! x => inf prob: 0.353801965713501 => 0.3531035780906677
Example time cost:  0.03 min
ALL examples time cost:  1.46 min
Query times in this attack:  175
Greedy query times: 175
Ga query times: 0
All Query times:  8822
Success rate:  0.550561797752809
Successful items count:  49
Total count:  89
Index:  111

NOACC! result => new prob: 0.53121018409729 => 0.5312105417251587
ACC! line => page prob: 0.53121018409729 => 0.5268034934997559
ACC! backHalf => backPart prob: 0.5268034934997559 => 0.5239998698234558
ACC! frontHalf => bottomMade prob: 0.5239998698234558 => 0.5225585103034973
ACC! n => np prob: 0.5225585103034973 => 0.520200788974762
ACC! l => wl prob: 0.520200788974762 => 0.5155012607574463
Example time cost:  0.02 min
ALL examples time cost:  1.48 min
Query times in this attack:  137
Greedy query times: 137
Ga query times: 0
All Query times:  8959
Success rate:  0.5444444444444444
Successful items count:  49
Total count:  90
Index:  112

ACC! filename => url prob: 0.45740649104118347 => 0.37186163663864136
NOACC! tests => features prob: 0.37186163663864136 => 0.395020067691803
ACC! S => Sign prob: 0.37186163663864136 => 0.3672112822532654
ACC! p => pressure prob: 0.3672112822532654 => 0.36174529790878296
NOACC! points => windows prob: 0.36174529790878296 => 0.36174529790878296
NOACC! avg => afge prob: 0.36174529790878296 => 0.36174529790878296
ACC! retval => reteval prob: 0.36174529790878296 => 0.27734842896461487
NOACC! surps => surples prob: 0.27734842896461487 => 0.27734842896461487
NOACC! triplets => dipps prob: 0.27734842896461487 => 0.27734842896461487
ACC! t => target prob: 0.27734842896461487 => 0.269216924905777
ACC! j => section prob: 0.269216924905777 => 0.26660779118537903
NOACC! unsurps => untype prob: 0.26660779118537903 => 0.26660779118537903
ACC! N => Size prob: 0.26660779118537903 => 0.2611168324947357
NOACC! s => l prob: 0.2611168324947357 => 0.2611168324947357
ACC! parts => format prob: 0.2611168324947357 => 0.25362566113471985
ACC! T => TE prob: 0.25362566113471985 => 0.23399294912815094
Example time cost:  0.07 min
ALL examples time cost:  1.55 min
Query times in this attack:  344
Greedy query times: 344
Ga query times: 0
All Query times:  9303
Success rate:  0.5384615384615384
Successful items count:  49
Total count:  91
Index:  113

ACC! tCase => tmStep prob: 0.6063274145126343 => 0.311472624540329
ACC! self => g prob: 0.311472624540329 => 0.2515730559825897
Example time cost:  0.01 min
ALL examples time cost:  1.56 min
Query times in this attack:  53
Greedy query times: 53
Ga query times: 0
All Query times:  9356
Success rate:  0.532608695652174
Successful items count:  49
Total count:  92
Index:  114

ACC! realT => regularTime prob: 0.5414733290672302 => 0.5279970765113831
SUC! insert print(frases) prob: 0.5279970765113831 => 0.1128191351890564
Example time cost:  0.01 min
ALL examples time cost:  1.56 min
Query times in this attack:  37
Greedy query times: 37
Ga query times: 0
All Query times:  9393
Success rate:  0.5376344086021505
Successful items count:  50
Total count:  93
Index:  115

Example time cost:  0.0 min
ALL examples time cost:  1.56 min
Query times in this attack:  1
Greedy query times: 1
Ga query times: 0
All Query times:  9394
Success rate:  0.5376344086021505
Successful items count:  50
Total count:  93
Index:  116

SUC! insert print(t) prob: 0.5362371802330017 => 0.05529261380434036
Example time cost:  0.0 min
ALL examples time cost:  1.57 min
Query times in this attack:  14
Greedy query times: 14
Ga query times: 0
All Query times:  9408
Success rate:  0.5425531914893617
Successful items count:  51
Total count:  94
Index:  117

ACC! count => name prob: 0.38114139437675476 => 0.33580005168914795
SUC! lst => LST prob: 0.33580005168914795 => 0.1137012392282486
Example time cost:  0.01 min
ALL examples time cost:  1.57 min
Query times in this attack:  54
Greedy query times: 54
Ga query times: 0
All Query times:  9462
Success rate:  0.5473684210526316
Successful items count:  52
Total count:  95
Index:  118

ACC! insert print(f) prob: 0.713318943977356 => 0.6733107566833496
SUC! insert if False:f=fileName prob: 0.6733107566833496 => 0.09915098547935486
Example time cost:  0.0 min
ALL examples time cost:  1.58 min
Query times in this attack:  19
Greedy query times: 19
Ga query times: 0
All Query times:  9481
Success rate:  0.5520833333333334
Successful items count:  53
Total count:  96
Index:  119

ACC! solver => Solution prob: 0.7628517150878906 => 0.7462105751037598
ACC! in_fn => out_filename prob: 0.7462105751037598 => 0.7422994375228882
ACC! case => ce prob: 0.7422994375228882 => 0.7422635555267334
ACC! out_fn => outFilefn prob: 0.7422635555267334 => 0.7231554388999939
ACC! insert print(b) prob: 0.7231554388999939 => 0.3402204215526581
NOACC! insert if False:b=f prob: 0.3402204215526581 => 0.6326273083686829
NOACC! insert while False:b=f prob: 0.3402204215526581 => 0.6326273083686829
NOACC! insert print(A) prob: 0.3402204215526581 => 0.6326273083686829
NOACC! insert if False:A=B prob: 0.3402204215526581 => 0.6326273083686829
NOACC! insert while False:A=B prob: 0.3402204215526581 => 0.6326273083686829
NOACC! res => Results prob: 0.3402204215526581 => 0.6154741644859314
NOACC! R => array prob: 0.3402204215526581 => 0.6274203062057495
NOACC! insert print(f) prob: 0.3402204215526581 => 0.6326273083686829
NOACC! insert if False:f=out_filename prob: 0.3402204215526581 => 0.6326273083686829
NOACC! insert while False:f=out_filename prob: 0.3402204215526581 => 0.6326273083686829
NOACC! f => file prob: 0.3402204215526581 => 0.44108298420906067
NOACC! s => small prob: 0.3402204215526581 => 0.6326273083686829
NOACC! insert print(out_filename) prob: 0.3402204215526581 => 0.6326273083686829
NOACC! insert if False:out_filename=A prob: 0.3402204215526581 => 0.6326273083686829
NOACC! insert while False:out_filename=A prob: 0.3402204215526581 => 0.6326273083686829
NOACC! c => l prob: 0.3402204215526581 => 0.6326273083686829
NOACC! insert print(n) prob: 0.3402204215526581 => 0.6326273083686829
NOACC! insert if False:n=b prob: 0.3402204215526581 => 0.6326273083686829
NOACC! insert while False:n=b prob: 0.3402204215526581 => 0.6326273083686829
NOACC! B => P prob: 0.3402204215526581 => 0.6326273083686829
NOACC! insert print(b) prob: 0.3402204215526581 => 0.6326273083686829
NOACC! insert if False:b=x prob: 0.3402204215526581 => 0.6326273083686829
NOACC! insert while False:b=x prob: 0.3402204215526581 => 0.6326273083686829
NOACC! n => l prob: 0.3402204215526581 => 0.6326273083686829
Example time cost:  0.05 min
ALL examples time cost:  1.63 min
Query times in this attack:  259
Greedy query times: 259
Ga query times: 0
All Query times:  9740
Success rate:  0.5463917525773195
Successful items count:  53
Total count:  97
Index:  120

ACC! __prob__ => __proc__ prob: 0.6543532013893127 => 0.6335473656654358
ACC! f => fit prob: 0.6335473656654358 => 0.5708852410316467
ACC! __path__ => __file_ prob: 0.5708852410316467 => 0.5445093512535095
ACC! __file__ =>  __file___ prob: 0.5445093512535095 => 0.531923234462738
NOACC! append => include prob: 0.531923234462738 => 0.5319234728813171
SUC! insert print(argv) prob: 0.531923234462738 => 0.1949215531349182
Example time cost:  0.03 min
ALL examples time cost:  1.66 min
Query times in this attack:  113
Greedy query times: 113
Ga query times: 0
All Query times:  9853
Success rate:  0.5510204081632653
Successful items count:  54
Total count:  98
Index:  121

ACC! case => Case prob: 0.641484797000885 => 0.6267920732498169
ACC! x => xml prob: 0.6267920732498169 => 0.46055111289024353
ACC! t => port prob: 0.46055111289024353 => 0.3634378910064697
ACC! cantidad =>  captity prob: 0.3634378910064697 => 0.3483102023601532
ACC! a => api prob: 0.3483102023601532 => 0.3087035119533539
ACC! b => min prob: 0.3087035119533539 => 0.29340675473213196
NOACC! max => n prob: 0.29340675473213196 => 0.29502493143081665
Example time cost:  0.02 min
ALL examples time cost:  1.68 min
Query times in this attack:  149
Greedy query times: 149
Ga query times: 0
All Query times:  10002
Success rate:  0.5454545454545454
Successful items count:  54
Total count:  99
Index:  122

ACC! t => T prob: 0.6385737657546997 => 0.6056660413742065
ACC! line => input prob: 0.6056660413742065 => 0.5787182450294495
ACC! total => scale prob: 0.5787182450294495 => 0.5738641619682312
ACC! i => ui prob: 0.5738641619682312 => 0.5453709959983826
ACC! s => resses prob: 0.5453709959983826 => 0.5299111008644104
SUC! insert print(max) prob: 0.5299111008644104 => 0.09430436044931412
Example time cost:  0.02 min
ALL examples time cost:  1.69 min
Query times in this attack:  111
Greedy query times: 111
Ga query times: 0
All Query times:  10113
Success rate:  0.55
Successful items count:  55
Total count:  100
Index:  123

SUC! insert print(n) prob: 0.4108898937702179 => 0.08557330816984177
Example time cost:  0.0 min
ALL examples time cost:  1.7 min
Query times in this attack:  21
Greedy query times: 21
Ga query times: 0
All Query times:  10134
Success rate:  0.5544554455445545
Successful items count:  56
Total count:  101
Index:  124

ACC! i => uri prob: 0.46364301443099976 => 0.3703281283378601
ACC! insert print(T) prob: 0.3703281283378601 => 0.31718161702156067
NOACC! insert if False:T=uri prob: 0.31718161702156067 => 0.3268410563468933
NOACC! insert while False:T=uri prob: 0.31718161702156067 => 0.3355318009853363
NOACC! insert print(z) prob: 0.31718161702156067 => 0.3337184488773346
ACC! insert if False:z=h prob: 0.31718161702156067 => 0.3107277750968933
NOACC! insert while False:z=h prob: 0.3107277750968933 => 0.326304167509079
NOACC! S => Z prob: 0.3107277750968933 => 0.3345685601234436
ACC! insert print(ns) prob: 0.3107277750968933 => 0.3081046938896179
ACC! insert if False:ns=ns prob: 0.3081046938896179 => 0.30518588423728943
NOACC! insert while False:ns=ns prob: 0.30518588423728943 => 0.32630783319473267
NOACC! T => Time prob: 0.30518588423728943 => 0.3164568841457367
NOACC! insert print(uri) prob: 0.30518588423728943 => 0.3220406174659729
NOACC! insert if False:uri=T prob: 0.30518588423728943 => 0.33040687441825867
NOACC! insert while False:uri=T prob: 0.30518588423728943 => 0.33253929018974304
ACC! insert print(N) prob: 0.30518588423728943 => 0.30506956577301025
ACC! insert if False:N=z prob: 0.30506956577301025 => 0.28895503282546997
NOACC! insert while False:N=z prob: 0.28895503282546997 => 0.3204594850540161
Example time cost:  0.01 min
ALL examples time cost:  1.71 min
Query times in this attack:  85
Greedy query times: 85
Ga query times: 0
All Query times:  10219
Success rate:  0.5490196078431373
Successful items count:  56
Total count:  102
Index:  125

ACC! fin => fun prob: 0.6693282723426819 => 0.2731647193431854
ACC! case => slice prob: 0.2731647193431854 => 0.140655517578125
SUC! insert print(n) prob: 0.140655517578125 => 0.06558718532323837
Example time cost:  0.01 min
ALL examples time cost:  1.72 min
Query times in this attack:  56
Greedy query times: 56
Ga query times: 0
All Query times:  10275
Success rate:  0.5533980582524272
Successful items count:  57
Total count:  103
Index:  126

ACC! fin => req prob: 0.7059230208396912 => 0.2533646821975708
NOACC! insert print(stdin) prob: 0.2533646821975708 => 0.30660727620124817
ACC! insert if False:stdin=stdin prob: 0.2533646821975708 => 0.23882941901683807
NOACC! insert while False:stdin=stdin prob: 0.23882941901683807 => 0.32320886850357056
SUC! case => step prob: 0.23882941901683807 => 0.14333847165107727
Example time cost:  0.01 min
ALL examples time cost:  1.73 min
Query times in this attack:  57
Greedy query times: 57
Ga query times: 0
All Query times:  10332
Success rate:  0.5576923076923077
Successful items count:  58
Total count:  104
Index:  127

ACC! MAX => DC prob: 0.6406276822090149 => 0.638173520565033
ACC! B => IO prob: 0.638173520565033 => 0.6327741146087646
ACC! d => db prob: 0.6327741146087646 => 0.6324625611305237
ACC! i => ti prob: 0.6324625611305237 => 0.6308916807174683
ACC! insert print(s) prob: 0.6308916807174683 => 0.5391298532485962
ACC! insert if False:s=n prob: 0.5391298532485962 => 0.3434488773345947
NOACC! insert while False:s=n prob: 0.3434488773345947 => 0.3793960511684418
NOACC! insert print(s) prob: 0.3434488773345947 => 0.3652123212814331
NOACC! insert if False:s=n prob: 0.3434488773345947 => 0.3705339729785919
NOACC! insert while False:s=n prob: 0.3434488773345947 => 0.3793960511684418
NOACC! insert print(answer) prob: 0.3434488773345947 => 0.34938469529151917
NOACC! insert if False:answer=db prob: 0.3434488773345947 => 0.35807567834854126
NOACC! insert while False:answer=db prob: 0.3434488773345947 => 0.3636152446269989
NOACC! s => services prob: 0.3434488773345947 => 0.3505282700061798
NOACC! max => rand prob: 0.3434488773345947 => 0.378109335899353
NOACC! base => size prob: 0.3434488773345947 => 0.3855750858783722
NOACC! A => API prob: 0.3434488773345947 => 0.36557868123054504
Example time cost:  0.03 min
ALL examples time cost:  1.76 min
Query times in this attack:  185
Greedy query times: 185
Ga query times: 0
All Query times:  10517
Success rate:  0.5523809523809524
Successful items count:  58
Total count:  105
Index:  128

ACC! curr_S => curR_C prob: 0.5148569941520691 => 0.5131731629371643
ACC! numbers =>  nnotations prob: 0.5131731629371643 => 0.4990304410457611
ACC! N => Size prob: 0.4990304410457611 => 0.49388423562049866
ACC! insert print(T) prob: 0.49388423562049866 => 0.2558080852031708
NOACC! insert if False:T=T prob: 0.2558080852031708 => 0.3199347257614136
NOACC! insert while False:T=T prob: 0.2558080852031708 => 0.3119262754917145
NOACC! insert print(Size) prob: 0.2558080852031708 => 0.29938891530036926
NOACC! insert if False:Size=p prob: 0.2558080852031708 => 0.31298109889030457
NOACC! insert while False:Size=p prob: 0.2558080852031708 => 0.3024918735027313
NOACC! a => new prob: 0.2558080852031708 => 0.2773931920528412
NOACC! totals => totsales prob: 0.2558080852031708 => 0.2735365331172943
NOACC! p => pn prob: 0.2558080852031708 => 0.2613198161125183
NOACC! S => SA prob: 0.2558080852031708 => 0.28459468483924866
NOACC! m => mr prob: 0.2558080852031708 => 0.27871471643447876
Example time cost:  0.03 min
ALL examples time cost:  1.78 min
Query times in this attack:  179
Greedy query times: 179
Ga query times: 0
All Query times:  10696
Success rate:  0.5471698113207547
Successful items count:  58
Total count:  106
Index:  129

ACC! T => P prob: 0.5984224677085876 => 0.5984222888946533
ACC! upper_limit => upperflowlim prob: 0.5984222888946533 => 0.5966368913650513
NOACC! check_len => key_pos prob: 0.5966368913650513 => 0.596636950969696
ACC! total_column => total54column prob: 0.5966368913650513 => 0.5956085324287415
ACC! nt => NT prob: 0.5956085324287415 => 0.5942966938018799
NOACC! i => ai prob: 0.5942966938018799 => 0.5942966938018799
ACC! insert print(x) prob: 0.5942966938018799 => 0.4862513542175293
SUC! insert if False:x=t prob: 0.4862513542175293 => 0.09692295640707016
Example time cost:  0.02 min
ALL examples time cost:  1.8 min
Query times in this attack:  131
Greedy query times: 131
Ga query times: 0
All Query times:  10827
Success rate:  0.5514018691588785
Successful items count:  59
Total count:  107
Index:  130

Example time cost:  0.0 min
ALL examples time cost:  1.81 min
Query times in this attack:  1
Greedy query times: 1
Ga query times: 0
All Query times:  10828
Success rate:  0.5514018691588785
Successful items count:  59
Total count:  107
Index:  131

