enter
LABEL_0 LABEL_0 0.127025306224823
SUC! insert print(number) prob: 0.127025306224823 => 0.07373391091823578 label LABEL_32
Example time cost:  0.08 min
ALL examples time cost:  0.08 min
Query times in this attack:  18
Greedy query times: 18
Greedy sub index: 0
Ga query times: 0
All Query times:  18
All sub index: 0
Avg sub index 0
Success rate:  1.0
Successful items count:  1
Total count:  1
Index:  0

enter
LABEL_0 LABEL_0 0.33858633041381836
SUC! insert print(table) prob: 0.33858633041381836 => 0.12138757854700089 label LABEL_32
Example time cost:  0.05 min
ALL examples time cost:  0.12 min
Query times in this attack:  13
Greedy query times: 13
Greedy sub index: 0
Ga query times: 0
All Query times:  31
All sub index: 0
Avg sub index 0
Success rate:  1.0
Successful items count:  2
Total count:  2
Index:  1

enter
LABEL_1 LABEL_1 0.9718116521835327
SUC! insert print(num) prob: 0.9718116521835327 => 0.07324209809303284 label LABEL_32
Example time cost:  0.09 min
ALL examples time cost:  0.21 min
Query times in this attack:  23
Greedy query times: 23
Greedy sub index: 0
Ga query times: 0
All Query times:  54
All sub index: 0
Avg sub index 0
Success rate:  1.0
Successful items count:  3
Total count:  3
Index:  2

enter
LABEL_1 LABEL_1 0.9755975008010864
SUC! insert print(p) prob: 0.9755975008010864 => 0.07940053194761276 label LABEL_32
Example time cost:  0.09 min
ALL examples time cost:  0.3 min
Query times in this attack:  24
Greedy query times: 24
Greedy sub index: 0
Ga query times: 0
All Query times:  78
All sub index: 0
Avg sub index 0
Success rate:  1.0
Successful items count:  4
Total count:  4
Index:  3

enter
LABEL_37 LABEL_2 0.05573917180299759
Example time cost:  0.0 min
ALL examples time cost:  0.31 min
Query times in this attack:  1
Greedy query times: 1
Greedy sub index: 0
Ga query times: 0
All Query times:  79
All sub index: 0
Avg sub index 0
Success rate:  1.0
Successful items count:  4
Total count:  4
Index:  4

enter
LABEL_2 LABEL_2 0.9157934188842773
ACC! caseNo => trialno prob: 0.9157934188842773 => 0.87903892993927
ACC! score => fee prob: 0.87903892993927 => 0.8589126467704773
NOACC! N => D prob: 0.8589126467704773 => 0.8643234372138977
SUC! insert print(Limits) prob: 0.8589126467704773 => 0.04497320577502251 label LABEL_65
Example time cost:  0.16 min
ALL examples time cost:  0.47 min
Query times in this attack:  50
Greedy query times: 50
Greedy sub index: 0
Ga query times: 0
All Query times:  129
All sub index: 0
Avg sub index 0
Success rate:  1.0
Successful items count:  5
Total count:  5
Index:  5

enter
LABEL_3 LABEL_3 0.3279275894165039
ACC! z => ZZ prob: 0.3279275894165039 => 0.18066368997097015
NOACC! B => BT prob: 0.18066368997097015 => 0.20854592323303223
SUC! insert print(N) prob: 0.18066368997097015 => 0.07670960575342178 label LABEL_15
Example time cost:  0.17 min
ALL examples time cost:  0.64 min
Query times in this attack:  50
Greedy query times: 50
Greedy sub index: 0
Ga query times: 0
All Query times:  179
All sub index: 0
Avg sub index 0
Success rate:  1.0
Successful items count:  6
Total count:  6
Index:  6

enter
LABEL_3 LABEL_3 0.6077573299407959
SUC! insert print(T) prob: 0.6077573299407959 => 0.04649752378463745 label LABEL_25
Example time cost:  0.05 min
ALL examples time cost:  0.68 min
Query times in this attack:  12
Greedy query times: 12
Greedy sub index: 0
Ga query times: 0
All Query times:  191
All sub index: 0
Avg sub index 0
Success rate:  1.0
Successful items count:  7
Total count:  7
Index:  7

enter
LABEL_4 LABEL_4 0.8866150379180908
ACC! i => ib prob: 0.8866150379180908 => 0.685032844543457
ACC! q => mm prob: 0.685032844543457 => 0.6301066875457764
NOACC! l2 =>  l4 prob: 0.6301066875457764 => 0.6739593744277954
SUC! insert print(f) prob: 0.6301066875457764 => 0.06452465802431107 label LABEL_37
Example time cost:  0.18 min
ALL examples time cost:  0.86 min
Query times in this attack:  55
Greedy query times: 55
Greedy sub index: 0
Ga query times: 0
All Query times:  246
All sub index: 0
Avg sub index 0
Success rate:  1.0
Successful items count:  8
Total count:  8
Index:  8

enter
LABEL_4 LABEL_4 0.8967311382293701
ACC! nrpass => mrPASS prob: 0.8967311382293701 => 0.8691168427467346
ACC! nrsuppass => nroppasses prob: 0.8691168427467346 => 0.8362865447998047
ACC! res => vals prob: 0.8362865447998047 => 0.8194769620895386
SUC! insert print(f) prob: 0.8194769620895386 => 0.06452465802431107 label LABEL_37
Example time cost:  0.17 min
ALL examples time cost:  1.03 min
Query times in this attack:  51
Greedy query times: 51
Greedy sub index: 0
Ga query times: 0
All Query times:  297
All sub index: 0
Avg sub index 0
Success rate:  1.0
Successful items count:  9
Total count:  9
Index:  9

enter
LABEL_5 LABEL_5 0.9601860642433167
SUC! insert print(amap) prob: 0.9601860642433167 => 0.07187587022781372 label LABEL_32
Example time cost:  0.11 min
ALL examples time cost:  1.14 min
Query times in this attack:  29
Greedy query times: 29
Greedy sub index: 0
Ga query times: 0
All Query times:  326
All sub index: 0
Avg sub index 0
Success rate:  1.0
Successful items count:  10
Total count:  10
Index:  10

enter
LABEL_5 LABEL_5 0.9522733092308044
SUC! insert print(icase) prob: 0.9522733092308044 => 0.06075245141983032 label LABEL_32
Example time cost:  0.09 min
ALL examples time cost:  1.23 min
Query times in this attack:  24
Greedy query times: 24
Greedy sub index: 0
Ga query times: 0
All Query times:  350
All sub index: 0
Avg sub index 0
Success rate:  1.0
Successful items count:  11
Total count:  11
Index:  11

enter
LABEL_6 LABEL_6 0.2418227344751358
SUC! B => Z prob: 0.2418227344751358 => 0.19210222363471985 label LABEL_10
Example time cost:  0.07 min
ALL examples time cost:  1.31 min
Query times in this attack:  22
Greedy query times: 22
Greedy sub index: 0
Ga query times: 0
All Query times:  372
All sub index: 0
Avg sub index 0
Success rate:  1.0
Successful items count:  12
Total count:  12
Index:  12

enter
LABEL_6 LABEL_6 0.7342588305473328
ACC! rem => nom prob: 0.7342588305473328 => 0.6971406936645508
ACC! x => u prob: 0.6971406936645508 => 0.6359268426895142
SUC! insert print(T) prob: 0.6359268426895142 => 0.0534207746386528 label LABEL_26
Example time cost:  0.13 min
ALL examples time cost:  1.44 min
Query times in this attack:  39
Greedy query times: 39
Greedy sub index: 0
Ga query times: 0
All Query times:  411
All sub index: 0
Avg sub index 0
Success rate:  1.0
Successful items count:  13
Total count:  13
Index:  13

enter
LABEL_7 LABEL_7 0.7328755259513855
SUC! insert print(fin) prob: 0.7328755259513855 => 0.043358154594898224 label LABEL_35
Example time cost:  0.06 min
ALL examples time cost:  1.5 min
Query times in this attack:  16
Greedy query times: 16
Greedy sub index: 0
Ga query times: 0
All Query times:  427
All sub index: 0
Avg sub index 0
Success rate:  1.0
Successful items count:  14
Total count:  14
Index:  14

enter
LABEL_7 LABEL_7 0.8060513138771057
SUC! insert print(input_file) prob: 0.8060513138771057 => 0.057841408997774124 label LABEL_65
Example time cost:  0.08 min
ALL examples time cost:  1.57 min
Query times in this attack:  20
Greedy query times: 20
Greedy sub index: 0
Ga query times: 0
All Query times:  447
All sub index: 0
Avg sub index 0
Success rate:  1.0
Successful items count:  15
Total count:  15
Index:  15

enter
LABEL_37 LABEL_8 0.09231877326965332
Example time cost:  0.0 min
ALL examples time cost:  1.58 min
Query times in this attack:  1
Greedy query times: 1
Greedy sub index: 0
Ga query times: 0
All Query times:  448
All sub index: 0
Avg sub index 0
Success rate:  1.0
Successful items count:  15
Total count:  15
Index:  16

enter
LABEL_3 LABEL_8 0.5012869834899902
Example time cost:  0.0 min
ALL examples time cost:  1.58 min
Query times in this attack:  1
Greedy query times: 1
Greedy sub index: 0
Ga query times: 0
All Query times:  449
All sub index: 0
Avg sub index 0
Success rate:  1.0
Successful items count:  15
Total count:  15
Index:  17

enter
LABEL_9 LABEL_9 0.6569390296936035
ACC! inFile => insLoop prob: 0.6569390296936035 => 0.5129507184028625
ACC! filename => management prob: 0.5129507184028625 => 0.37329837679862976
ACC! outputname => Outputfile prob: 0.37329837679862976 => 0.3267603814601898
SUC! insert print(strNum) prob: 0.3267603814601898 => 0.0949767678976059 label LABEL_32
Example time cost:  0.17 min
ALL examples time cost:  1.75 min
Query times in this attack:  53
Greedy query times: 53
Greedy sub index: 0
Ga query times: 0
All Query times:  502
All sub index: 0
Avg sub index 0
Success rate:  1.0
Successful items count:  16
Total count:  16
Index:  18

enter
LABEL_9 LABEL_9 0.36441749334335327
SUC! insert print(inputFile) prob: 0.36441749334335327 => 0.05284130200743675 label LABEL_43
Example time cost:  0.06 min
ALL examples time cost:  1.81 min
Query times in this attack:  15
Greedy query times: 15
Greedy sub index: 0
Ga query times: 0
All Query times:  517
All sub index: 0
Avg sub index 0
Success rate:  1.0
Successful items count:  17
Total count:  17
Index:  19

enter
LABEL_10 LABEL_10 0.8683835864067078
ACC! palin_squares => palin_sharing prob: 0.8683835864067078 => 0.8516403436660767
ACC! a =>  A prob: 0.8516403436660767 => 0.8328126668930054
SUC! insert print(n_cases) prob: 0.8328126668930054 => 0.06386587023735046 label LABEL_37
Example time cost:  0.13 min
ALL examples time cost:  1.94 min
Query times in this attack:  40
Greedy query times: 40
Greedy sub index: 0
Ga query times: 0
All Query times:  557
All sub index: 0
Avg sub index 0
Success rate:  1.0
Successful items count:  18
Total count:  18
Index:  20

enter
LABEL_10 LABEL_10 0.665420413017273
SUC! insert print(n_cases) prob: 0.665420413017273 => 0.04748257249593735 label LABEL_15
Example time cost:  0.04 min
ALL examples time cost:  1.99 min
Query times in this attack:  11
Greedy query times: 11
Greedy sub index: 0
Ga query times: 0
All Query times:  568
All sub index: 0
Avg sub index 0
Success rate:  1.0
Successful items count:  19
Total count:  19
Index:  21

enter
LABEL_11 LABEL_11 0.8524314165115356
ACC! T => Size prob: 0.8524314165115356 => 0.8162462711334229
ACC! i => multi prob: 0.8162462711334229 => 0.7827668786048889
ACC! f =>  r prob: 0.7827668786048889 => 0.681759238243103
ACC! _ => __ prob: 0.681759238243103 => 0.6626591682434082
ACC! B => BT prob: 0.6626591682434082 => 0.6446647047996521
ACC! num => nom prob: 0.6446647047996521 => 0.6166839599609375
NOACC! ls => lines prob: 0.6166839599609375 => 0.6405089497566223
SUC! insert print(ls) prob: 0.6166839599609375 => 0.08492563664913177 label LABEL_37
Example time cost:  0.36 min
ALL examples time cost:  2.34 min
Query times in this attack:  109
Greedy query times: 109
Greedy sub index: 0
Ga query times: 0
All Query times:  677
All sub index: 0
Avg sub index 0
Success rate:  1.0
Successful items count:  20
Total count:  20
Index:  22

enter
LABEL_11 LABEL_11 0.879844605922699
ACC! inputLines =>  inputLites prob: 0.879844605922699 => 0.7971221804618835
ACC! p => api prob: 0.7971221804618835 => 0.7824982404708862
ACC! i => id prob: 0.7824982404708862 => 0.7750974297523499
NOACC! N => D prob: 0.7750974297523499 => 0.8065299987792969
ACC! e =>  E prob: 0.7750974297523499 => 0.7668700218200684
SUC! insert print(args) prob: 0.7668700218200684 => 0.07049931585788727 label LABEL_32
Example time cost:  0.26 min
ALL examples time cost:  2.6 min
Query times in this attack:  80
Greedy query times: 80
Greedy sub index: 0
Ga query times: 0
All Query times:  757
All sub index: 0
Avg sub index 0
Success rate:  1.0
Successful items count:  21
Total count:  21
Index:  23

enter
LABEL_12 LABEL_12 0.8880658745765686
ACC! i => chi prob: 0.8880658745765686 => 0.8553062677383423
ACC! n => nor prob: 0.8553062677383423 => 0.835189163684845
NOACC! line => l prob: 0.835189163684845 => 0.8383195996284485
SUC! insert print(stream) prob: 0.835189163684845 => 0.07168976962566376 label LABEL_32
Example time cost:  0.16 min
ALL examples time cost:  2.76 min
Query times in this attack:  50
Greedy query times: 50
Greedy sub index: 0
Ga query times: 0
All Query times:  807
All sub index: 0
Avg sub index 0
Success rate:  1.0
Successful items count:  22
Total count:  22
Index:  24

enter
LABEL_12 LABEL_12 0.5942592620849609
ACC! s => l prob: 0.5942592620849609 => 0.5725006461143494
SUC! insert print(total) prob: 0.5725006461143494 => 0.065202496945858 label LABEL_37
Example time cost:  0.09 min
ALL examples time cost:  2.85 min
Query times in this attack:  26
Greedy query times: 26
Greedy sub index: 0
Ga query times: 0
All Query times:  833
All sub index: 0
Avg sub index 0
Success rate:  1.0
Successful items count:  23
Total count:  23
Index:  25

enter
LABEL_13 LABEL_13 0.9596561789512634
SUC! insert print(f) prob: 0.9596561789512634 => 0.06113724410533905 label LABEL_32
Example time cost:  0.08 min
ALL examples time cost:  2.93 min
Query times in this attack:  21
Greedy query times: 21
Greedy sub index: 0
Ga query times: 0
All Query times:  854
All sub index: 0
Avg sub index 0
Success rate:  1.0
Successful items count:  24
Total count:  24
Index:  26

enter
LABEL_13 LABEL_13 0.8967369198799133
ACC! X => Work prob: 0.8967369198799133 => 0.8448418378829956
ACC! T => GT prob: 0.8448418378829956 => 0.8201951384544373
ACC! t => j prob: 0.8201951384544373 => 0.812970757484436
Example time cost:  0.16 min
ALL examples time cost:  3.09 min
Query times in this attack:  49
Greedy query times: 49
Greedy sub index: 0
Ga query times: 0
All Query times:  903
All sub index: 0
Avg sub index 0
Success rate:  0.96
Successful items count:  24
Total count:  25
Index:  27

enter
LABEL_14 LABEL_14 0.6632596254348755
SUC! insert print(s) prob: 0.6632596254348755 => 0.10219945013523102 label LABEL_32
Example time cost:  0.06 min
ALL examples time cost:  3.15 min
Query times in this attack:  15
Greedy query times: 15
Greedy sub index: 0
Ga query times: 0
All Query times:  918
All sub index: 0
Avg sub index 0
Success rate:  0.9615384615384616
Successful items count:  25
Total count:  26
Index:  28

enter
LABEL_14 LABEL_14 0.8335517644882202
ACC! b => abb prob: 0.8335517644882202 => 0.8297781944274902
SUC! insert print(D1) prob: 0.8297781944274902 => 0.06120193749666214 label LABEL_32
Example time cost:  0.11 min
ALL examples time cost:  3.26 min
Query times in this attack:  32
Greedy query times: 32
Greedy sub index: 0
Ga query times: 0
All Query times:  950
All sub index: 0
Avg sub index 0
Success rate:  0.9629629629629629
Successful items count:  26
Total count:  27
Index:  29

enter
LABEL_15 LABEL_15 0.8661731481552124
SUC! insert print(f) prob: 0.8661731481552124 => 0.07441957294940948 label LABEL_37
Example time cost:  0.05 min
ALL examples time cost:  3.31 min
Query times in this attack:  12
Greedy query times: 12
Greedy sub index: 0
Ga query times: 0
All Query times:  962
All sub index: 0
Avg sub index 0
Success rate:  0.9642857142857143
Successful items count:  27
Total count:  28
Index:  30

enter
LABEL_15 LABEL_15 0.835211992263794
ACC! cnt =>  cnn prob: 0.835211992263794 => 0.6573729515075684
ACC! w => log prob: 0.6573729515075684 => 0.5636361241340637
ACC! f => feed prob: 0.5636361241340637 => 0.4311301112174988
ACC! c => u prob: 0.4311301112174988 => 0.39685460925102234
SUC! insert print(feed) prob: 0.39685460925102234 => 0.039987076073884964 label LABEL_26
Example time cost:  0.21 min
ALL examples time cost:  3.52 min
Query times in this attack:  66
Greedy query times: 66
Greedy sub index: 0
Ga query times: 0
All Query times:  1028
All sub index: 0
Avg sub index 0
Success rate:  0.9655172413793104
Successful items count:  28
Total count:  29
Index:  31

enter
LABEL_38 LABEL_16 0.47176626324653625
Example time cost:  0.0 min
ALL examples time cost:  3.53 min
Query times in this attack:  1
Greedy query times: 1
Greedy sub index: 0
Ga query times: 0
All Query times:  1029
All sub index: 0
Avg sub index 0
Success rate:  0.9655172413793104
Successful items count:  28
Total count:  29
Index:  32

enter
LABEL_59 LABEL_16 0.4496399462223053
Example time cost:  0.0 min
ALL examples time cost:  3.53 min
Query times in this attack:  1
Greedy query times: 1
Greedy sub index: 0
Ga query times: 0
All Query times:  1030
All sub index: 0
Avg sub index 0
Success rate:  0.9655172413793104
Successful items count:  28
Total count:  29
Index:  33

enter
LABEL_17 LABEL_17 0.3055169880390167
SUC! insert print(num) prob: 0.3055169880390167 => 0.07536299526691437 label LABEL_37
Example time cost:  0.05 min
ALL examples time cost:  3.58 min
Query times in this attack:  12
Greedy query times: 12
Greedy sub index: 0
Ga query times: 0
All Query times:  1042
All sub index: 0
Avg sub index 0
Success rate:  0.9666666666666667
Successful items count:  29
Total count:  30
Index:  34

enter
LABEL_32 LABEL_17 0.0314590185880661
Example time cost:  0.0 min
ALL examples time cost:  3.58 min
Query times in this attack:  1
Greedy query times: 1
Greedy sub index: 0
Ga query times: 0
All Query times:  1043
All sub index: 0
Avg sub index 0
Success rate:  0.9666666666666667
Successful items count:  29
Total count:  30
Index:  35

enter
LABEL_18 LABEL_18 0.7541738152503967
SUC! insert print(a) prob: 0.7541738152503967 => 0.05676107853651047 label LABEL_32
Example time cost:  0.03 min
ALL examples time cost:  3.61 min
Query times in this attack:  9
Greedy query times: 9
Greedy sub index: 0
Ga query times: 0
All Query times:  1052
All sub index: 0
Avg sub index 0
Success rate:  0.967741935483871
Successful items count:  30
Total count:  31
Index:  36

enter
LABEL_18 LABEL_18 0.9266507625579834
ACC! desired_score => desired·score prob: 0.9266507625579834 => 0.9197171926498413
NOACC! scores => cores prob: 0.9197171926498413 => 0.9229345917701721
ACC! k => b prob: 0.9197171926498413 => 0.9141218066215515
SUC! insert print(n) prob: 0.9141218066215515 => 0.04884815216064453 label LABEL_43
Example time cost:  0.19 min
ALL examples time cost:  3.8 min
Query times in this attack:  57
Greedy query times: 57
Greedy sub index: 0
Ga query times: 0
All Query times:  1109
All sub index: 0
Avg sub index 0
Success rate:  0.96875
Successful items count:  31
Total count:  32
Index:  37

enter
LABEL_19 LABEL_19 0.9703694581985474
ACC! ABmax =>  ABorig prob: 0.9703694581985474 => 0.9643614292144775
ACC! IN => HTTP prob: 0.9643614292144775 => 0.9382323622703552
SUC! insert print(n) prob: 0.9382323622703552 => 0.07530379295349121 label LABEL_32
Example time cost:  0.13 min
ALL examples time cost:  3.93 min
Query times in this attack:  38
Greedy query times: 38
Greedy sub index: 0
Ga query times: 0
All Query times:  1147
All sub index: 0
Avg sub index 0
Success rate:  0.9696969696969697
Successful items count:  32
Total count:  33
Index:  38

enter
LABEL_19 LABEL_19 0.721673309803009
ACC! data => missing prob: 0.721673309803009 => 0.7152813673019409
NOACC! index => page prob: 0.7152813673019409 => 0.7238064408302307
ACC! avg => evp prob: 0.7152813673019409 => 0.7124093174934387
ACC! consider => respect prob: 0.7124093174934387 => 0.7027833461761475
ACC! mod => progress prob: 0.7027833461761475 => 0.6942006945610046
NOACC! tlist => atlist prob: 0.6942006945610046 => 0.6994687914848328
SUC! insert print(S) prob: 0.6942006945610046 => 0.06444992125034332 label LABEL_32
Example time cost:  0.3 min
ALL examples time cost:  4.23 min
Query times in this attack:  93
Greedy query times: 93
Greedy sub index: 0
Ga query times: 0
All Query times:  1240
All sub index: 0
Avg sub index 0
Success rate:  0.9705882352941176
Successful items count:  33
Total count:  34
Index:  39

enter
LABEL_20 LABEL_20 0.4531285762786865
ACC! fair_and_square_palindromes => fair_and_square_palindramals prob: 0.4531285762786865 => 0.4111715257167816
SUC! insert print(N_MAX) prob: 0.4111715257167816 => 0.06336361914873123 label LABEL_37
Example time cost:  0.1 min
ALL examples time cost:  4.32 min
Query times in this attack:  28
Greedy query times: 28
Greedy sub index: 0
Ga query times: 0
All Query times:  1268
All sub index: 0
Avg sub index 0
Success rate:  0.9714285714285714
Successful items count:  34
Total count:  35
Index:  40

enter
LABEL_20 LABEL_20 0.7304208278656006
ACC! poss =>  pense prob: 0.7304208278656006 => 0.632895827293396
ACC! sa => SA prob: 0.632895827293396 => 0.6076709628105164
SUC! insert print(i) prob: 0.6076709628105164 => 0.07603895664215088 label LABEL_32
Example time cost:  0.16 min
ALL examples time cost:  4.49 min
Query times in this attack:  48
Greedy query times: 48
Greedy sub index: 0
Ga query times: 0
All Query times:  1316
All sub index: 0
Avg sub index 0
Success rate:  0.9722222222222222
Successful items count:  35
Total count:  36
Index:  41

enter
LABEL_21 LABEL_21 0.9458128213882446
SUC! insert print(INPUT) prob: 0.9458128213882446 => 0.06785285472869873 label LABEL_32
Example time cost:  0.09 min
ALL examples time cost:  4.58 min
Query times in this attack:  25
Greedy query times: 25
Greedy sub index: 0
Ga query times: 0
All Query times:  1341
All sub index: 0
Avg sub index 0
Success rate:  0.972972972972973
Successful items count:  36
Total count:  37
Index:  42

enter
LABEL_21 LABEL_21 0.9273061752319336
ACC! INPUT => inInput prob: 0.9273061752319336 => 0.7917487621307373
ACC! f => fi prob: 0.7917487621307373 => 0.40749412775039673
ACC! i => phi prob: 0.40749412775039673 => 0.3665151298046112
ACC! T => size prob: 0.3665151298046112 => 0.2804313898086548
SUC! insert print(inInput) prob: 0.2804313898086548 => 0.06985891610383987 label LABEL_37
Example time cost:  0.22 min
ALL examples time cost:  4.8 min
Query times in this attack:  67
Greedy query times: 67
Greedy sub index: 0
Ga query times: 0
All Query times:  1408
All sub index: 0
Avg sub index 0
Success rate:  0.9736842105263158
Successful items count:  37
Total count:  38
Index:  43

enter
LABEL_22 LABEL_22 0.8246767520904541
ACC! T => NT prob: 0.8246767520904541 => 0.7647236585617065
ACC! rev =>  prev prob: 0.7647236585617065 => 0.7335507273674011
ACC! srb => isra prob: 0.7335507273674011 => 0.6928368806838989
NOACC! x => xs prob: 0.6928368806838989 => 0.7073795795440674
ACC! sra =>  sha prob: 0.6928368806838989 => 0.6762836575508118
ACC! seen => finished prob: 0.6762836575508118 => 0.660410463809967
SUC! insert print(i) prob: 0.660410463809967 => 0.06238572299480438 label LABEL_37
Example time cost:  0.3 min
ALL examples time cost:  5.1 min
Query times in this attack:  93
Greedy query times: 93
Greedy sub index: 0
Ga query times: 0
All Query times:  1501
All sub index: 0
Avg sub index 0
Success rate:  0.9743589743589743
Successful items count:  38
Total count:  39
Index:  44

enter
LABEL_22 LABEL_22 0.9452927112579346
SUC! insert print(T) prob: 0.9452927112579346 => 0.04543830826878548 label LABEL_43
Example time cost:  0.05 min
ALL examples time cost:  5.15 min
Query times in this attack:  12
Greedy query times: 12
Greedy sub index: 0
Ga query times: 0
All Query times:  1513
All sub index: 0
Avg sub index 0
Success rate:  0.975
Successful items count:  39
Total count:  40
Index:  45

enter
LABEL_23 LABEL_23 0.9643692374229431
ACC! numCases => numCakes prob: 0.9643692374229431 => 0.9605090022087097
SUC! insert print(FILE_NAME_BASE) prob: 0.9605090022087097 => 0.04838111996650696 label LABEL_43
Example time cost:  0.14 min
ALL examples time cost:  5.28 min
Query times in this attack:  38
Greedy query times: 38
Greedy sub index: 0
Ga query times: 0
All Query times:  1551
All sub index: 0
Avg sub index 0
Success rate:  0.975609756097561
Successful items count:  40
Total count:  41
Index:  46

enter
LABEL_23 LABEL_23 0.9200690388679504
SUC! insert print(FILE_NAME_BASE) prob: 0.9200690388679504 => 0.04678177088499069 label LABEL_43
Example time cost:  0.09 min
ALL examples time cost:  5.37 min
Query times in this attack:  23
Greedy query times: 23
Greedy sub index: 0
Ga query times: 0
All Query times:  1574
All sub index: 0
Avg sub index 0
Success rate:  0.9761904761904762
Successful items count:  41
Total count:  42
Index:  47

enter
LABEL_24 LABEL_24 0.1116994246840477
SUC! insert print(n) prob: 0.1116994246840477 => 0.0880926102399826 label LABEL_32
Example time cost:  0.09 min
ALL examples time cost:  5.46 min
Query times in this attack:  24
Greedy query times: 24
Greedy sub index: 0
Ga query times: 0
All Query times:  1598
All sub index: 0
Avg sub index 0
Success rate:  0.9767441860465116
Successful items count:  42
Total count:  43
Index:  48

enter
LABEL_24 LABEL_24 0.39584022760391235
ACC! scores =>  Scors prob: 0.39584022760391235 => 0.38998258113861084
SUC! insert print(infile) prob: 0.38998258113861084 => 0.05821649730205536 label LABEL_37
Example time cost:  0.09 min
ALL examples time cost:  5.55 min
Query times in this attack:  27
Greedy query times: 27
Greedy sub index: 0
Ga query times: 0
All Query times:  1625
All sub index: 0
Avg sub index 0
Success rate:  0.9772727272727273
Successful items count:  43
Total count:  44
Index:  49

enter
LABEL_25 LABEL_25 0.8866512179374695
SUC! insert print(lines) prob: 0.8866512179374695 => 0.05570784583687782 label LABEL_32
Example time cost:  0.06 min
ALL examples time cost:  5.61 min
Query times in this attack:  16
Greedy query times: 16
Greedy sub index: 0
Ga query times: 0
All Query times:  1641
All sub index: 0
Avg sub index 0
Success rate:  0.9777777777777777
Successful items count:  44
Total count:  45
Index:  50

enter
LABEL_25 LABEL_25 0.22845405340194702
ACC! cls => methodS prob: 0.22845405340194702 => 0.06997228413820267
NOACC! data => model prob: 0.06997228413820267 => 0.07242732495069504
NOACC! result => url prob: 0.06997228413820267 => 0.0709720253944397
SUC! nCases => nCrakes prob: 0.06997228413820267 => 0.103276327252388 label LABEL_15
Example time cost:  0.23 min
ALL examples time cost:  5.84 min
Query times in this attack:  72
Greedy query times: 72
Greedy sub index: 0
Ga query times: 0
All Query times:  1713
All sub index: 0
Avg sub index 0
Success rate:  0.9782608695652174
Successful items count:  45
Total count:  46
Index:  51

enter
LABEL_26 LABEL_26 0.2935256361961365
SUC! insert print(s) prob: 0.2935256361961365 => 0.06355403363704681 label LABEL_32
Example time cost:  0.06 min
ALL examples time cost:  5.9 min
Query times in this attack:  16
Greedy query times: 16
Greedy sub index: 0
Ga query times: 0
All Query times:  1729
All sub index: 0
Avg sub index 0
Success rate:  0.9787234042553191
Successful items count:  46
Total count:  47
Index:  52

enter
LABEL_26 LABEL_26 0.529984176158905
ACC! validcount =>  validscore prob: 0.529984176158905 => 0.47478511929512024
SUC! insert print(t) prob: 0.47478511929512024 => 0.03935393691062927 label LABEL_32
Example time cost:  0.09 min
ALL examples time cost:  5.99 min
Query times in this attack:  26
Greedy query times: 26
Greedy sub index: 0
Ga query times: 0
All Query times:  1755
All sub index: 0
Avg sub index 0
Success rate:  0.9791666666666666
Successful items count:  47
Total count:  48
Index:  53

enter
LABEL_27 LABEL_27 0.9479758739471436
SUC! insert print(fairsquares) prob: 0.9479758739471436 => 0.06535414606332779 label LABEL_37
Example time cost:  0.07 min
ALL examples time cost:  6.06 min
Query times in this attack:  18
Greedy query times: 18
Greedy sub index: 0
Ga query times: 0
All Query times:  1773
All sub index: 0
Avg sub index 0
Success rate:  0.9795918367346939
Successful items count:  48
Total count:  49
Index:  54

enter
LABEL_55 LABEL_27 0.1415320485830307
Example time cost:  0.0 min
ALL examples time cost:  6.06 min
Query times in this attack:  1
Greedy query times: 1
Greedy sub index: 0
Ga query times: 0
All Query times:  1774
All sub index: 0
Avg sub index 0
Success rate:  0.9795918367346939
Successful items count:  48
Total count:  49
Index:  55

enter
LABEL_28 LABEL_28 0.5636933445930481
SUC! insert print(n) prob: 0.5636933445930481 => 0.07325945794582367 label LABEL_32
Example time cost:  0.05 min
ALL examples time cost:  6.11 min
Query times in this attack:  12
Greedy query times: 12
Greedy sub index: 0
Ga query times: 0
All Query times:  1786
All sub index: 0
Avg sub index 0
Success rate:  0.98
Successful items count:  49
Total count:  50
Index:  56

enter
LABEL_28 LABEL_28 0.9042413234710693
SUC! insert print(f) prob: 0.9042413234710693 => 0.055352985858917236 label LABEL_32
Example time cost:  0.05 min
ALL examples time cost:  6.16 min
Query times in this attack:  13
Greedy query times: 13
Greedy sub index: 0
Ga query times: 0
All Query times:  1799
All sub index: 0
Avg sub index 0
Success rate:  0.9803921568627451
Successful items count:  50
Total count:  51
Index:  57

enter
LABEL_29 LABEL_29 0.8640351295471191
ACC! inF => outf prob: 0.8640351295471191 => 0.8331719040870667
ACC! outfile => outfilename prob: 0.8331719040870667 => 0.7536225318908691
ACC! outF =>  outFile prob: 0.7536225318908691 => 0.6702463030815125
SUC! insert print(S) prob: 0.6702463030815125 => 0.08919965475797653 label LABEL_32
Example time cost:  0.18 min
ALL examples time cost:  6.34 min
Query times in this attack:  55
Greedy query times: 55
Greedy sub index: 0
Ga query times: 0
All Query times:  1854
All sub index: 0
Avg sub index 0
Success rate:  0.9807692307692307
Successful items count:  51
Total count:  52
Index:  58

enter
LABEL_29 LABEL_29 0.29703041911125183
SUC! insert print(data_dict) prob: 0.29703041911125183 => 0.061621181666851044 label LABEL_37
Example time cost:  0.11 min
ALL examples time cost:  6.45 min
Query times in this attack:  29
Greedy query times: 29
Greedy sub index: 0
Ga query times: 0
All Query times:  1883
All sub index: 0
Avg sub index 0
Success rate:  0.9811320754716981
Successful items count:  52
Total count:  53
Index:  59

enter
LABEL_30 LABEL_30 0.9497085809707642
ACC! infile => outfiles prob: 0.9497085809707642 => 0.931386411190033
ACC! P => Q prob: 0.931386411190033 => 0.9215399622917175
ACC! x => h prob: 0.9215399622917175 => 0.918957531452179
ACC! testcase => Testclass prob: 0.918957531452179 => 0.9025099277496338
ACC! y => j prob: 0.9025099277496338 => 0.9000082612037659
SUC! insert print(h) prob: 0.9000082612037659 => 0.06034750118851662 label LABEL_43
Example time cost:  0.28 min
ALL examples time cost:  6.73 min
Query times in this attack:  86
Greedy query times: 86
Greedy sub index: 0
Ga query times: 0
All Query times:  1969
All sub index: 0
Avg sub index 0
Success rate:  0.9814814814814815
Successful items count:  53
Total count:  54
Index:  60

enter
LABEL_30 LABEL_30 0.9335320591926575
ACC! S => n prob: 0.9335320591926575 => 0.9217642545700073
NOACC! N => A prob: 0.9217642545700073 => 0.921841561794281
NOACC! G => GA prob: 0.9217642545700073 => 0.9228363037109375
ACC! P => pressure prob: 0.9217642545700073 => 0.9190164804458618
SUC! insert print(cache) prob: 0.9190164804458618 => 0.0386868491768837 label LABEL_25
Example time cost:  0.22 min
ALL examples time cost:  6.95 min
Query times in this attack:  67
Greedy query times: 67
Greedy sub index: 0
Ga query times: 0
All Query times:  2036
All sub index: 0
Avg sub index 0
Success rate:  0.9818181818181818
Successful items count:  54
Total count:  55
Index:  61

enter
LABEL_31 LABEL_31 0.8493549823760986
ACC! n => t prob: 0.8493549823760986 => 0.8431553244590759
SUC! insert print(t) prob: 0.8431553244590759 => 0.0810065045952797 label LABEL_32
Example time cost:  0.08 min
ALL examples time cost:  7.03 min
Query times in this attack:  23
Greedy query times: 23
Greedy sub index: 0
Ga query times: 0
All Query times:  2059
All sub index: 0
Avg sub index 0
Success rate:  0.9821428571428571
Successful items count:  55
Total count:  56
Index:  62

enter
LABEL_31 LABEL_31 0.7342057824134827
ACC! surprise_max => surprising_max prob: 0.7342057824134827 => 0.6961867809295654
ACC! max_score => max·score prob: 0.6961867809295654 => 0.6930122971534729
SUC! insert print(scores_sum) prob: 0.6930122971534729 => 0.07268442958593369 label LABEL_32
Example time cost:  0.13 min
ALL examples time cost:  7.16 min
Query times in this attack:  38
Greedy query times: 38
Greedy sub index: 0
Ga query times: 0
All Query times:  2097
All sub index: 0
Avg sub index 0
Success rate:  0.9824561403508771
Successful items count:  56
Total count:  57
Index:  63

enter
LABEL_32 LABEL_32 0.9449840188026428
ACC! i => l prob: 0.9449840188026428 => 0.9238364696502686
ACC! count_ => catch2 prob: 0.9238364696502686 => 0.919187605381012
NOACC! root => null prob: 0.919187605381012 => 0.9235126376152039
ACC! insert print(word) prob: 0.919187605381012 => 0.10962623357772827
SUC! insert if False:
	word=word prob: 0.10962623357772827 => 0.07945667207241058 label LABEL_25
Example time cost:  0.19 min
ALL examples time cost:  7.35 min
Query times in this attack:  57
Greedy query times: 57
Greedy sub index: 0
Ga query times: 0
All Query times:  2154
All sub index: 0
Avg sub index 0
Success rate:  0.9827586206896551
Successful items count:  57
Total count:  58
Index:  64

enter
LABEL_32 LABEL_32 0.5856395959854126
ACC! n => u prob: 0.5856395959854126 => 0.4984275698661804
NOACC! j => ki prob: 0.4984275698661804 => 0.5104391574859619
ACC! k => u prob: 0.4984275698661804 => 0.4932487905025482
ACC! t => s prob: 0.4932487905025482 => 0.48826372623443604
ACC! d => ld prob: 0.48826372623443604 => 0.4830986559391022
NOACC! o => yo prob: 0.4830986559391022 => 0.4843336343765259
ACC! insert print(v) prob: 0.4830986559391022 => 0.1466541290283203
SUC! insert if False:
	v=v prob: 0.1466541290283203 => 0.05026034265756607 label LABEL_43
Example time cost:  0.34 min
ALL examples time cost:  7.69 min
Query times in this attack:  103
Greedy query times: 103
Greedy sub index: 0
Ga query times: 0
All Query times:  2257
All sub index: 0
Avg sub index 0
Success rate:  0.9830508474576272
Successful items count:  58
Total count:  59
Index:  65

enter
LABEL_33 LABEL_33 0.49415650963783264
SUC! insert print(num) prob: 0.49415650963783264 => 0.06282712519168854 label LABEL_32
Example time cost:  0.03 min
ALL examples time cost:  7.72 min
Query times in this attack:  9
Greedy query times: 9
Greedy sub index: 0
Ga query times: 0
All Query times:  2266
All sub index: 0
Avg sub index 0
Success rate:  0.9833333333333333
Successful items count:  59
Total count:  60
Index:  66

enter
LABEL_33 LABEL_33 0.9241266250610352
ACC! i =>  I prob: 0.9241266250610352 => 0.9168081283569336
SUC! insert print(a) prob: 0.9168081283569336 => 0.1056804284453392 label LABEL_32
Example time cost:  0.09 min
ALL examples time cost:  7.82 min
Query times in this attack:  27
Greedy query times: 27
Greedy sub index: 0
Ga query times: 0
All Query times:  2293
All sub index: 0
Avg sub index 0
Success rate:  0.9836065573770492
Successful items count:  60
Total count:  61
Index:  67

enter
LABEL_34 LABEL_34 0.9411723613739014
ACC! word => all prob: 0.9411723613739014 => 0.9380366802215576
NOACC! root => rew prob: 0.9380366802215576 => 0.9383472800254822
NOACC! x =>  X prob: 0.9380366802215576 => 0.9389028549194336
NOACC! A_root =>  A_row prob: 0.9380366802215576 => 0.9426565170288086
NOACC! t => j prob: 0.9380366802215576 => 0.9440810084342957
Example time cost:  0.24 min
ALL examples time cost:  8.06 min
Query times in this attack:  76
Greedy query times: 76
Greedy sub index: 0
Ga query times: 0
All Query times:  2369
All sub index: 0
Avg sub index 0
Success rate:  0.967741935483871
Successful items count:  60
Total count:  62
Index:  68

enter
LABEL_34 LABEL_34 0.9566299915313721
ACC! count => case prob: 0.9566299915313721 => 0.9546869397163391
ACC! p => P prob: 0.9546869397163391 => 0.9533408284187317
ACC! x => dx prob: 0.9533408284187317 => 0.9520798325538635
ACC! t => int prob: 0.9520798325538635 => 0.932525634765625
ACC! S => Na prob: 0.932525634765625 => 0.9103829264640808
Example time cost:  0.23 min
ALL examples time cost:  8.29 min
Query times in this attack:  73
Greedy query times: 73
Greedy sub index: 0
Ga query times: 0
All Query times:  2442
All sub index: 0
Avg sub index 0
Success rate:  0.9523809523809523
Successful items count:  60
Total count:  63
Index:  69

enter
LABEL_50 LABEL_35 0.07688744366168976
Example time cost:  0.0 min
ALL examples time cost:  8.3 min
Query times in this attack:  1
Greedy query times: 1
Greedy sub index: 0
Ga query times: 0
All Query times:  2443
All sub index: 0
Avg sub index 0
Success rate:  0.9523809523809523
Successful items count:  60
Total count:  63
Index:  70

enter
LABEL_35 LABEL_35 0.25957152247428894
ACC! caseI => CaseI prob: 0.25957152247428894 => 0.22822651267051697
ACC! line => model prob: 0.22822651267051697 => 0.2242678999900818
NOACC! surprise => surprising prob: 0.2242678999900818 => 0.22645360231399536
NOACC! N => it prob: 0.2242678999900818 => 0.22561943531036377
ACC! p => l prob: 0.2242678999900818 => 0.2166559249162674
SUC! insert print(f) prob: 0.2166559249162674 => 0.07188090682029724 label LABEL_43
Example time cost:  0.26 min
ALL examples time cost:  8.55 min
Query times in this attack:  80
Greedy query times: 80
Greedy sub index: 0
Ga query times: 0
All Query times:  2523
All sub index: 0
Avg sub index 0
Success rate:  0.953125
Successful items count:  61
Total count:  64
Index:  71

enter
LABEL_10 LABEL_36 0.15182597935199738
Example time cost:  0.0 min
ALL examples time cost:  8.56 min
Query times in this attack:  1
Greedy query times: 1
Greedy sub index: 0
Ga query times: 0
All Query times:  2524
All sub index: 0
Avg sub index 0
Success rate:  0.953125
Successful items count:  61
Total count:  64
Index:  72

enter
LABEL_36 LABEL_36 0.9673022031784058
ACC! elems =>  elemas prob: 0.9673022031784058 => 0.9334251880645752
ACC! i =>  I prob: 0.9334251880645752 => 0.9180688261985779
ACC! start => size prob: 0.9180688261985779 => 0.8879458904266357
Example time cost:  0.13 min
ALL examples time cost:  8.69 min
Query times in this attack:  43
Greedy query times: 43
Greedy sub index: 0
Ga query times: 0
All Query times:  2567
All sub index: 0
Avg sub index 0
Success rate:  0.9384615384615385
Successful items count:  61
Total count:  65
Index:  73

enter
LABEL_37 LABEL_37 0.9147330522537231
SUC! lines_left => lines128below prob: 0.9147330522537231 => 0.14595049619674683 label LABEL_51
Example time cost:  0.09 min
ALL examples time cost:  8.78 min
Query times in this attack:  27
Greedy query times: 27
Greedy sub index: 0
Ga query times: 0
All Query times:  2594
All sub index: 0
Avg sub index 0
Success rate:  0.9393939393939394
Successful items count:  62
Total count:  66
Index:  74

enter
LABEL_37 LABEL_37 0.04034580662846565
SUC! j => uj prob: 0.04034580662846565 => 0.03928087651729584 label LABEL_32
Example time cost:  0.1 min
ALL examples time cost:  8.88 min
Query times in this attack:  31
Greedy query times: 31
Greedy sub index: 0
Ga query times: 0
All Query times:  2625
All sub index: 0
Avg sub index 0
Success rate:  0.9402985074626866
Successful items count:  63
Total count:  67
Index:  75

enter
LABEL_38 LABEL_38 0.4001488983631134
NOACC! ANS => Q prob: 0.4001488983631134 => 0.4031206965446472
SUC! insert print(S) prob: 0.4001488983631134 => 0.05437573790550232 label LABEL_32
Example time cost:  0.09 min
ALL examples time cost:  8.98 min
Query times in this attack:  27
Greedy query times: 27
Greedy sub index: 0
Ga query times: 0
All Query times:  2652
All sub index: 0
Avg sub index 0
Success rate:  0.9411764705882353
Successful items count:  64
Total count:  68
Index:  76

enter
LABEL_38 LABEL_38 0.9490795731544495
SUC! insert print(T) prob: 0.9490795731544495 => 0.06672466546297073 label LABEL_37
Example time cost:  0.04 min
ALL examples time cost:  9.01 min
Query times in this attack:  10
Greedy query times: 10
Greedy sub index: 0
Ga query times: 0
All Query times:  2662
All sub index: 0
Avg sub index 0
Success rate:  0.9420289855072463
Successful items count:  65
Total count:  69
Index:  77

enter
LABEL_39 LABEL_39 0.8261433839797974
SUC! insert print(s) prob: 0.8261433839797974 => 0.07629124075174332 label LABEL_32
Example time cost:  0.04 min
ALL examples time cost:  9.05 min
Query times in this attack:  10
Greedy query times: 10
Greedy sub index: 0
Ga query times: 0
All Query times:  2672
All sub index: 0
Avg sub index 0
Success rate:  0.9428571428571428
Successful items count:  66
Total count:  70
Index:  78

enter
LABEL_22 LABEL_39 0.4774596393108368
Example time cost:  0.0 min
ALL examples time cost:  9.06 min
Query times in this attack:  1
Greedy query times: 1
Greedy sub index: 0
Ga query times: 0
All Query times:  2673
All sub index: 0
Avg sub index 0
Success rate:  0.9428571428571428
Successful items count:  66
Total count:  70
Index:  79

enter
LABEL_40 LABEL_40 0.16746476292610168
ACC! rres =>  rresult prob: 0.16746476292610168 => 0.11824215203523636
NOACC! odd_pal => odd_cal prob: 0.11824215203523636 => 0.13434618711471558
NOACC! LIMIT => LLimIT prob: 0.11824215203523636 => 0.14561399817466736
SUC! side_length => side_direction prob: 0.11824215203523636 => 0.13544122874736786 label LABEL_45
Example time cost:  0.26 min
ALL examples time cost:  9.31 min
Query times in this attack:  76
Greedy query times: 76
Greedy sub index: 0
Ga query times: 0
All Query times:  2749
All sub index: 0
Avg sub index 0
Success rate:  0.9436619718309859
Successful items count:  67
Total count:  71
Index:  80

enter
LABEL_40 LABEL_40 0.4278452694416046
SUC! insert print(surprising) prob: 0.4278452694416046 => 0.0472952164709568 label LABEL_37
Example time cost:  0.02 min
ALL examples time cost:  9.33 min
Query times in this attack:  4
Greedy query times: 4
Greedy sub index: 0
Ga query times: 0
All Query times:  2753
All sub index: 0
Avg sub index 0
Success rate:  0.9444444444444444
Successful items count:  68
Total count:  72
Index:  81

enter
LABEL_41 LABEL_41 0.8172993063926697
ACC! x => rx prob: 0.8172993063926697 => 0.7769999504089355
SUC! insert print(main) prob: 0.7769999504089355 => 0.0466291569173336 label LABEL_43
Example time cost:  0.07 min
ALL examples time cost:  9.4 min
Query times in this attack:  22
Greedy query times: 22
Greedy sub index: 0
Ga query times: 0
All Query times:  2775
All sub index: 0
Avg sub index 0
Success rate:  0.9452054794520548
Successful items count:  69
Total count:  73
Index:  82

enter
LABEL_41 LABEL_41 0.8274412751197815
SUC! insert print(main) prob: 0.8274412751197815 => 0.06208088994026184 label LABEL_32
Example time cost:  0.05 min
ALL examples time cost:  9.45 min
Query times in this attack:  12
Greedy query times: 12
Greedy sub index: 0
Ga query times: 0
All Query times:  2787
All sub index: 0
Avg sub index 0
Success rate:  0.9459459459459459
Successful items count:  70
Total count:  74
Index:  83

enter
LABEL_42 LABEL_42 0.8583120107650757
SUC! insert print(s) prob: 0.8583120107650757 => 0.06871780008077621 label LABEL_32
Example time cost:  0.06 min
ALL examples time cost:  9.5 min
Query times in this attack:  15
Greedy query times: 15
Greedy sub index: 0
Ga query times: 0
All Query times:  2802
All sub index: 0
Avg sub index 0
Success rate:  0.9466666666666667
Successful items count:  71
Total count:  75
Index:  84

enter
LABEL_42 LABEL_42 0.822392463684082
ACC! t => j prob: 0.822392463684082 => 0.726526141166687
SUC! insert print(j) prob: 0.726526141166687 => 0.07252849638462067 label LABEL_37
Example time cost:  0.09 min
ALL examples time cost:  9.6 min
Query times in this attack:  27
Greedy query times: 27
Greedy sub index: 0
Ga query times: 0
All Query times:  2829
All sub index: 0
Avg sub index 0
Success rate:  0.9473684210526315
Successful items count:  72
Total count:  76
Index:  85

enter
LABEL_25 LABEL_43 0.050293248146772385
Example time cost:  0.01 min
ALL examples time cost:  9.6 min
Query times in this attack:  1
Greedy query times: 1
Greedy sub index: 0
Ga query times: 0
All Query times:  2830
All sub index: 0
Avg sub index 0
Success rate:  0.9473684210526315
Successful items count:  72
Total count:  76
Index:  86

enter
LABEL_43 LABEL_43 0.8967177271842957
ACC! case => config prob: 0.8967177271842957 => 0.8251349329948425
ACC! problem =>  problems prob: 0.8251349329948425 => 0.7811033725738525
ACC! practice => am prob: 0.7811033725738525 => 0.7364963889122009
SUC! insert print(config) prob: 0.7364963889122009 => 0.08182548731565475 label LABEL_32
Example time cost:  0.21 min
ALL examples time cost:  9.81 min
Query times in this attack:  61
Greedy query times: 61
Greedy sub index: 0
Ga query times: 0
All Query times:  2891
All sub index: 0
Avg sub index 0
Success rate:  0.948051948051948
Successful items count:  73
Total count:  77
Index:  87

enter
LABEL_44 LABEL_44 0.932098388671875
ACC! num => ti prob: 0.932098388671875 => 0.8979373574256897
SUC! insert print(ti) prob: 0.8979373574256897 => 0.09327970445156097 label LABEL_32
Example time cost:  0.09 min
ALL examples time cost:  9.89 min
Query times in this attack:  25
Greedy query times: 25
Greedy sub index: 0
Ga query times: 0
All Query times:  2916
All sub index: 0
Avg sub index 0
Success rate:  0.9487179487179487
Successful items count:  74
Total count:  78
Index:  88

enter
LABEL_44 LABEL_44 0.8729847073554993
SUC! insert print(i) prob: 0.8729847073554993 => 0.044822871685028076 label LABEL_15
Example time cost:  0.06 min
ALL examples time cost:  9.95 min
Query times in this attack:  16
Greedy query times: 16
Greedy sub index: 0
Ga query times: 0
All Query times:  2932
All sub index: 0
Avg sub index 0
Success rate:  0.9493670886075949
Successful items count:  75
Total count:  79
Index:  89

enter
LABEL_5 LABEL_45 0.038961261510849
Example time cost:  0.0 min
ALL examples time cost:  9.96 min
Query times in this attack:  1
Greedy query times: 1
Greedy sub index: 0
Ga query times: 0
All Query times:  2933
All sub index: 0
Avg sub index 0
Success rate:  0.9493670886075949
Successful items count:  75
Total count:  79
Index:  90

enter
LABEL_45 LABEL_45 0.8481920957565308
ACC! casenum =>  casumer prob: 0.8481920957565308 => 0.5456001162528992
NOACC! maxgooglers => maxgouglers prob: 0.5456001162528992 => 0.5502992272377014
ACC! score => une prob: 0.5456001162528992 => 0.5385318398475647
ACC! line => LINE prob: 0.5385318398475647 => 0.45559102296829224
NOACC! p => n prob: 0.45559102296829224 => 0.4663837254047394
SUC! insert print(une) prob: 0.45559102296829224 => 0.11687619239091873 label LABEL_32
Example time cost:  0.25 min
ALL examples time cost:  10.21 min
Query times in this attack:  78
Greedy query times: 78
Greedy sub index: 0
Ga query times: 0
All Query times:  3011
All sub index: 0
Avg sub index 0
Success rate:  0.95
Successful items count:  76
Total count:  80
Index:  91

enter
LABEL_46 LABEL_46 0.9146918654441833
ACC! root => rew prob: 0.9146918654441833 => 0.8991004228591919
SUC! insert print(n) prob: 0.8991004228591919 => 0.1120050922036171 label LABEL_32
Example time cost:  0.11 min
ALL examples time cost:  10.32 min
Query times in this attack:  32
Greedy query times: 32
Greedy sub index: 0
Ga query times: 0
All Query times:  3043
All sub index: 0
Avg sub index 0
Success rate:  0.9506172839506173
Successful items count:  77
Total count:  81
Index:  92

enter
LABEL_46 LABEL_46 0.9488335251808167
SUC! insert print(input) prob: 0.9488335251808167 => 0.048897381871938705 label LABEL_41
Example time cost:  0.07 min
ALL examples time cost:  10.39 min
Query times in this attack:  19
Greedy query times: 19
Greedy sub index: 0
Ga query times: 0
All Query times:  3062
All sub index: 0
Avg sub index 0
Success rate:  0.9512195121951219
Successful items count:  78
Total count:  82
Index:  93

enter
LABEL_41 LABEL_47 0.07749933749437332
Example time cost:  0.0 min
ALL examples time cost:  10.4 min
Query times in this attack:  1
Greedy query times: 1
Greedy sub index: 0
Ga query times: 0
All Query times:  3063
All sub index: 0
Avg sub index 0
Success rate:  0.9512195121951219
Successful items count:  78
Total count:  82
Index:  94

enter
LABEL_47 LABEL_47 0.8665491938591003
SUC! insert print(OEXT) prob: 0.8665491938591003 => 0.06932651251554489 label LABEL_32
Example time cost:  0.09 min
ALL examples time cost:  10.49 min
Query times in this attack:  23
Greedy query times: 23
Greedy sub index: 0
Ga query times: 0
All Query times:  3086
All sub index: 0
Avg sub index 0
Success rate:  0.9518072289156626
Successful items count:  79
Total count:  83
Index:  95

enter
LABEL_48 LABEL_48 0.9684770107269287
ACC! x => exc prob: 0.9684770107269287 => 0.9603021740913391
ACC! filenames => fENaves prob: 0.9603021740913391 => 0.9589232802391052
ACC! l1 => Lone prob: 0.9589232802391052 => 0.9530770778656006
SUC! insert print(directory) prob: 0.9530770778656006 => 0.06015058234333992 label LABEL_15
Example time cost:  0.19 min
ALL examples time cost:  10.68 min
Query times in this attack:  58
Greedy query times: 58
Greedy sub index: 0
Ga query times: 0
All Query times:  3144
All sub index: 0
Avg sub index 0
Success rate:  0.9523809523809523
Successful items count:  80
Total count:  84
Index:  96

enter
LABEL_48 LABEL_48 0.9623161554336548
SUC! insert print(directory) prob: 0.9623161554336548 => 0.05971575900912285 label LABEL_15
Example time cost:  0.08 min
ALL examples time cost:  10.76 min
Query times in this attack:  20
Greedy query times: 20
Greedy sub index: 0
Ga query times: 0
All Query times:  3164
All sub index: 0
Avg sub index 0
Success rate:  0.9529411764705882
Successful items count:  81
Total count:  85
Index:  97

enter
LABEL_49 LABEL_49 0.5509992837905884
SUC! insert print(n) prob: 0.5509992837905884 => 0.06664551794528961 label LABEL_32
Example time cost:  0.06 min
ALL examples time cost:  10.82 min
Query times in this attack:  16
Greedy query times: 16
Greedy sub index: 0
Ga query times: 0
All Query times:  3180
All sub index: 0
Avg sub index 0
Success rate:  0.9534883720930233
Successful items count:  82
Total count:  86
Index:  98

enter
LABEL_49 LABEL_49 0.9484063982963562
ACC! cases => sets prob: 0.9484063982963562 => 0.9110985398292542
ACC! p => ip prob: 0.9110985398292542 => 0.8982037901878357
NOACC! T => D prob: 0.8982037901878357 => 0.8998900055885315
NOACC! okLimit => maxPosition prob: 0.8982037901878357 => 0.9000139832496643
SUC! insert print(fin) prob: 0.8982037901878357 => 0.0536232590675354 label LABEL_36
Example time cost:  0.22 min
ALL examples time cost:  11.04 min
Query times in this attack:  68
Greedy query times: 68
Greedy sub index: 0
Ga query times: 0
All Query times:  3248
All sub index: 0
Avg sub index 0
Success rate:  0.9540229885057471
Successful items count:  83
Total count:  87
Index:  99

enter
LABEL_50 LABEL_50 0.9302438497543335
ACC! n =>  N prob: 0.9302438497543335 => 0.8917025327682495
ACC! T => Z prob: 0.8917025327682495 => 0.8425226807594299
ACC! count => id prob: 0.8425226807594299 => 0.8131871819496155
NOACC! B => D prob: 0.8131871819496155 => 0.8219691514968872
ACC! square => corn prob: 0.8131871819496155 => 0.8049530982971191
NOACC! digits => splits prob: 0.8049530982971191 => 0.8278884887695312
ACC! A => D prob: 0.8049530982971191 => 0.790972113609314
Example time cost:  0.32 min
ALL examples time cost:  11.36 min
Query times in this attack:  101
Greedy query times: 101
Greedy sub index: 0
Ga query times: 0
All Query times:  3349
All sub index: 0
Avg sub index 0
Success rate:  0.9431818181818182
Successful items count:  83
Total count:  88
Index:  100

enter
LABEL_50 LABEL_50 0.888383686542511
SUC! insert print(scores) prob: 0.888383686542511 => 0.04803420975804329 label LABEL_15
Example time cost:  0.05 min
ALL examples time cost:  11.4 min
Query times in this attack:  12
Greedy query times: 12
Greedy sub index: 0
Ga query times: 0
All Query times:  3361
All sub index: 0
Avg sub index 0
Success rate:  0.9438202247191011
Successful items count:  84
Total count:  89
Index:  101

enter
LABEL_47 LABEL_51 0.10512516647577286
Example time cost:  0.0 min
ALL examples time cost:  11.41 min
Query times in this attack:  1
Greedy query times: 1
Greedy sub index: 0
Ga query times: 0
All Query times:  3362
All sub index: 0
Avg sub index 0
Success rate:  0.9438202247191011
Successful items count:  84
Total count:  89
Index:  102

enter
LABEL_51 LABEL_51 0.9028167724609375
ACC! data_line => datamatlin prob: 0.9028167724609375 => 0.889070451259613
NOACC! N => n prob: 0.889070451259613 => 0.9049911499023438
ACC! S => out prob: 0.889070451259613 => 0.8651562929153442
SUC! insert print(t) prob: 0.8651562929153442 => 0.06969711184501648 label LABEL_32
Example time cost:  0.2 min
ALL examples time cost:  11.61 min
Query times in this attack:  60
Greedy query times: 60
Greedy sub index: 0
Ga query times: 0
All Query times:  3422
All sub index: 0
Avg sub index 0
Success rate:  0.9444444444444444
Successful items count:  85
Total count:  90
Index:  103

enter
LABEL_52 LABEL_52 0.7589155435562134
ACC! ab => am prob: 0.7589155435562134 => 0.7219616174697876
ACC! case_number => case__numbered prob: 0.7219616174697876 => 0.6745197772979736
SUC! insert print(x) prob: 0.6745197772979736 => 0.07623197138309479 label LABEL_32
Example time cost:  0.12 min
ALL examples time cost:  11.73 min
Query times in this attack:  37
Greedy query times: 37
Greedy sub index: 0
Ga query times: 0
All Query times:  3459
All sub index: 0
Avg sub index 0
Success rate:  0.945054945054945
Successful items count:  86
Total count:  91
Index:  104

enter
LABEL_52 LABEL_52 0.9223962426185608
SUC! insert print(mod_plus_conv_with_s) prob: 0.9223962426185608 => 0.05017779394984245 label LABEL_37
Example time cost:  0.05 min
ALL examples time cost:  11.78 min
Query times in this attack:  13
Greedy query times: 13
Greedy sub index: 0
Ga query times: 0
All Query times:  3472
All sub index: 0
Avg sub index 0
Success rate:  0.9456521739130435
Successful items count:  87
Total count:  92
Index:  105

enter
LABEL_53 LABEL_53 0.9467540383338928
SUC! insert print(n) prob: 0.9467540383338928 => 0.05725919082760811 label LABEL_32
Example time cost:  0.05 min
ALL examples time cost:  11.84 min
Query times in this attack:  14
Greedy query times: 14
Greedy sub index: 0
Ga query times: 0
All Query times:  3486
All sub index: 0
Avg sub index 0
Success rate:  0.946236559139785
Successful items count:  88
Total count:  93
Index:  106

enter
LABEL_53 LABEL_53 0.7251296043395996
SUC! insert print(n_cases) prob: 0.7251296043395996 => 0.0389019250869751 label LABEL_15
Example time cost:  0.06 min
ALL examples time cost:  11.9 min
Query times in this attack:  16
Greedy query times: 16
Greedy sub index: 0
Ga query times: 0
All Query times:  3502
All sub index: 0
Avg sub index 0
Success rate:  0.9468085106382979
Successful items count:  89
Total count:  94
Index:  107

enter
LABEL_54 LABEL_54 0.9621888995170593
ACC! n => nw prob: 0.9621888995170593 => 0.9588214159011841
ACC! x => xx prob: 0.9588214159011841 => 0.9532343149185181
ACC! i => ri prob: 0.9532343149185181 => 0.9505511522293091
ACC! b => bb prob: 0.9505511522293091 => 0.9304515719413757
ACC! l =>  L prob: 0.9304515719413757 => 0.9123135209083557
ACC! a => alpha prob: 0.9123135209083557 => 0.8876685500144958
ACC! result => url prob: 0.8876685500144958 => 0.8750565648078918
NOACC! u => ue prob: 0.8750565648078918 => 0.8798463344573975
SUC! insert print(nw) prob: 0.8750565648078918 => 0.09587187319993973 label LABEL_32
Example time cost:  0.37 min
ALL examples time cost:  12.26 min
Query times in this attack:  116
Greedy query times: 116
Greedy sub index: 0
Ga query times: 0
All Query times:  3618
All sub index: 0
Avg sub index 0
Success rate:  0.9473684210526315
Successful items count:  90
Total count:  95
Index:  108

enter
LABEL_54 LABEL_54 0.9589340090751648
ACC! x => xx prob: 0.9589340090751648 => 0.9457579255104065
SUC! insert print(ts) prob: 0.9457579255104065 => 0.0695362389087677 label LABEL_32
Example time cost:  0.1 min
ALL examples time cost:  12.36 min
Query times in this attack:  28
Greedy query times: 28
Greedy sub index: 0
Ga query times: 0
All Query times:  3646
All sub index: 0
Avg sub index 0
Success rate:  0.9479166666666666
Successful items count:  91
Total count:  96
Index:  109

enter
LABEL_55 LABEL_55 0.3984147906303406
SUC! insert print(n) prob: 0.3984147906303406 => 0.07563858479261398 label LABEL_32
Example time cost:  0.07 min
ALL examples time cost:  12.43 min
Query times in this attack:  18
Greedy query times: 18
Greedy sub index: 0
Ga query times: 0
All Query times:  3664
All sub index: 0
Avg sub index 0
Success rate:  0.9484536082474226
Successful items count:  92
Total count:  97
Index:  110

enter
LABEL_55 LABEL_55 0.9682871699333191
SUC! insert print(f) prob: 0.9682871699333191 => 0.05030183121562004 label LABEL_32
Example time cost:  0.06 min
ALL examples time cost:  12.49 min
Query times in this attack:  16
Greedy query times: 16
Greedy sub index: 0
Ga query times: 0
All Query times:  3680
All sub index: 0
Avg sub index 0
Success rate:  0.9489795918367347
Successful items count:  93
Total count:  98
Index:  111

enter
LABEL_56 LABEL_56 0.9359042644500732
ACC! file => stream prob: 0.9359042644500732 => 0.8849836587905884
SUC! insert print(stream) prob: 0.8849836587905884 => 0.05765194445848465 label LABEL_32
Example time cost:  0.11 min
ALL examples time cost:  12.6 min
Query times in this attack:  31
Greedy query times: 31
Greedy sub index: 0
Ga query times: 0
All Query times:  3711
All sub index: 0
Avg sub index 0
Success rate:  0.9494949494949495
Successful items count:  94
Total count:  99
Index:  112

enter
LABEL_43 LABEL_56 0.08069435507059097
Example time cost:  0.0 min
ALL examples time cost:  12.6 min
Query times in this attack:  1
Greedy query times: 1
Greedy sub index: 0
Ga query times: 0
All Query times:  3712
All sub index: 0
Avg sub index 0
Success rate:  0.9494949494949495
Successful items count:  94
Total count:  99
Index:  113

enter
LABEL_57 LABEL_57 0.8789995312690735
ACC! num => miss prob: 0.8789995312690735 => 0.8735572695732117
ACC! int_maior => int2mmaior prob: 0.8735572695732117 => 0.8719163537025452
ACC! x => l prob: 0.8719163537025452 => 0.8616957664489746
ACC! self => proc prob: 0.8616957664489746 => 0.7432271838188171
ACC! quadrado =>  quadrabo prob: 0.7432271838188171 => 0.6877632737159729
Example time cost:  0.25 min
ALL examples time cost:  12.85 min
Query times in this attack:  77
Greedy query times: 77
Greedy sub index: 0
Ga query times: 0
All Query times:  3789
All sub index: 0
Avg sub index 0
Success rate:  0.94
Successful items count:  94
Total count:  100
Index:  114

enter
LABEL_57 LABEL_57 0.48022347688674927
SUC! insert print(tCase) prob: 0.48022347688674927 => 0.054133445024490356 label LABEL_37
Example time cost:  0.06 min
ALL examples time cost:  12.91 min
Query times in this attack:  17
Greedy query times: 17
Greedy sub index: 0
Ga query times: 0
All Query times:  3806
All sub index: 0
Avg sub index 0
Success rate:  0.9405940594059405
Successful items count:  95
Total count:  101
Index:  115

enter
LABEL_58 LABEL_58 0.8162655234336853
SUC! insert print(x) prob: 0.8162655234336853 => 0.07941905409097672 label LABEL_37
Example time cost:  0.07 min
ALL examples time cost:  12.98 min
Query times in this attack:  18
Greedy query times: 18
Greedy sub index: 0
Ga query times: 0
All Query times:  3824
All sub index: 0
Avg sub index 0
Success rate:  0.9411764705882353
Successful items count:  96
Total count:  102
Index:  116

enter
LABEL_58 LABEL_58 0.41273853182792664
ACC! result => now prob: 0.41273853182792664 => 0.33092254400253296
ACC! t => unit prob: 0.33092254400253296 => 0.2257881760597229
SUC! insert print(unit) prob: 0.2257881760597229 => 0.10026418417692184 label LABEL_32
Example time cost:  0.13 min
ALL examples time cost:  13.12 min
Query times in this attack:  40
Greedy query times: 40
Greedy sub index: 0
Ga query times: 0
All Query times:  3864
All sub index: 0
Avg sub index 0
Success rate:  0.941747572815534
Successful items count:  97
Total count:  103
Index:  117

enter
LABEL_59 LABEL_59 0.3900519013404846
NOACC! fname => ckey prob: 0.3900519013404846 => 0.4043992757797241
ACC! oname => uninam prob: 0.3900519013404846 => 0.3512777090072632
NOACC! out => Out prob: 0.3512777090072632 => 0.37230968475341797
NOACC! n => name prob: 0.3512777090072632 => 0.35449475049972534
NOACC! args => ras prob: 0.3512777090072632 => 0.35420823097229004
NOACC! line => cell prob: 0.3512777090072632 => 0.3735349178314209
ACC! case_num => case6NUM prob: 0.3512777090072632 => 0.3264205753803253
ACC! count => size prob: 0.3264205753803253 => 0.2881578207015991
ACC! lo => lim prob: 0.2881578207015991 => 0.2743065357208252
ACC! i => j prob: 0.2743065357208252 => 0.25746023654937744
Example time cost:  0.46 min
ALL examples time cost:  13.57 min
Query times in this attack:  144
Greedy query times: 144
Greedy sub index: 0
Ga query times: 0
All Query times:  4008
All sub index: 0
Avg sub index 0
Success rate:  0.9326923076923077
Successful items count:  97
Total count:  104
Index:  118

enter
LABEL_59 LABEL_59 0.537665843963623
ACC! t => art prob: 0.537665843963623 => 0.4560531973838806
ACC! i => phi prob: 0.4560531973838806 => 0.4001546800136566
SUC! insert print(fileName) prob: 0.4001546800136566 => 0.05696851387619972 label LABEL_32
Example time cost:  0.15 min
ALL examples time cost:  13.72 min
Query times in this attack:  44
Greedy query times: 44
Greedy sub index: 0
Ga query times: 0
All Query times:  4052
All sub index: 0
Avg sub index 0
Success rate:  0.9333333333333333
Successful items count:  98
Total count:  105
Index:  119

enter
LABEL_60 LABEL_60 0.9739940762519836
ACC! i => chi prob: 0.9739940762519836 => 0.9722062945365906
SUC! insert print(f) prob: 0.9722062945365906 => 0.05776877701282501 label LABEL_32
Example time cost:  0.12 min
ALL examples time cost:  13.85 min
Query times in this attack:  35
Greedy query times: 35
Greedy sub index: 0
Ga query times: 0
All Query times:  4087
All sub index: 0
Avg sub index 0
Success rate:  0.9339622641509434
Successful items count:  99
Total count:  106
Index:  120

enter
LABEL_60 LABEL_60 0.8476881384849548
SUC! R => RW prob: 0.8476881384849548 => 0.11780469119548798 label LABEL_51
Example time cost:  0.1 min
ALL examples time cost:  13.95 min
Query times in this attack:  31
Greedy query times: 31
Greedy sub index: 0
Ga query times: 0
All Query times:  4118
All sub index: 0
Avg sub index 0
Success rate:  0.9345794392523364
Successful items count:  100
Total count:  107
Index:  121

enter
LABEL_61 LABEL_61 0.29608097672462463
SUC! insert print(x) prob: 0.29608097672462463 => 0.08153939247131348 label LABEL_37
Example time cost:  0.04 min
ALL examples time cost:  13.99 min
Query times in this attack:  11
Greedy query times: 11
Greedy sub index: 0
Ga query times: 0
All Query times:  4129
All sub index: 0
Avg sub index 0
Success rate:  0.9351851851851852
Successful items count:  101
Total count:  108
Index:  122

enter
LABEL_61 LABEL_61 0.27334120869636536
SUC! insert print(t) prob: 0.27334120869636536 => 0.07732897996902466 label LABEL_32
Example time cost:  0.04 min
ALL examples time cost:  14.03 min
Query times in this attack:  11
Greedy query times: 11
Greedy sub index: 0
Ga query times: 0
All Query times:  4140
All sub index: 0
Avg sub index 0
Success rate:  0.9357798165137615
Successful items count:  102
Total count:  109
Index:  123

enter
LABEL_62 LABEL_62 0.21589376032352448
ACC! n => np prob: 0.21589376032352448 => 0.19143177568912506
ACC! pp => sup prob: 0.19143177568912506 => 0.17664195597171783
ACC! s => ses prob: 0.17664195597171783 => 0.1722351610660553
NOACC! limit => unit prob: 0.1722351610660553 => 0.18140609562397003
SUC! stdin => ddin prob: 0.1722351610660553 => 0.08419957011938095 label LABEL_55
Example time cost:  0.28 min
ALL examples time cost:  14.31 min
Query times in this attack:  85
Greedy query times: 85
Greedy sub index: 0
Ga query times: 0
All Query times:  4225
All sub index: 0
Avg sub index 0
Success rate:  0.9363636363636364
Successful items count:  103
Total count:  110
Index:  124

enter
LABEL_62 LABEL_62 0.37703824043273926
SUC! insert print(T) prob: 0.37703824043273926 => 0.042897406965494156 label LABEL_25
Example time cost:  0.04 min
ALL examples time cost:  14.36 min
Query times in this attack:  11
Greedy query times: 11
Greedy sub index: 0
Ga query times: 0
All Query times:  4236
All sub index: 0
Avg sub index 0
Success rate:  0.9369369369369369
Successful items count:  104
Total count:  111
Index:  125

enter
LABEL_63 LABEL_63 0.6731622219085693
SUC! insert print(N) prob: 0.6731622219085693 => 0.0672643780708313 label LABEL_37
Example time cost:  0.06 min
ALL examples time cost:  14.42 min
Query times in this attack:  16
Greedy query times: 16
Greedy sub index: 0
Ga query times: 0
All Query times:  4252
All sub index: 0
Avg sub index 0
Success rate:  0.9375
Successful items count:  105
Total count:  112
Index:  126

enter
LABEL_63 LABEL_63 0.8732474446296692
SUC! insert print(stdin) prob: 0.8732474446296692 => 0.050431087613105774 label LABEL_15
Example time cost:  0.06 min
ALL examples time cost:  14.47 min
Query times in this attack:  15
Greedy query times: 15
Greedy sub index: 0
Ga query times: 0
All Query times:  4267
All sub index: 0
Avg sub index 0
Success rate:  0.9380530973451328
Successful items count:  106
Total count:  113
Index:  127

enter
LABEL_64 LABEL_64 0.9599870443344116
ACC! n => nos prob: 0.9599870443344116 => 0.9561107754707336
ACC! fas => lac prob: 0.9561107754707336 => 0.9534011483192444
ACC! i => t prob: 0.9534011483192444 => 0.949589192867279
NOACC! B => Q prob: 0.949589192867279 => 0.9531496167182922
SUC! insert print(nos) prob: 0.949589192867279 => 0.06026766449213028 label LABEL_32
Example time cost:  0.23 min
ALL examples time cost:  14.7 min
Query times in this attack:  69
Greedy query times: 69
Greedy sub index: 0
Ga query times: 0
All Query times:  4336
All sub index: 0
Avg sub index 0
Success rate:  0.9385964912280702
Successful items count:  107
Total count:  114
Index:  128

enter
LABEL_64 LABEL_64 0.9077017307281494
ACC! a => new prob: 0.9077017307281494 => 0.857131838798523
NOACC! i => II prob: 0.857131838798523 => 0.8838565349578857
NOACC! p => n prob: 0.857131838798523 => 0.8703557252883911
NOACC! Ti => Vi prob: 0.857131838798523 => 0.8966732621192932
NOACC! t => tp prob: 0.857131838798523 => 0.8762797713279724
NOACC! totals => Tfatalls prob: 0.857131838798523 => 0.884848415851593
NOACC! curr_S => curr_T prob: 0.857131838798523 => 0.874396800994873
NOACC! N => H prob: 0.857131838798523 => 0.8812761902809143
NOACC! m => r prob: 0.857131838798523 => 0.8812623620033264
SUC! insert print(T) prob: 0.857131838798523 => 0.06190604716539383 label LABEL_15
Example time cost:  0.42 min
ALL examples time cost:  15.11 min
Query times in this attack:  131
Greedy query times: 131
Greedy sub index: 0
Ga query times: 0
All Query times:  4467
All sub index: 0
Avg sub index 0
Success rate:  0.9391304347826087
Successful items count:  108
Total count:  115
Index:  129

enter
LABEL_65 LABEL_65 0.6385573148727417
SUC! insert print(t) prob: 0.6385573148727417 => 0.06292369961738586 label LABEL_43
Example time cost:  0.07 min
ALL examples time cost:  15.19 min
Query times in this attack:  19
Greedy query times: 19
Greedy sub index: 0
Ga query times: 0
All Query times:  4486
All sub index: 0
Avg sub index 0
Success rate:  0.9396551724137931
Successful items count:  109
Total count:  116
Index:  130

enter
LABEL_40 LABEL_65 0.1574423462152481
Example time cost:  0.0 min
ALL examples time cost:  15.19 min
Query times in this attack:  1
Greedy query times: 1
Greedy sub index: 0
Ga query times: 0
All Query times:  4487
All sub index: 0
Avg sub index 0
Success rate:  0.9396551724137931
Successful items count:  109
Total count:  116
Index:  131

