enter
LABEL_0 LABEL_0 0.127025306224823
SUC! insert print(number) prob: 0.127025306224823 => 0.07373391091823578 label LABEL_32
Example time cost:  0.08 min
ALL examples time cost:  0.08 min
Query times in this attack:  18
Greedy query times: 18
Greedy sub index: 0
Ga query times: 0
All Query times:  18
All sub index: 0
Avg sub index 0
Success rate:  1.0
Successful items count:  1
Total count:  1
Index:  0

enter
LABEL_0 LABEL_0 0.33858633041381836
SUC! insert print(table) prob: 0.33858633041381836 => 0.12138757854700089 label LABEL_32
Example time cost:  0.05 min
ALL examples time cost:  0.12 min
Query times in this attack:  13
Greedy query times: 13
Greedy sub index: 0
Ga query times: 0
All Query times:  31
All sub index: 0
Avg sub index 0
Success rate:  1.0
Successful items count:  2
Total count:  2
Index:  1

enter
LABEL_1 LABEL_1 0.9718116521835327
SUC! insert print(num) prob: 0.9718116521835327 => 0.07324209809303284 label LABEL_32
Example time cost:  0.09 min
ALL examples time cost:  0.21 min
Query times in this attack:  23
Greedy query times: 23
Greedy sub index: 0
Ga query times: 0
All Query times:  54
All sub index: 0
Avg sub index 0
Success rate:  1.0
Successful items count:  3
Total count:  3
Index:  2

enter
LABEL_1 LABEL_1 0.9755975008010864
SUC! insert print(p) prob: 0.9755975008010864 => 0.07940053194761276 label LABEL_32
Example time cost:  0.09 min
ALL examples time cost:  0.3 min
Query times in this attack:  24
Greedy query times: 24
Greedy sub index: 0
Ga query times: 0
All Query times:  78
All sub index: 0
Avg sub index 0
Success rate:  1.0
Successful items count:  4
Total count:  4
Index:  3

enter
LABEL_37 LABEL_2 0.05573917180299759
Example time cost:  0.0 min
ALL examples time cost:  0.31 min
Query times in this attack:  1
Greedy query times: 1
Greedy sub index: 0
Ga query times: 0
All Query times:  79
All sub index: 0
Avg sub index 0
Success rate:  1.0
Successful items count:  4
Total count:  4
Index:  4

enter
LABEL_2 LABEL_2 0.9157934188842773
SUC! insert print(N) prob: 0.9157934188842773 => 0.047164540737867355 label LABEL_15
Example time cost:  0.04 min
ALL examples time cost:  0.35 min
Query times in this attack:  11
Greedy query times: 11
Greedy sub index: 0
Ga query times: 0
All Query times:  90
All sub index: 0
Avg sub index 0
Success rate:  1.0
Successful items count:  5
Total count:  5
Index:  5

enter
LABEL_3 LABEL_3 0.3279275894165039
SUC! insert print(N) prob: 0.3279275894165039 => 0.07670960575342178 label LABEL_15
Example time cost:  0.09 min
ALL examples time cost:  0.44 min
Query times in this attack:  24
Greedy query times: 24
Greedy sub index: 0
Ga query times: 0
All Query times:  114
All sub index: 0
Avg sub index 0
Success rate:  1.0
Successful items count:  6
Total count:  6
Index:  6

enter
LABEL_3 LABEL_3 0.6077573299407959
SUC! insert print(T) prob: 0.6077573299407959 => 0.04649752378463745 label LABEL_25
Example time cost:  0.04 min
ALL examples time cost:  0.48 min
Query times in this attack:  12
Greedy query times: 12
Greedy sub index: 0
Ga query times: 0
All Query times:  126
All sub index: 0
Avg sub index 0
Success rate:  1.0
Successful items count:  7
Total count:  7
Index:  7

enter
LABEL_4 LABEL_4 0.8866150379180908
SUC! insert print(f) prob: 0.8866150379180908 => 0.06452465802431107 label LABEL_37
Example time cost:  0.06 min
ALL examples time cost:  0.54 min
Query times in this attack:  16
Greedy query times: 16
Greedy sub index: 0
Ga query times: 0
All Query times:  142
All sub index: 0
Avg sub index 0
Success rate:  1.0
Successful items count:  8
Total count:  8
Index:  8

enter
LABEL_4 LABEL_4 0.8967311382293701
SUC! insert print(f) prob: 0.8967311382293701 => 0.06452465802431107 label LABEL_37
Example time cost:  0.05 min
ALL examples time cost:  0.59 min
Query times in this attack:  12
Greedy query times: 12
Greedy sub index: 0
Ga query times: 0
All Query times:  154
All sub index: 0
Avg sub index 0
Success rate:  1.0
Successful items count:  9
Total count:  9
Index:  9

enter
LABEL_5 LABEL_5 0.9601860642433167
SUC! insert print(t) prob: 0.9601860642433167 => 0.0742398276925087 label LABEL_32
Example time cost:  0.11 min
ALL examples time cost:  0.7 min
Query times in this attack:  29
Greedy query times: 29
Greedy sub index: 0
Ga query times: 0
All Query times:  183
All sub index: 0
Avg sub index 0
Success rate:  1.0
Successful items count:  10
Total count:  10
Index:  10

enter
LABEL_5 LABEL_5 0.9522733092308044
SUC! insert print(icase) prob: 0.9522733092308044 => 0.06075245141983032 label LABEL_32
Example time cost:  0.09 min
ALL examples time cost:  0.79 min
Query times in this attack:  24
Greedy query times: 24
Greedy sub index: 0
Ga query times: 0
All Query times:  207
All sub index: 0
Avg sub index 0
Success rate:  1.0
Successful items count:  11
Total count:  11
Index:  11

enter
LABEL_6 LABEL_6 0.2418227344751358
SUC! insert print(T) prob: 0.2418227344751358 => 0.04901975020766258 label LABEL_37
Example time cost:  0.04 min
ALL examples time cost:  0.83 min
Query times in this attack:  10
Greedy query times: 10
Greedy sub index: 0
Ga query times: 0
All Query times:  217
All sub index: 0
Avg sub index 0
Success rate:  1.0
Successful items count:  12
Total count:  12
Index:  12

enter
LABEL_6 LABEL_6 0.7342588305473328
SUC! insert print(T) prob: 0.7342588305473328 => 0.0534207746386528 label LABEL_26
Example time cost:  0.05 min
ALL examples time cost:  0.88 min
Query times in this attack:  13
Greedy query times: 13
Greedy sub index: 0
Ga query times: 0
All Query times:  230
All sub index: 0
Avg sub index 0
Success rate:  1.0
Successful items count:  13
Total count:  13
Index:  13

enter
LABEL_7 LABEL_7 0.7328755259513855
SUC! insert print(fin) prob: 0.7328755259513855 => 0.043358154594898224 label LABEL_35
Example time cost:  0.06 min
ALL examples time cost:  0.94 min
Query times in this attack:  16
Greedy query times: 16
Greedy sub index: 0
Ga query times: 0
All Query times:  246
All sub index: 0
Avg sub index 0
Success rate:  1.0
Successful items count:  14
Total count:  14
Index:  14

enter
LABEL_7 LABEL_7 0.8060513138771057
SUC! insert print(input_file) prob: 0.8060513138771057 => 0.057841408997774124 label LABEL_65
Example time cost:  0.08 min
ALL examples time cost:  1.01 min
Query times in this attack:  20
Greedy query times: 20
Greedy sub index: 0
Ga query times: 0
All Query times:  266
All sub index: 0
Avg sub index 0
Success rate:  1.0
Successful items count:  15
Total count:  15
Index:  15

enter
LABEL_37 LABEL_8 0.09231877326965332
Example time cost:  0.0 min
ALL examples time cost:  1.02 min
Query times in this attack:  1
Greedy query times: 1
Greedy sub index: 0
Ga query times: 0
All Query times:  267
All sub index: 0
Avg sub index 0
Success rate:  1.0
Successful items count:  15
Total count:  15
Index:  16

enter
LABEL_3 LABEL_8 0.5012869834899902
Example time cost:  0.0 min
ALL examples time cost:  1.02 min
Query times in this attack:  1
Greedy query times: 1
Greedy sub index: 0
Ga query times: 0
All Query times:  268
All sub index: 0
Avg sub index 0
Success rate:  1.0
Successful items count:  15
Total count:  15
Index:  17

enter
LABEL_9 LABEL_9 0.6569390296936035
SUC! insert print(strNum) prob: 0.6569390296936035 => 0.0949767678976059 label LABEL_32
Example time cost:  0.05 min
ALL examples time cost:  1.07 min
Query times in this attack:  14
Greedy query times: 14
Greedy sub index: 0
Ga query times: 0
All Query times:  282
All sub index: 0
Avg sub index 0
Success rate:  1.0
Successful items count:  16
Total count:  16
Index:  18

enter
LABEL_9 LABEL_9 0.36441749334335327
SUC! insert print(outputFile) prob: 0.36441749334335327 => 0.06505127996206284 label LABEL_43
Example time cost:  0.06 min
ALL examples time cost:  1.13 min
Query times in this attack:  15
Greedy query times: 15
Greedy sub index: 0
Ga query times: 0
All Query times:  297
All sub index: 0
Avg sub index 0
Success rate:  1.0
Successful items count:  17
Total count:  17
Index:  19

enter
LABEL_10 LABEL_10 0.8683835864067078
SUC! insert print(n_cases) prob: 0.8683835864067078 => 0.06386587023735046 label LABEL_37
Example time cost:  0.05 min
ALL examples time cost:  1.18 min
Query times in this attack:  14
Greedy query times: 14
Greedy sub index: 0
Ga query times: 0
All Query times:  311
All sub index: 0
Avg sub index 0
Success rate:  1.0
Successful items count:  18
Total count:  18
Index:  20

enter
LABEL_10 LABEL_10 0.665420413017273
SUC! insert print(n_cases) prob: 0.665420413017273 => 0.04748257249593735 label LABEL_15
Example time cost:  0.04 min
ALL examples time cost:  1.22 min
Query times in this attack:  11
Greedy query times: 11
Greedy sub index: 0
Ga query times: 0
All Query times:  322
All sub index: 0
Avg sub index 0
Success rate:  1.0
Successful items count:  19
Total count:  19
Index:  21

enter
LABEL_11 LABEL_11 0.8524314165115356
SUC! insert print(ls) prob: 0.8524314165115356 => 0.08492563664913177 label LABEL_37
Example time cost:  0.08 min
ALL examples time cost:  1.3 min
Query times in this attack:  21
Greedy query times: 21
Greedy sub index: 0
Ga query times: 0
All Query times:  343
All sub index: 0
Avg sub index 0
Success rate:  1.0
Successful items count:  20
Total count:  20
Index:  22

enter
LABEL_11 LABEL_11 0.879844605922699
SUC! insert print(args) prob: 0.879844605922699 => 0.07049931585788727 label LABEL_32
Example time cost:  0.06 min
ALL examples time cost:  1.36 min
Query times in this attack:  15
Greedy query times: 15
Greedy sub index: 0
Ga query times: 0
All Query times:  358
All sub index: 0
Avg sub index 0
Success rate:  1.0
Successful items count:  21
Total count:  21
Index:  23

enter
LABEL_12 LABEL_12 0.8880658745765686
SUC! insert print(stream) prob: 0.8880658745765686 => 0.07168976962566376 label LABEL_32
Example time cost:  0.04 min
ALL examples time cost:  1.4 min
Query times in this attack:  11
Greedy query times: 11
Greedy sub index: 0
Ga query times: 0
All Query times:  369
All sub index: 0
Avg sub index 0
Success rate:  1.0
Successful items count:  22
Total count:  22
Index:  24

enter
LABEL_12 LABEL_12 0.5942592620849609
SUC! insert print(total) prob: 0.5942592620849609 => 0.065202496945858 label LABEL_37
Example time cost:  0.05 min
ALL examples time cost:  1.45 min
Query times in this attack:  13
Greedy query times: 13
Greedy sub index: 0
Ga query times: 0
All Query times:  382
All sub index: 0
Avg sub index 0
Success rate:  1.0
Successful items count:  23
Total count:  23
Index:  25

enter
LABEL_13 LABEL_13 0.9596561789512634
SUC! insert print(f) prob: 0.9596561789512634 => 0.06113724410533905 label LABEL_32
Example time cost:  0.08 min
ALL examples time cost:  1.53 min
Query times in this attack:  21
Greedy query times: 21
Greedy sub index: 0
Ga query times: 0
All Query times:  403
All sub index: 0
Avg sub index 0
Success rate:  1.0
Successful items count:  24
Total count:  24
Index:  26

enter
LABEL_13 LABEL_13 0.8967369198799133
Example time cost:  0.04 min
ALL examples time cost:  1.57 min
Query times in this attack:  10
Greedy query times: 10
Greedy sub index: 0
Ga query times: 0
All Query times:  413
All sub index: 0
Avg sub index 0
Success rate:  0.96
Successful items count:  24
Total count:  25
Index:  27

enter
LABEL_14 LABEL_14 0.6632596254348755
SUC! insert print(s) prob: 0.6632596254348755 => 0.10219945013523102 label LABEL_32
Example time cost:  0.06 min
ALL examples time cost:  1.63 min
Query times in this attack:  15
Greedy query times: 15
Greedy sub index: 0
Ga query times: 0
All Query times:  428
All sub index: 0
Avg sub index 0
Success rate:  0.9615384615384616
Successful items count:  25
Total count:  26
Index:  28

enter
LABEL_14 LABEL_14 0.8335517644882202
SUC! insert print(D1) prob: 0.8335517644882202 => 0.06120193749666214 label LABEL_32
Example time cost:  0.07 min
ALL examples time cost:  1.7 min
Query times in this attack:  19
Greedy query times: 19
Greedy sub index: 0
Ga query times: 0
All Query times:  447
All sub index: 0
Avg sub index 0
Success rate:  0.9629629629629629
Successful items count:  26
Total count:  27
Index:  29

enter
LABEL_15 LABEL_15 0.8661731481552124
SUC! insert print(out) prob: 0.8661731481552124 => 0.06734741479158401 label LABEL_37
Example time cost:  0.05 min
ALL examples time cost:  1.75 min
Query times in this attack:  12
Greedy query times: 12
Greedy sub index: 0
Ga query times: 0
All Query times:  459
All sub index: 0
Avg sub index 0
Success rate:  0.9642857142857143
Successful items count:  27
Total count:  28
Index:  30

enter
LABEL_15 LABEL_15 0.835211992263794
SUC! insert print(f) prob: 0.835211992263794 => 0.03836820274591446 label LABEL_25
Example time cost:  0.05 min
ALL examples time cost:  1.8 min
Query times in this attack:  14
Greedy query times: 14
Greedy sub index: 0
Ga query times: 0
All Query times:  473
All sub index: 0
Avg sub index 0
Success rate:  0.9655172413793104
Successful items count:  28
Total count:  29
Index:  31

enter
LABEL_38 LABEL_16 0.47176626324653625
Example time cost:  0.0 min
ALL examples time cost:  1.8 min
Query times in this attack:  1
Greedy query times: 1
Greedy sub index: 0
Ga query times: 0
All Query times:  474
All sub index: 0
Avg sub index 0
Success rate:  0.9655172413793104
Successful items count:  28
Total count:  29
Index:  32

enter
LABEL_59 LABEL_16 0.4496399462223053
Example time cost:  0.0 min
ALL examples time cost:  1.81 min
Query times in this attack:  1
Greedy query times: 1
Greedy sub index: 0
Ga query times: 0
All Query times:  475
All sub index: 0
Avg sub index 0
Success rate:  0.9655172413793104
Successful items count:  28
Total count:  29
Index:  33

enter
LABEL_17 LABEL_17 0.3055169880390167
SUC! insert print(num) prob: 0.3055169880390167 => 0.07536299526691437 label LABEL_37
Example time cost:  0.05 min
ALL examples time cost:  1.85 min
Query times in this attack:  12
Greedy query times: 12
Greedy sub index: 0
Ga query times: 0
All Query times:  487
All sub index: 0
Avg sub index 0
Success rate:  0.9666666666666667
Successful items count:  29
Total count:  30
Index:  34

enter
LABEL_32 LABEL_17 0.0314590185880661
Example time cost:  0.0 min
ALL examples time cost:  1.86 min
Query times in this attack:  1
Greedy query times: 1
Greedy sub index: 0
Ga query times: 0
All Query times:  488
All sub index: 0
Avg sub index 0
Success rate:  0.9666666666666667
Successful items count:  29
Total count:  30
Index:  35

enter
LABEL_18 LABEL_18 0.7541738152503967
SUC! insert print(a) prob: 0.7541738152503967 => 0.05676107853651047 label LABEL_32
Example time cost:  0.03 min
ALL examples time cost:  1.89 min
Query times in this attack:  9
Greedy query times: 9
Greedy sub index: 0
Ga query times: 0
All Query times:  497
All sub index: 0
Avg sub index 0
Success rate:  0.967741935483871
Successful items count:  30
Total count:  31
Index:  36

enter
LABEL_18 LABEL_18 0.9266507625579834
SUC! insert print(n) prob: 0.9266507625579834 => 0.04884815216064453 label LABEL_43
Example time cost:  0.07 min
ALL examples time cost:  1.96 min
Query times in this attack:  18
Greedy query times: 18
Greedy sub index: 0
Ga query times: 0
All Query times:  515
All sub index: 0
Avg sub index 0
Success rate:  0.96875
Successful items count:  31
Total count:  32
Index:  37

enter
LABEL_19 LABEL_19 0.9703694581985474
SUC! insert print(n) prob: 0.9703694581985474 => 0.07530379295349121 label LABEL_32
Example time cost:  0.05 min
ALL examples time cost:  2.01 min
Query times in this attack:  12
Greedy query times: 12
Greedy sub index: 0
Ga query times: 0
All Query times:  527
All sub index: 0
Avg sub index 0
Success rate:  0.9696969696969697
Successful items count:  32
Total count:  33
Index:  38

enter
LABEL_19 LABEL_19 0.721673309803009
SUC! insert print(p) prob: 0.721673309803009 => 0.06434731185436249 label LABEL_32
Example time cost:  0.06 min
ALL examples time cost:  2.06 min
Query times in this attack:  15
Greedy query times: 15
Greedy sub index: 0
Ga query times: 0
All Query times:  542
All sub index: 0
Avg sub index 0
Success rate:  0.9705882352941176
Successful items count:  33
Total count:  34
Index:  39

enter
LABEL_20 LABEL_20 0.4531285762786865
SUC! insert print(N_MAX) prob: 0.4531285762786865 => 0.06336361914873123 label LABEL_37
Example time cost:  0.06 min
ALL examples time cost:  2.12 min
Query times in this attack:  15
Greedy query times: 15
Greedy sub index: 0
Ga query times: 0
All Query times:  557
All sub index: 0
Avg sub index 0
Success rate:  0.9714285714285714
Successful items count:  34
Total count:  35
Index:  40

enter
LABEL_20 LABEL_20 0.7304208278656006
SUC! insert print(i) prob: 0.7304208278656006 => 0.07732778042554855 label LABEL_32
Example time cost:  0.08 min
ALL examples time cost:  2.2 min
Query times in this attack:  22
Greedy query times: 22
Greedy sub index: 0
Ga query times: 0
All Query times:  579
All sub index: 0
Avg sub index 0
Success rate:  0.9722222222222222
Successful items count:  35
Total count:  36
Index:  41

enter
LABEL_21 LABEL_21 0.9458128213882446
SUC! insert print(INPUT) prob: 0.9458128213882446 => 0.06785285472869873 label LABEL_32
Example time cost:  0.09 min
ALL examples time cost:  2.3 min
Query times in this attack:  25
Greedy query times: 25
Greedy sub index: 0
Ga query times: 0
All Query times:  604
All sub index: 0
Avg sub index 0
Success rate:  0.972972972972973
Successful items count:  36
Total count:  37
Index:  42

enter
LABEL_21 LABEL_21 0.9273061752319336
SUC! insert print(INPUT) prob: 0.9273061752319336 => 0.050926052033901215 label LABEL_37
Example time cost:  0.06 min
ALL examples time cost:  2.35 min
Query times in this attack:  15
Greedy query times: 15
Greedy sub index: 0
Ga query times: 0
All Query times:  619
All sub index: 0
Avg sub index 0
Success rate:  0.9736842105263158
Successful items count:  37
Total count:  38
Index:  43

enter
LABEL_22 LABEL_22 0.8246767520904541
SUC! insert print(i) prob: 0.8246767520904541 => 0.06238572299480438 label LABEL_37
Example time cost:  0.06 min
ALL examples time cost:  2.41 min
Query times in this attack:  15
Greedy query times: 15
Greedy sub index: 0
Ga query times: 0
All Query times:  634
All sub index: 0
Avg sub index 0
Success rate:  0.9743589743589743
Successful items count:  38
Total count:  39
Index:  44

enter
LABEL_22 LABEL_22 0.9452927112579346
SUC! insert print(T) prob: 0.9452927112579346 => 0.04543830826878548 label LABEL_43
Example time cost:  0.05 min
ALL examples time cost:  2.46 min
Query times in this attack:  12
Greedy query times: 12
Greedy sub index: 0
Ga query times: 0
All Query times:  646
All sub index: 0
Avg sub index 0
Success rate:  0.975
Successful items count:  39
Total count:  40
Index:  45

enter
LABEL_23 LABEL_23 0.9643692374229431
SUC! insert print(FILE_NAME_BASE) prob: 0.9643692374229431 => 0.04838111996650696 label LABEL_43
Example time cost:  0.1 min
ALL examples time cost:  2.55 min
Query times in this attack:  25
Greedy query times: 25
Greedy sub index: 0
Ga query times: 0
All Query times:  671
All sub index: 0
Avg sub index 0
Success rate:  0.975609756097561
Successful items count:  40
Total count:  41
Index:  46

enter
LABEL_23 LABEL_23 0.9200690388679504
SUC! insert print(FILE_NAME_BASE) prob: 0.9200690388679504 => 0.04678177088499069 label LABEL_43
Example time cost:  0.09 min
ALL examples time cost:  2.64 min
Query times in this attack:  23
Greedy query times: 23
Greedy sub index: 0
Ga query times: 0
All Query times:  694
All sub index: 0
Avg sub index 0
Success rate:  0.9761904761904762
Successful items count:  41
Total count:  42
Index:  47

enter
LABEL_24 LABEL_24 0.1116994246840477
SUC! insert print(n) prob: 0.1116994246840477 => 0.0880926102399826 label LABEL_32
Example time cost:  0.09 min
ALL examples time cost:  2.73 min
Query times in this attack:  24
Greedy query times: 24
Greedy sub index: 0
Ga query times: 0
All Query times:  718
All sub index: 0
Avg sub index 0
Success rate:  0.9767441860465116
Successful items count:  42
Total count:  43
Index:  48

enter
LABEL_24 LABEL_24 0.39584022760391235
SUC! insert print(infile) prob: 0.39584022760391235 => 0.05821649730205536 label LABEL_37
Example time cost:  0.05 min
ALL examples time cost:  2.78 min
Query times in this attack:  14
Greedy query times: 14
Greedy sub index: 0
Ga query times: 0
All Query times:  732
All sub index: 0
Avg sub index 0
Success rate:  0.9772727272727273
Successful items count:  43
Total count:  44
Index:  49

enter
LABEL_25 LABEL_25 0.8866512179374695
SUC! insert print(lines) prob: 0.8866512179374695 => 0.05570784583687782 label LABEL_32
Example time cost:  0.06 min
ALL examples time cost:  2.84 min
Query times in this attack:  16
Greedy query times: 16
Greedy sub index: 0
Ga query times: 0
All Query times:  748
All sub index: 0
Avg sub index 0
Success rate:  0.9777777777777777
Successful items count:  44
Total count:  45
Index:  50

enter
LABEL_25 LABEL_25 0.22845405340194702
SUC! insert print(self) prob: 0.22845405340194702 => 0.052125539630651474 label LABEL_24
Example time cost:  0.08 min
ALL examples time cost:  2.92 min
Query times in this attack:  21
Greedy query times: 21
Greedy sub index: 0
Ga query times: 0
All Query times:  769
All sub index: 0
Avg sub index 0
Success rate:  0.9782608695652174
Successful items count:  45
Total count:  46
Index:  51

enter
LABEL_26 LABEL_26 0.2935256361961365
SUC! insert print(s) prob: 0.2935256361961365 => 0.06355403363704681 label LABEL_32
Example time cost:  0.06 min
ALL examples time cost:  2.98 min
Query times in this attack:  16
Greedy query times: 16
Greedy sub index: 0
Ga query times: 0
All Query times:  785
All sub index: 0
Avg sub index 0
Success rate:  0.9787234042553191
Successful items count:  46
Total count:  47
Index:  52

enter
LABEL_26 LABEL_26 0.529984176158905
SUC! insert print(t) prob: 0.529984176158905 => 0.03935393691062927 label LABEL_32
Example time cost:  0.05 min
ALL examples time cost:  3.03 min
Query times in this attack:  13
Greedy query times: 13
Greedy sub index: 0
Ga query times: 0
All Query times:  798
All sub index: 0
Avg sub index 0
Success rate:  0.9791666666666666
Successful items count:  47
Total count:  48
Index:  53

enter
LABEL_27 LABEL_27 0.9479758739471436
SUC! insert print(fairsquares) prob: 0.9479758739471436 => 0.06535414606332779 label LABEL_37
Example time cost:  0.07 min
ALL examples time cost:  3.1 min
Query times in this attack:  18
Greedy query times: 18
Greedy sub index: 0
Ga query times: 0
All Query times:  816
All sub index: 0
Avg sub index 0
Success rate:  0.9795918367346939
Successful items count:  48
Total count:  49
Index:  54

enter
LABEL_55 LABEL_27 0.1415320485830307
Example time cost:  0.0 min
ALL examples time cost:  3.11 min
Query times in this attack:  1
Greedy query times: 1
Greedy sub index: 0
Ga query times: 0
All Query times:  817
All sub index: 0
Avg sub index 0
Success rate:  0.9795918367346939
Successful items count:  48
Total count:  49
Index:  55

enter
LABEL_28 LABEL_28 0.5636933445930481
SUC! insert print(n) prob: 0.5636933445930481 => 0.07325945794582367 label LABEL_32
Example time cost:  0.05 min
ALL examples time cost:  3.15 min
Query times in this attack:  12
Greedy query times: 12
Greedy sub index: 0
Ga query times: 0
All Query times:  829
All sub index: 0
Avg sub index 0
Success rate:  0.98
Successful items count:  49
Total count:  50
Index:  56

enter
LABEL_28 LABEL_28 0.9042413234710693
SUC! insert print(f) prob: 0.9042413234710693 => 0.055352985858917236 label LABEL_32
Example time cost:  0.05 min
ALL examples time cost:  3.2 min
Query times in this attack:  13
Greedy query times: 13
Greedy sub index: 0
Ga query times: 0
All Query times:  842
All sub index: 0
Avg sub index 0
Success rate:  0.9803921568627451
Successful items count:  50
Total count:  51
Index:  57

enter
LABEL_29 LABEL_29 0.8640351295471191
SUC! insert print(S) prob: 0.8640351295471191 => 0.08919965475797653 label LABEL_32
Example time cost:  0.06 min
ALL examples time cost:  3.26 min
Query times in this attack:  16
Greedy query times: 16
Greedy sub index: 0
Ga query times: 0
All Query times:  858
All sub index: 0
Avg sub index 0
Success rate:  0.9807692307692307
Successful items count:  51
Total count:  52
Index:  58

enter
LABEL_29 LABEL_29 0.29703041911125183
SUC! insert print(init) prob: 0.29703041911125183 => 0.059489183127880096 label LABEL_37
Example time cost:  0.11 min
ALL examples time cost:  3.37 min
Query times in this attack:  29
Greedy query times: 29
Greedy sub index: 0
Ga query times: 0
All Query times:  887
All sub index: 0
Avg sub index 0
Success rate:  0.9811320754716981
Successful items count:  52
Total count:  53
Index:  59

enter
LABEL_30 LABEL_30 0.9497085809707642
SUC! insert print(x) prob: 0.9497085809707642 => 0.05659322813153267 label LABEL_43
Example time cost:  0.08 min
ALL examples time cost:  3.45 min
Query times in this attack:  21
Greedy query times: 21
Greedy sub index: 0
Ga query times: 0
All Query times:  908
All sub index: 0
Avg sub index 0
Success rate:  0.9814814814814815
Successful items count:  53
Total count:  54
Index:  60

enter
LABEL_30 LABEL_30 0.9335320591926575
SUC! insert print(cache) prob: 0.9335320591926575 => 0.0386868491768837 label LABEL_25
Example time cost:  0.06 min
ALL examples time cost:  3.51 min
Query times in this attack:  16
Greedy query times: 16
Greedy sub index: 0
Ga query times: 0
All Query times:  924
All sub index: 0
Avg sub index 0
Success rate:  0.9818181818181818
Successful items count:  54
Total count:  55
Index:  61

enter
LABEL_31 LABEL_31 0.8493549823760986
SUC! insert print(n) prob: 0.8493549823760986 => 0.08204785734415054 label LABEL_32
Example time cost:  0.04 min
ALL examples time cost:  3.55 min
Query times in this attack:  10
Greedy query times: 10
Greedy sub index: 0
Ga query times: 0
All Query times:  934
All sub index: 0
Avg sub index 0
Success rate:  0.9821428571428571
Successful items count:  55
Total count:  56
Index:  62

enter
LABEL_31 LABEL_31 0.7342057824134827
SUC! insert print(scores_sum) prob: 0.7342057824134827 => 0.07268442958593369 label LABEL_32
Example time cost:  0.05 min
ALL examples time cost:  3.6 min
Query times in this attack:  13
Greedy query times: 13
Greedy sub index: 0
Ga query times: 0
All Query times:  947
All sub index: 0
Avg sub index 0
Success rate:  0.9824561403508771
Successful items count:  56
Total count:  57
Index:  63

enter
LABEL_32 LABEL_32 0.9449840188026428
ACC! insert print(word) prob: 0.9449840188026428 => 0.10962623357772827
SUC! insert if False:
	word=word prob: 0.10962623357772827 => 0.08102670311927795 label LABEL_25
Example time cost:  0.07 min
ALL examples time cost:  3.67 min
Query times in this attack:  18
Greedy query times: 18
Greedy sub index: 0
Ga query times: 0
All Query times:  965
All sub index: 0
Avg sub index 0
Success rate:  0.9827586206896551
Successful items count:  57
Total count:  58
Index:  64

enter
LABEL_32 LABEL_32 0.5856395959854126
ACC! insert print(t) prob: 0.5856395959854126 => 0.1409250795841217
SUC! insert if False:
	t=t prob: 0.1409250795841217 => 0.052236318588256836 label LABEL_43
Example time cost:  0.12 min
ALL examples time cost:  3.79 min
Query times in this attack:  30
Greedy query times: 30
Greedy sub index: 0
Ga query times: 0
All Query times:  995
All sub index: 0
Avg sub index 0
Success rate:  0.9830508474576272
Successful items count:  58
Total count:  59
Index:  65

enter
LABEL_33 LABEL_33 0.49415650963783264
SUC! insert print(num) prob: 0.49415650963783264 => 0.06282712519168854 label LABEL_32
Example time cost:  0.03 min
ALL examples time cost:  3.82 min
Query times in this attack:  9
Greedy query times: 9
Greedy sub index: 0
Ga query times: 0
All Query times:  1004
All sub index: 0
Avg sub index 0
Success rate:  0.9833333333333333
Successful items count:  59
Total count:  60
Index:  66

enter
LABEL_33 LABEL_33 0.9241266250610352
SUC! insert print(n) prob: 0.9241266250610352 => 0.0860489010810852 label LABEL_32
Example time cost:  0.05 min
ALL examples time cost:  3.87 min
Query times in this attack:  14
Greedy query times: 14
Greedy sub index: 0
Ga query times: 0
All Query times:  1018
All sub index: 0
Avg sub index 0
Success rate:  0.9836065573770492
Successful items count:  60
Total count:  61
Index:  67

enter
LABEL_34 LABEL_34 0.9411723613739014
Example time cost:  0.04 min
ALL examples time cost:  3.91 min
Query times in this attack:  11
Greedy query times: 11
Greedy sub index: 0
Ga query times: 0
All Query times:  1029
All sub index: 0
Avg sub index 0
Success rate:  0.967741935483871
Successful items count:  60
Total count:  62
Index:  68

enter
LABEL_34 LABEL_34 0.9566299915313721
Example time cost:  0.03 min
ALL examples time cost:  3.95 min
Query times in this attack:  9
Greedy query times: 9
Greedy sub index: 0
Ga query times: 0
All Query times:  1038
All sub index: 0
Avg sub index 0
Success rate:  0.9523809523809523
Successful items count:  60
Total count:  63
Index:  69

enter
LABEL_50 LABEL_35 0.07688744366168976
Example time cost:  0.0 min
ALL examples time cost:  3.95 min
Query times in this attack:  1
Greedy query times: 1
Greedy sub index: 0
Ga query times: 0
All Query times:  1039
All sub index: 0
Avg sub index 0
Success rate:  0.9523809523809523
Successful items count:  60
Total count:  63
Index:  70

enter
LABEL_35 LABEL_35 0.25957152247428894
SUC! insert print(f) prob: 0.25957152247428894 => 0.07188090682029724 label LABEL_43
Example time cost:  0.06 min
ALL examples time cost:  4.01 min
Query times in this attack:  15
Greedy query times: 15
Greedy sub index: 0
Ga query times: 0
All Query times:  1054
All sub index: 0
Avg sub index 0
Success rate:  0.953125
Successful items count:  61
Total count:  64
Index:  71

enter
LABEL_10 LABEL_36 0.15182597935199738
Example time cost:  0.0 min
ALL examples time cost:  4.01 min
Query times in this attack:  1
Greedy query times: 1
Greedy sub index: 0
Ga query times: 0
All Query times:  1055
All sub index: 0
Avg sub index 0
Success rate:  0.953125
Successful items count:  61
Total count:  64
Index:  72

enter
LABEL_36 LABEL_36 0.9673022031784058
Example time cost:  0.02 min
ALL examples time cost:  4.03 min
Query times in this attack:  4
Greedy query times: 4
Greedy sub index: 0
Ga query times: 0
All Query times:  1059
All sub index: 0
Avg sub index 0
Success rate:  0.9384615384615385
Successful items count:  61
Total count:  65
Index:  73

enter
LABEL_37 LABEL_37 0.9147330522537231
SUC! insert print(filepath) prob: 0.9147330522537231 => 0.07620614767074585 label LABEL_32
Example time cost:  0.05 min
ALL examples time cost:  4.08 min
Query times in this attack:  15
Greedy query times: 15
Greedy sub index: 0
Ga query times: 0
All Query times:  1074
All sub index: 0
Avg sub index 0
Success rate:  0.9393939393939394
Successful items count:  62
Total count:  66
Index:  74

enter
LABEL_37 LABEL_37 0.04034580662846565
SUC! insert print(self) prob: 0.04034580662846565 => 0.08041471242904663 label LABEL_32
Example time cost:  0.07 min
ALL examples time cost:  4.15 min
Query times in this attack:  19
Greedy query times: 19
Greedy sub index: 0
Ga query times: 0
All Query times:  1093
All sub index: 0
Avg sub index 0
Success rate:  0.9402985074626866
Successful items count:  63
Total count:  67
Index:  75

enter
LABEL_38 LABEL_38 0.4001488983631134
SUC! insert print(n) prob: 0.4001488983631134 => 0.05797101929783821 label LABEL_32
Example time cost:  0.05 min
ALL examples time cost:  4.21 min
Query times in this attack:  14
Greedy query times: 14
Greedy sub index: 0
Ga query times: 0
All Query times:  1107
All sub index: 0
Avg sub index 0
Success rate:  0.9411764705882353
Successful items count:  64
Total count:  68
Index:  76

enter
LABEL_38 LABEL_38 0.9490795731544495
SUC! insert print(T) prob: 0.9490795731544495 => 0.06672466546297073 label LABEL_37
Example time cost:  0.04 min
ALL examples time cost:  4.24 min
Query times in this attack:  10
Greedy query times: 10
Greedy sub index: 0
Ga query times: 0
All Query times:  1117
All sub index: 0
Avg sub index 0
Success rate:  0.9420289855072463
Successful items count:  65
Total count:  69
Index:  77

enter
LABEL_39 LABEL_39 0.8261433839797974
SUC! insert print(s) prob: 0.8261433839797974 => 0.07629124075174332 label LABEL_32
Example time cost:  0.04 min
ALL examples time cost:  4.28 min
Query times in this attack:  10
Greedy query times: 10
Greedy sub index: 0
Ga query times: 0
All Query times:  1127
All sub index: 0
Avg sub index 0
Success rate:  0.9428571428571428
Successful items count:  66
Total count:  70
Index:  78

enter
LABEL_22 LABEL_39 0.4774596393108368
Example time cost:  0.0 min
ALL examples time cost:  4.29 min
Query times in this attack:  1
Greedy query times: 1
Greedy sub index: 0
Ga query times: 0
All Query times:  1128
All sub index: 0
Avg sub index 0
Success rate:  0.9428571428571428
Successful items count:  66
Total count:  70
Index:  79

enter
LABEL_40 LABEL_40 0.16746476292610168
SUC! insert print(LIMIT) prob: 0.16746476292610168 => 0.043685391545295715 label LABEL_37
Example time cost:  0.1 min
ALL examples time cost:  4.38 min
Query times in this attack:  25
Greedy query times: 25
Greedy sub index: 0
Ga query times: 0
All Query times:  1153
All sub index: 0
Avg sub index 0
Success rate:  0.9436619718309859
Successful items count:  67
Total count:  71
Index:  80

enter
LABEL_40 LABEL_40 0.4278452694416046
SUC! insert print(surprising) prob: 0.4278452694416046 => 0.0472952164709568 label LABEL_37
Example time cost:  0.02 min
ALL examples time cost:  4.4 min
Query times in this attack:  4
Greedy query times: 4
Greedy sub index: 0
Ga query times: 0
All Query times:  1157
All sub index: 0
Avg sub index 0
Success rate:  0.9444444444444444
Successful items count:  68
Total count:  72
Index:  81

enter
LABEL_41 LABEL_41 0.8172993063926697
SUC! insert print(main) prob: 0.8172993063926697 => 0.0466291569173336 label LABEL_43
Example time cost:  0.03 min
ALL examples time cost:  4.43 min
Query times in this attack:  9
Greedy query times: 9
Greedy sub index: 0
Ga query times: 0
All Query times:  1166
All sub index: 0
Avg sub index 0
Success rate:  0.9452054794520548
Successful items count:  69
Total count:  73
Index:  82

enter
LABEL_41 LABEL_41 0.8274412751197815
SUC! insert print(main) prob: 0.8274412751197815 => 0.06208088994026184 label LABEL_32
Example time cost:  0.05 min
ALL examples time cost:  4.48 min
Query times in this attack:  12
Greedy query times: 12
Greedy sub index: 0
Ga query times: 0
All Query times:  1178
All sub index: 0
Avg sub index 0
Success rate:  0.9459459459459459
Successful items count:  70
Total count:  74
Index:  83

enter
LABEL_42 LABEL_42 0.8583120107650757
SUC! insert print(s) prob: 0.8583120107650757 => 0.06871780008077621 label LABEL_32
Example time cost:  0.06 min
ALL examples time cost:  4.53 min
Query times in this attack:  15
Greedy query times: 15
Greedy sub index: 0
Ga query times: 0
All Query times:  1193
All sub index: 0
Avg sub index 0
Success rate:  0.9466666666666667
Successful items count:  71
Total count:  75
Index:  84

enter
LABEL_42 LABEL_42 0.822392463684082
SUC! insert print(T) prob: 0.822392463684082 => 0.06401671469211578 label LABEL_15
Example time cost:  0.05 min
ALL examples time cost:  4.59 min
Query times in this attack:  14
Greedy query times: 14
Greedy sub index: 0
Ga query times: 0
All Query times:  1207
All sub index: 0
Avg sub index 0
Success rate:  0.9473684210526315
Successful items count:  72
Total count:  76
Index:  85

enter
LABEL_25 LABEL_43 0.050293248146772385
Example time cost:  0.01 min
ALL examples time cost:  4.59 min
Query times in this attack:  1
Greedy query times: 1
Greedy sub index: 0
Ga query times: 0
All Query times:  1208
All sub index: 0
Avg sub index 0
Success rate:  0.9473684210526315
Successful items count:  72
Total count:  76
Index:  86

enter
LABEL_43 LABEL_43 0.8967177271842957
SUC! insert print(case) prob: 0.8967177271842957 => 0.05878940224647522 label LABEL_32
Example time cost:  0.08 min
ALL examples time cost:  4.68 min
Query times in this attack:  22
Greedy query times: 22
Greedy sub index: 0
Ga query times: 0
All Query times:  1230
All sub index: 0
Avg sub index 0
Success rate:  0.948051948051948
Successful items count:  73
Total count:  77
Index:  87

enter
LABEL_44 LABEL_44 0.932098388671875
SUC! insert print(num) prob: 0.932098388671875 => 0.0832740068435669 label LABEL_32
Example time cost:  0.05 min
ALL examples time cost:  4.72 min
Query times in this attack:  12
Greedy query times: 12
Greedy sub index: 0
Ga query times: 0
All Query times:  1242
All sub index: 0
Avg sub index 0
Success rate:  0.9487179487179487
Successful items count:  74
Total count:  78
Index:  88

enter
LABEL_44 LABEL_44 0.8729847073554993
SUC! insert print(i) prob: 0.8729847073554993 => 0.044822871685028076 label LABEL_15
Example time cost:  0.06 min
ALL examples time cost:  4.78 min
Query times in this attack:  16
Greedy query times: 16
Greedy sub index: 0
Ga query times: 0
All Query times:  1258
All sub index: 0
Avg sub index 0
Success rate:  0.9493670886075949
Successful items count:  75
Total count:  79
Index:  89

enter
LABEL_5 LABEL_45 0.038961261510849
Example time cost:  0.0 min
ALL examples time cost:  4.79 min
Query times in this attack:  1
Greedy query times: 1
Greedy sub index: 0
Ga query times: 0
All Query times:  1259
All sub index: 0
Avg sub index 0
Success rate:  0.9493670886075949
Successful items count:  75
Total count:  79
Index:  90

enter
LABEL_45 LABEL_45 0.8481920957565308
SUC! insert print(score) prob: 0.8481920957565308 => 0.09625568985939026 label LABEL_32
Example time cost:  0.05 min
ALL examples time cost:  4.83 min
Query times in this attack:  13
Greedy query times: 13
Greedy sub index: 0
Ga query times: 0
All Query times:  1272
All sub index: 0
Avg sub index 0
Success rate:  0.95
Successful items count:  76
Total count:  80
Index:  91

enter
LABEL_46 LABEL_46 0.9146918654441833
SUC! insert print(n) prob: 0.9146918654441833 => 0.1120050922036171 label LABEL_32
Example time cost:  0.07 min
ALL examples time cost:  4.91 min
Query times in this attack:  19
Greedy query times: 19
Greedy sub index: 0
Ga query times: 0
All Query times:  1291
All sub index: 0
Avg sub index 0
Success rate:  0.9506172839506173
Successful items count:  77
Total count:  81
Index:  92

enter
LABEL_46 LABEL_46 0.9488335251808167
SUC! insert print(input) prob: 0.9488335251808167 => 0.048897381871938705 label LABEL_41
Example time cost:  0.07 min
ALL examples time cost:  4.98 min
Query times in this attack:  19
Greedy query times: 19
Greedy sub index: 0
Ga query times: 0
All Query times:  1310
All sub index: 0
Avg sub index 0
Success rate:  0.9512195121951219
Successful items count:  78
Total count:  82
Index:  93

enter
LABEL_41 LABEL_47 0.07749933749437332
Example time cost:  0.0 min
ALL examples time cost:  4.98 min
Query times in this attack:  1
Greedy query times: 1
Greedy sub index: 0
Ga query times: 0
All Query times:  1311
All sub index: 0
Avg sub index 0
Success rate:  0.9512195121951219
Successful items count:  78
Total count:  82
Index:  94

enter
LABEL_47 LABEL_47 0.8665491938591003
SUC! insert print(OEXT) prob: 0.8665491938591003 => 0.06932651251554489 label LABEL_32
Example time cost:  0.09 min
ALL examples time cost:  5.07 min
Query times in this attack:  23
Greedy query times: 23
Greedy sub index: 0
Ga query times: 0
All Query times:  1334
All sub index: 0
Avg sub index 0
Success rate:  0.9518072289156626
Successful items count:  79
Total count:  83
Index:  95

enter
LABEL_48 LABEL_48 0.9684770107269287
SUC! insert print(directory) prob: 0.9684770107269287 => 0.06015058234333992 label LABEL_15
Example time cost:  0.07 min
ALL examples time cost:  5.15 min
Query times in this attack:  19
Greedy query times: 19
Greedy sub index: 0
Ga query times: 0
All Query times:  1353
All sub index: 0
Avg sub index 0
Success rate:  0.9523809523809523
Successful items count:  80
Total count:  84
Index:  96

enter
LABEL_48 LABEL_48 0.9623161554336548
SUC! insert print(directory) prob: 0.9623161554336548 => 0.05971575900912285 label LABEL_15
Example time cost:  0.08 min
ALL examples time cost:  5.22 min
Query times in this attack:  20
Greedy query times: 20
Greedy sub index: 0
Ga query times: 0
All Query times:  1373
All sub index: 0
Avg sub index 0
Success rate:  0.9529411764705882
Successful items count:  81
Total count:  85
Index:  97

enter
LABEL_49 LABEL_49 0.5509992837905884
SUC! insert print(n) prob: 0.5509992837905884 => 0.06664551794528961 label LABEL_32
Example time cost:  0.06 min
ALL examples time cost:  5.28 min
Query times in this attack:  16
Greedy query times: 16
Greedy sub index: 0
Ga query times: 0
All Query times:  1389
All sub index: 0
Avg sub index 0
Success rate:  0.9534883720930233
Successful items count:  82
Total count:  86
Index:  98

enter
LABEL_49 LABEL_49 0.9484063982963562
SUC! insert print(fin) prob: 0.9484063982963562 => 0.0536232590675354 label LABEL_36
Example time cost:  0.06 min
ALL examples time cost:  5.34 min
Query times in this attack:  16
Greedy query times: 16
Greedy sub index: 0
Ga query times: 0
All Query times:  1405
All sub index: 0
Avg sub index 0
Success rate:  0.9540229885057471
Successful items count:  83
Total count:  87
Index:  99

enter
LABEL_50 LABEL_50 0.9302438497543335
SUC! insert print(n) prob: 0.9302438497543335 => 0.05970475450158119 label LABEL_37
Example time cost:  0.04 min
ALL examples time cost:  5.39 min
Query times in this attack:  11
Greedy query times: 11
Greedy sub index: 0
Ga query times: 0
All Query times:  1416
All sub index: 0
Avg sub index 0
Success rate:  0.9545454545454546
Successful items count:  84
Total count:  88
Index:  100

enter
LABEL_50 LABEL_50 0.888383686542511
SUC! insert print(p) prob: 0.888383686542511 => 0.04540826752781868 label LABEL_41
Example time cost:  0.05 min
ALL examples time cost:  5.43 min
Query times in this attack:  12
Greedy query times: 12
Greedy sub index: 0
Ga query times: 0
All Query times:  1428
All sub index: 0
Avg sub index 0
Success rate:  0.9550561797752809
Successful items count:  85
Total count:  89
Index:  101

enter
LABEL_47 LABEL_51 0.10512516647577286
Example time cost:  0.0 min
ALL examples time cost:  5.44 min
Query times in this attack:  1
Greedy query times: 1
Greedy sub index: 0
Ga query times: 0
All Query times:  1429
All sub index: 0
Avg sub index 0
Success rate:  0.9550561797752809
Successful items count:  85
Total count:  89
Index:  102

enter
LABEL_51 LABEL_51 0.9028167724609375
SUC! insert print(p) prob: 0.9028167724609375 => 0.05835087224841118 label LABEL_32
Example time cost:  0.08 min
ALL examples time cost:  5.52 min
Query times in this attack:  21
Greedy query times: 21
Greedy sub index: 0
Ga query times: 0
All Query times:  1450
All sub index: 0
Avg sub index 0
Success rate:  0.9555555555555556
Successful items count:  86
Total count:  90
Index:  103

enter
LABEL_52 LABEL_52 0.7589155435562134
SUC! insert print(x) prob: 0.7589155435562134 => 0.07623197138309479 label LABEL_32
Example time cost:  0.04 min
ALL examples time cost:  5.56 min
Query times in this attack:  11
Greedy query times: 11
Greedy sub index: 0
Ga query times: 0
All Query times:  1461
All sub index: 0
Avg sub index 0
Success rate:  0.9560439560439561
Successful items count:  87
Total count:  91
Index:  104

enter
LABEL_52 LABEL_52 0.9223962426185608
SUC! insert print(mod_plus_conv_with_s) prob: 0.9223962426185608 => 0.05017779394984245 label LABEL_37
Example time cost:  0.05 min
ALL examples time cost:  5.61 min
Query times in this attack:  13
Greedy query times: 13
Greedy sub index: 0
Ga query times: 0
All Query times:  1474
All sub index: 0
Avg sub index 0
Success rate:  0.9565217391304348
Successful items count:  88
Total count:  92
Index:  105

enter
LABEL_53 LABEL_53 0.9467540383338928
SUC! insert print(n) prob: 0.9467540383338928 => 0.05725919082760811 label LABEL_32
Example time cost:  0.05 min
ALL examples time cost:  5.66 min
Query times in this attack:  14
Greedy query times: 14
Greedy sub index: 0
Ga query times: 0
All Query times:  1488
All sub index: 0
Avg sub index 0
Success rate:  0.956989247311828
Successful items count:  89
Total count:  93
Index:  106

enter
LABEL_53 LABEL_53 0.7251296043395996
SUC! insert print(n_cases) prob: 0.7251296043395996 => 0.0389019250869751 label LABEL_15
Example time cost:  0.06 min
ALL examples time cost:  5.72 min
Query times in this attack:  16
Greedy query times: 16
Greedy sub index: 0
Ga query times: 0
All Query times:  1504
All sub index: 0
Avg sub index 0
Success rate:  0.9574468085106383
Successful items count:  90
Total count:  94
Index:  107

enter
LABEL_54 LABEL_54 0.9621888995170593
SUC! insert print(n) prob: 0.9621888995170593 => 0.08084778487682343 label LABEL_32
Example time cost:  0.05 min
ALL examples time cost:  5.77 min
Query times in this attack:  12
Greedy query times: 12
Greedy sub index: 0
Ga query times: 0
All Query times:  1516
All sub index: 0
Avg sub index 0
Success rate:  0.9578947368421052
Successful items count:  91
Total count:  95
Index:  108

enter
LABEL_54 LABEL_54 0.9589340090751648
SUC! insert print(ts) prob: 0.9589340090751648 => 0.0695362389087677 label LABEL_32
Example time cost:  0.06 min
ALL examples time cost:  5.82 min
Query times in this attack:  15
Greedy query times: 15
Greedy sub index: 0
Ga query times: 0
All Query times:  1531
All sub index: 0
Avg sub index 0
Success rate:  0.9583333333333334
Successful items count:  92
Total count:  96
Index:  109

enter
LABEL_55 LABEL_55 0.3984147906303406
SUC! insert print(n) prob: 0.3984147906303406 => 0.07563858479261398 label LABEL_32
Example time cost:  0.07 min
ALL examples time cost:  5.89 min
Query times in this attack:  18
Greedy query times: 18
Greedy sub index: 0
Ga query times: 0
All Query times:  1549
All sub index: 0
Avg sub index 0
Success rate:  0.9587628865979382
Successful items count:  93
Total count:  97
Index:  110

enter
LABEL_55 LABEL_55 0.9682871699333191
SUC! insert print(f) prob: 0.9682871699333191 => 0.05030183121562004 label LABEL_32
Example time cost:  0.06 min
ALL examples time cost:  5.95 min
Query times in this attack:  16
Greedy query times: 16
Greedy sub index: 0
Ga query times: 0
All Query times:  1565
All sub index: 0
Avg sub index 0
Success rate:  0.9591836734693877
Successful items count:  94
Total count:  98
Index:  111

enter
LABEL_56 LABEL_56 0.9359042644500732
SUC! insert print(file) prob: 0.9359042644500732 => 0.05481288582086563 label LABEL_32
Example time cost:  0.07 min
ALL examples time cost:  6.02 min
Query times in this attack:  18
Greedy query times: 18
Greedy sub index: 0
Ga query times: 0
All Query times:  1583
All sub index: 0
Avg sub index 0
Success rate:  0.9595959595959596
Successful items count:  95
Total count:  99
Index:  112

enter
LABEL_43 LABEL_56 0.08069435507059097
Example time cost:  0.0 min
ALL examples time cost:  6.03 min
Query times in this attack:  1
Greedy query times: 1
Greedy sub index: 0
Ga query times: 0
All Query times:  1584
All sub index: 0
Avg sub index 0
Success rate:  0.9595959595959596
Successful items count:  95
Total count:  99
Index:  113

enter
LABEL_57 LABEL_57 0.8789995312690735
SUC! insert print(tCase) prob: 0.8789995312690735 => 0.038339365273714066 label LABEL_26
Example time cost:  0.05 min
ALL examples time cost:  6.08 min
Query times in this attack:  14
Greedy query times: 14
Greedy sub index: 0
Ga query times: 0
All Query times:  1598
All sub index: 0
Avg sub index 0
Success rate:  0.96
Successful items count:  96
Total count:  100
Index:  114

enter
LABEL_57 LABEL_57 0.48022347688674927
SUC! insert print(tCase) prob: 0.48022347688674927 => 0.054133445024490356 label LABEL_37
Example time cost:  0.06 min
ALL examples time cost:  6.14 min
Query times in this attack:  17
Greedy query times: 17
Greedy sub index: 0
Ga query times: 0
All Query times:  1615
All sub index: 0
Avg sub index 0
Success rate:  0.9603960396039604
Successful items count:  97
Total count:  101
Index:  115

enter
LABEL_58 LABEL_58 0.8162655234336853
SUC! insert print(x) prob: 0.8162655234336853 => 0.07941905409097672 label LABEL_37
Example time cost:  0.07 min
ALL examples time cost:  6.21 min
Query times in this attack:  18
Greedy query times: 18
Greedy sub index: 0
Ga query times: 0
All Query times:  1633
All sub index: 0
Avg sub index 0
Success rate:  0.9607843137254902
Successful items count:  98
Total count:  102
Index:  116

enter
LABEL_58 LABEL_58 0.41273853182792664
SUC! insert print(p) prob: 0.41273853182792664 => 0.09338884055614471 label LABEL_32
Example time cost:  0.05 min
ALL examples time cost:  6.27 min
Query times in this attack:  14
Greedy query times: 14
Greedy sub index: 0
Ga query times: 0
All Query times:  1647
All sub index: 0
Avg sub index 0
Success rate:  0.9611650485436893
Successful items count:  99
Total count:  103
Index:  117

enter
LABEL_59 LABEL_59 0.3900519013404846
SUC! insert print(lst) prob: 0.3900519013404846 => 0.03769781440496445 label LABEL_25
Example time cost:  0.06 min
ALL examples time cost:  6.32 min
Query times in this attack:  15
Greedy query times: 15
Greedy sub index: 0
Ga query times: 0
All Query times:  1662
All sub index: 0
Avg sub index 0
Success rate:  0.9615384615384616
Successful items count:  100
Total count:  104
Index:  118

enter
LABEL_59 LABEL_59 0.537665843963623
SUC! insert print(fileName) prob: 0.537665843963623 => 0.05696851387619972 label LABEL_32
Example time cost:  0.07 min
ALL examples time cost:  6.39 min
Query times in this attack:  18
Greedy query times: 18
Greedy sub index: 0
Ga query times: 0
All Query times:  1680
All sub index: 0
Avg sub index 0
Success rate:  0.9619047619047619
Successful items count:  101
Total count:  105
Index:  119

enter
LABEL_60 LABEL_60 0.9739940762519836
SUC! insert print(f) prob: 0.9739940762519836 => 0.05776877701282501 label LABEL_32
Example time cost:  0.08 min
ALL examples time cost:  6.48 min
Query times in this attack:  22
Greedy query times: 22
Greedy sub index: 0
Ga query times: 0
All Query times:  1702
All sub index: 0
Avg sub index 0
Success rate:  0.9622641509433962
Successful items count:  102
Total count:  106
Index:  120

enter
LABEL_60 LABEL_60 0.8476881384849548
SUC! insert print(__file__) prob: 0.8476881384849548 => 0.04475603252649307 label LABEL_32
Example time cost:  0.07 min
ALL examples time cost:  6.55 min
Query times in this attack:  19
Greedy query times: 19
Greedy sub index: 0
Ga query times: 0
All Query times:  1721
All sub index: 0
Avg sub index 0
Success rate:  0.9626168224299065
Successful items count:  103
Total count:  107
Index:  121

enter
LABEL_61 LABEL_61 0.29608097672462463
SUC! insert print(x) prob: 0.29608097672462463 => 0.08153939247131348 label LABEL_37
Example time cost:  0.04 min
ALL examples time cost:  6.59 min
Query times in this attack:  11
Greedy query times: 11
Greedy sub index: 0
Ga query times: 0
All Query times:  1732
All sub index: 0
Avg sub index 0
Success rate:  0.9629629629629629
Successful items count:  104
Total count:  108
Index:  122

enter
LABEL_61 LABEL_61 0.27334120869636536
SUC! insert print(t) prob: 0.27334120869636536 => 0.07732897996902466 label LABEL_32
Example time cost:  0.04 min
ALL examples time cost:  6.63 min
Query times in this attack:  11
Greedy query times: 11
Greedy sub index: 0
Ga query times: 0
All Query times:  1743
All sub index: 0
Avg sub index 0
Success rate:  0.963302752293578
Successful items count:  105
Total count:  109
Index:  123

enter
LABEL_62 LABEL_62 0.21589376032352448
SUC! insert print(n) prob: 0.21589376032352448 => 0.07340331375598907 label LABEL_32
Example time cost:  0.08 min
ALL examples time cost:  6.71 min
Query times in this attack:  21
Greedy query times: 21
Greedy sub index: 0
Ga query times: 0
All Query times:  1764
All sub index: 0
Avg sub index 0
Success rate:  0.9636363636363636
Successful items count:  106
Total count:  110
Index:  124

enter
LABEL_62 LABEL_62 0.37703824043273926
SUC! insert print(T) prob: 0.37703824043273926 => 0.042897406965494156 label LABEL_25
Example time cost:  0.04 min
ALL examples time cost:  6.75 min
Query times in this attack:  11
Greedy query times: 11
Greedy sub index: 0
Ga query times: 0
All Query times:  1775
All sub index: 0
Avg sub index 0
Success rate:  0.963963963963964
Successful items count:  107
Total count:  111
Index:  125

enter
LABEL_63 LABEL_63 0.6731622219085693
SUC! insert print(N) prob: 0.6731622219085693 => 0.0672643780708313 label LABEL_37
Example time cost:  0.06 min
ALL examples time cost:  6.81 min
Query times in this attack:  16
Greedy query times: 16
Greedy sub index: 0
Ga query times: 0
All Query times:  1791
All sub index: 0
Avg sub index 0
Success rate:  0.9642857142857143
Successful items count:  108
Total count:  112
Index:  126

enter
LABEL_63 LABEL_63 0.8732474446296692
SUC! insert print(sys) prob: 0.8732474446296692 => 0.06864990293979645 label LABEL_25
Example time cost:  0.06 min
ALL examples time cost:  6.87 min
Query times in this attack:  15
Greedy query times: 15
Greedy sub index: 0
Ga query times: 0
All Query times:  1806
All sub index: 0
Avg sub index 0
Success rate:  0.9646017699115044
Successful items count:  109
Total count:  113
Index:  127

enter
LABEL_64 LABEL_64 0.9599870443344116
SUC! insert print(n) prob: 0.9599870443344116 => 0.057182371616363525 label LABEL_32
Example time cost:  0.06 min
ALL examples time cost:  6.93 min
Query times in this attack:  17
Greedy query times: 17
Greedy sub index: 0
Ga query times: 0
All Query times:  1823
All sub index: 0
Avg sub index 0
Success rate:  0.9649122807017544
Successful items count:  110
Total count:  114
Index:  128

enter
LABEL_64 LABEL_64 0.9077017307281494
SUC! insert print(T) prob: 0.9077017307281494 => 0.06190604716539383 label LABEL_15
Example time cost:  0.05 min
ALL examples time cost:  6.99 min
Query times in this attack:  14
Greedy query times: 14
Greedy sub index: 0
Ga query times: 0
All Query times:  1837
All sub index: 0
Avg sub index 0
Success rate:  0.9652173913043478
Successful items count:  111
Total count:  115
Index:  129

enter
LABEL_65 LABEL_65 0.6385573148727417
SUC! insert print(t) prob: 0.6385573148727417 => 0.06292369961738586 label LABEL_43
Example time cost:  0.07 min
ALL examples time cost:  7.06 min
Query times in this attack:  19
Greedy query times: 19
Greedy sub index: 0
Ga query times: 0
All Query times:  1856
All sub index: 0
Avg sub index 0
Success rate:  0.9655172413793104
Successful items count:  112
Total count:  116
Index:  130

enter
LABEL_40 LABEL_65 0.1574423462152481
Example time cost:  0.0 min
ALL examples time cost:  7.06 min
Query times in this attack:  1
Greedy query times: 1
Greedy sub index: 0
Ga query times: 0
All Query times:  1857
All sub index: 0
Avg sub index 0
Success rate:  0.9655172413793104
Successful items count:  112
Total count:  116
Index:  131

