enter
>> ACC! numCases => nbCase (0.57513 => 0.19579)
>> FINALACC! numbers => neums (0.19579 => 0.17900)
>> FINALACC! num_len => num_start (0.17900 => 0.17455)
>> FINALACC! case => default (0.17455 => 0.14723)
>> FINALACC! num_str => numinglen (0.14723 => 0.13280)
>> FINALACC! max => range (0.13280 => 0.12575)
>> FINALACC! number => line (0.12575 => 0.11802)
>> SUC! x => input (0.11802 => 0.06533)
Example time cost:  0.03 min
ALL examples time cost:  0.03 min
Query times in this attack:  145
Greedy query times: 145
Greedy sub index: 0
Ga query times: 0
All Query times:  145
All sub index: 0
Avg sub index 0
Success rate:  1.0
Successful items count:  1
Total count:  1
Index:  0

enter
>> FINALACC! num_cases => numlcases (0.25594 => 0.20135)
>> ACC! x => input (0.20135 => 0.09722)
>> FINALACC! score_needed => core_allowed (0.09722 => 0.08894)
>> FINALACC! numPass => nomPASS (0.08894 => 0.08002)
>> SUC! num_surprises => num_suvey (0.08002 => 0.08145)
Example time cost:  0.01 min
ALL examples time cost:  0.05 min
Query times in this attack:  78
Greedy query times: 78
Greedy sub index: 0
Ga query times: 0
All Query times:  223
All sub index: 0
Avg sub index 0
Success rate:  1.0
Successful items count:  2
Total count:  2
Index:  1

enter
>> FINALACC! end_idx => end_idy (0.76551 => 0.76190)
>> FINALACC! f_in => fFileint (0.76190 => 0.62559)
>> FINALACC! lines => sections (0.62559 => 0.60343)
>> FINALACC! i => n (0.60343 => 0.60106)
>> FINALACC! s => ends (0.60106 => 0.57092)
>> FINALACC! cnt => Cno (0.57092 => 0.50328)
>> FINALACC! ci => character (0.50328 => 0.48553)
>> FINALACC! num => text (0.48553 => 0.47823)
>> FINALACC! ncases => ncatures (0.47823 => 0.42786)
>> FINALACC! base_lo =>  base_la (0.42786 => 0.42452)
>> FINALACC! sub => case (0.42452 => 0.41276)
>> FINALACC! base_hi => base25hi (0.41276 => 0.40818)
>> FINALACC! hi => chi (0.40818 => 0.40477)
>> FINALACC! lo => ha (0.40477 => 0.39099)
>> ACC! base => file (0.39099 => 0.25109)
Example time cost:  0.08 min
ALL examples time cost:  0.13 min
Query times in this attack:  418
Greedy query times: 418
Greedy sub index: 0
Ga query times: 0
All Query times:  641
All sub index: 0
Avg sub index 0
Success rate:  0.6666666666666666
Successful items count:  2
Total count:  3
Index:  2

enter
>> FINALACC! f_in => fockid (0.70407 => 0.65224)
>> FINALACC! thre_surprise => thre_Surmetic (0.65224 => 0.64940)
>> FINALACC! basename => Basame (0.64940 => 0.63714)
>> FINALACC! lines => text (0.63714 => 0.62005)
>> FINALACC! tot => ttower (0.62005 => 0.54905)
>> FINALACC! scores => Score (0.54905 => 0.54594)
>> FINALACC! thre_normal => thbre_general (0.54594 => 0.53718)
>> FINALACC! result => Results (0.53718 => 0.50349)
>> FINALACC! S => Case (0.50349 => 0.42873)
>> FINALACC! ci => uc (0.42873 => 0.42415)
>> FINALACC! maxdiff => maxref (0.42415 => 0.40817)
>> FINALACC! sub => sec (0.40817 => 0.39779)
>> FINALACC! N => Test (0.39779 => 0.36053)
>> ACC! numdata => alldata (0.36053 => 0.25600)
>> FINALACC! infile => insfp (0.25600 => 0.24655)
>> FINALACC! s => n (0.24655 => 0.24411)
>> FINALACC! ncases => nase (0.24411 => 0.22305)
>> FINALACC! line => LINE (0.22305 => 0.20261)
>> FINALACC! outfile => inline (0.20261 => 0.19837)
>> FINALACC! minval => MinVal (0.19837 => 0.18795)
>> FINALACC! p => start (0.18795 => 0.18445)
Example time cost:  0.08 min
ALL examples time cost:  0.21 min
Query times in this attack:  437
Greedy query times: 437
Greedy sub index: 0
Ga query times: 0
All Query times:  1078
All sub index: 0
Avg sub index 0
Success rate:  0.5
Successful items count:  2
Total count:  4
Index:  3

enter
>> FINALACC! inf => cli (0.72713 => 0.61643)
>> FINALACC! pal_sqr_roots =>  sys_sqr1files (0.61643 => 0.55977)
Example time cost:  0.01 min
ALL examples time cost:  0.22 min
Query times in this attack:  43
Greedy query times: 43
Greedy sub index: 0
Ga query times: 0
All Query times:  1121
All sub index: 0
Avg sub index 0
Success rate:  0.4
Successful items count:  2
Total count:  5
Index:  4

enter
>> FINALACC! inf => api (0.77367 => 0.75030)
>> FINALACC! lst => plST (0.75030 => 0.74769)
>> FINALACC! cnt => C0 (0.74769 => 0.73898)
>> FINALACC! score => distance (0.73898 => 0.73778)
>> FINALACC! N => Z (0.73778 => 0.73590)
>> FINALACC! S => D (0.73590 => 0.73555)
>> FINALACC! p => lp (0.73555 => 0.72882)
>> FINALACC! mx => mn (0.72882 => 0.72802)
>> FINALACC! caseNo => caseno (0.72802 => 0.70891)
Example time cost:  0.03 min
ALL examples time cost:  0.25 min
Query times in this attack:  189
Greedy query times: 189
Greedy sub index: 0
Ga query times: 0
All Query times:  1310
All sub index: 0
Avg sub index 0
Success rate:  0.3333333333333333
Successful items count:  2
Total count:  6
Index:  5

enter
Example time cost:  0.0 min
ALL examples time cost:  0.26 min
Query times in this attack:  1
Greedy query times: 1
Greedy sub index: 0
Ga query times: 0
All Query times:  1311
All sub index: 0
Avg sub index 0
Success rate:  0.3333333333333333
Successful items count:  2
Total count:  6
Index:  6

enter
>> ACC! z => hz (0.35042 => 0.19180)
>> FINALACC! res =>  Res (0.19180 => 0.18335)
>> FINALACC! y => u (0.18335 => 0.18127)
>> FINALACC! A => Ax (0.18127 => 0.17403)
>> FINALACC! B => J (0.17403 => 0.17363)
>> FINALACC! s => ins (0.17363 => 0.16055)
>> SUC! x => rx (0.16055 => 0.15637)
Example time cost:  0.02 min
ALL examples time cost:  0.28 min
Query times in this attack:  123
Greedy query times: 123
Greedy sub index: 0
Ga query times: 0
All Query times:  1434
All sub index: 0
Avg sub index 0
Success rate:  0.42857142857142855
Successful items count:  3
Total count:  7
Index:  7

enter
>> FINALACC! f => data (0.69829 => 0.57110)
>> FINALACC! j => r (0.57110 => 0.56731)
>> FINALACC! q => quality (0.56731 => 0.56608)
>> FINALACC! x => input (0.56608 => 0.53904)
>> FINALACC! ma => ama (0.53904 => 0.53685)
>> FINALACC! l2 => L1 (0.53685 => 0.49730)
>> FINALACC! b => u (0.49730 => 0.49156)
>> FINALACC! mb => bb (0.49156 => 0.49131)
>> FINALACC! l => t (0.49131 => 0.47444)
>> FINALACC! i => page (0.47444 => 0.43371)
>> FINALACC! line => LINE (0.43371 => 0.41149)
>> FINALACC! a => aa (0.41149 => 0.41088)
>> FINALACC! num => iter (0.41088 => 0.40276)
>> FINALACC! count => case (0.40276 => 0.39179)
Example time cost:  0.05 min
ALL examples time cost:  0.33 min
Query times in this attack:  281
Greedy query times: 281
Greedy sub index: 0
Ga query times: 0
All Query times:  1715
All sub index: 0
Avg sub index 0
Success rate:  0.375
Successful items count:  3
Total count:  8
Index:  8

enter
>> FINALACC! f => folder (0.69315 => 0.59813)
>> ACC! i => cli (0.59813 => 0.39744)
>> FINALACC! nrsup => nricsup (0.39744 => 0.39023)
>> FINALACC! nrsuppass => nrSuppass (0.39023 => 0.37987)
>> FINALACC! x => ex (0.37987 => 0.37236)
>> FINALACC! score => file (0.37236 => 0.35176)
>> FINALACC! nrpass => NRpass (0.35176 => 0.33783)
>> FINALACC! nrg => pngin (0.33783 => 0.33006)
>> ACC! res => Results (0.33006 => 0.24473)
>> FINALACC! num => max (0.24473 => 0.22202)
Example time cost:  0.03 min
ALL examples time cost:  0.36 min
Query times in this attack:  182
Greedy query times: 182
Greedy sub index: 0
Ga query times: 0
All Query times:  1897
All sub index: 0
Avg sub index 0
Success rate:  0.3333333333333333
Successful items count:  3
Total count:  9
Index:  9

enter
>> ACC! in_lines =>  inxfiles (0.72527 => 0.49918)
>> FINALACC! j => l (0.49918 => 0.49800)
>> FINALACC! amap => map (0.49800 => 0.46656)
>> FINALACC! cmap => dMap (0.46656 => 0.46404)
>> FINALACC! mtx => gtX (0.46404 => 0.43928)
>> FINALACC! rmap => rmaps (0.43928 => 0.43592)
>> FINALACC! cn => net (0.43592 => 0.42440)
>> FINALACC! t => tf (0.42440 => 0.42067)
>> FINALACC! rn => abc (0.42067 => 0.40381)
>> FINALACC! i => z (0.40381 => 0.39827)
>> FINALACC! m => ab (0.39827 => 0.39408)
>> FINALACC! b => bb (0.39408 => 0.38111)
>> ACC! case => exc (0.38111 => 0.12470)
>> SUC! out => summary (0.12470 => 0.08889)
Example time cost:  0.09 min
ALL examples time cost:  0.45 min
Query times in this attack:  410
Greedy query times: 410
Greedy sub index: 0
Ga query times: 0
All Query times:  2307
All sub index: 0
Avg sub index 0
Success rate:  0.4
Successful items count:  4
Total count:  10
Index:  10

enter
>> ACC! case_input =>  case_file (0.68132 => 0.42139)
>> FINALACC! test_data => case_data (0.42139 => 0.40885)
>> FINALACC! use_test_data => use_case_Data (0.40885 => 0.37749)
>> ACC! case_output =>  case_write (0.37749 => 0.28064)
>> FINALACC! iLine => liL (0.28064 => 0.26996)
>> FINALACC! data => DATA (0.26996 => 0.24624)
>> FINALACC! i => ai (0.24624 => 0.23841)
>> FINALACC! n => z (0.23841 => 0.23402)
>> FINALACC! cc => case (0.23402 => 0.21921)
>> FINALACC! x => int (0.21921 => 0.20626)
>> FINALACC! raw => xml (0.20626 => 0.18980)
>> FINALACC! ts => tests (0.18980 => 0.18257)
>> FINALACC! output_file => outputJfil (0.18257 => 0.14836)
>> FINALACC! ct => uc (0.14836 => 0.14813)
>> FINALACC! T => Test (0.14813 => 0.13928)
>> FINALACC! caseLineNum => caseLineNumber (0.13928 => 0.12528)
>> FINALACC! result => feature (0.12528 => 0.11659)
>> FINALACC! input => step (0.11659 => 0.11356)
>> FINALACC! input_file => output_files (0.11356 => 0.10776)
>> SUC! icase => iccace (0.10776 => 0.16477)
Example time cost:  0.08 min
ALL examples time cost:  0.53 min
Query times in this attack:  404
Greedy query times: 404
Greedy sub index: 0
Ga query times: 0
All Query times:  2711
All sub index: 0
Avg sub index 0
Success rate:  0.45454545454545453
Successful items count:  5
Total count:  11
Index:  11

enter
>> ACC! T => Time (0.53267 => 0.33630)
>> FINALACC! B =>  b (0.33630 => 0.31622)
>> FINALACC! s => b (0.31622 => 0.30631)
>> FINALACC! i => alpha (0.30631 => 0.28892)
>> FINALACC! m => min (0.28892 => 0.27782)
>> ACC! A => Input (0.27782 => 0.16811)
>> FINALACC! j => v (0.16811 => 0.15587)
>> FINALACC! n => t (0.15587 => 0.13711)
Example time cost:  0.03 min
ALL examples time cost:  0.55 min
Query times in this attack:  158
Greedy query times: 158
Greedy sub index: 0
Ga query times: 0
All Query times:  2869
All sub index: 0
Avg sub index 0
Success rate:  0.4166666666666667
Successful items count:  5
Total count:  12
Index:  12

enter
>> SUC! T => t (0.23282 => 0.14204)
Example time cost:  0.0 min
ALL examples time cost:  0.56 min
Query times in this attack:  20
Greedy query times: 20
Greedy sub index: 0
Ga query times: 0
All Query times:  2889
All sub index: 0
Avg sub index 0
Success rate:  0.46153846153846156
Successful items count:  6
Total count:  13
Index:  13

enter
>> FINALACC! fout => fwin (0.54595 => 0.45260)
>> FINALACC! sq => sql (0.45260 => 0.42493)
>> FINALACC! ret => mt (0.42493 => 0.42248)
>> FINALACC! n2 => nb3 (0.42248 => 0.41569)
>> FINALACC! j => key (0.41569 => 0.41218)
>> FINALACC! B => b (0.41218 => 0.41019)
>> ACC! fin => loader (0.41019 => 0.30136)
>> FINALACC! x => xs (0.30136 => 0.30043)
>> FINALACC! A => Case (0.30043 => 0.29604)
>> FINALACC! n => name (0.29604 => 0.27774)
>> FINALACC! T => Test (0.27774 => 0.24296)
>> FINALACC! ns => strings (0.24296 => 0.23513)
>> FINALACC! s => sb (0.23513 => 0.23297)
>> FINALACC! i => t (0.23297 => 0.23159)
Example time cost:  0.05 min
ALL examples time cost:  0.61 min
Query times in this attack:  274
Greedy query times: 274
Greedy sub index: 0
Ga query times: 0
All Query times:  3163
All sub index: 0
Avg sub index 0
Success rate:  0.42857142857142855
Successful items count:  6
Total count:  14
Index:  14

enter
>> FINALACC! input_file => dataodefile (0.54716 => 0.48591)
>> ACC! output_file => outputChanemail (0.48591 => 0.29759)
>> FINALACC! p => case (0.29759 => 0.28839)
>> FINALACC! ret => Return (0.28839 => 0.28065)
>> FINALACC! d => id (0.28065 => 0.27469)
>> FINALACC! r => k (0.27469 => 0.27178)
>> FINALACC! br => ov (0.27178 => 0.26757)
>> FINALACC! S =>  R (0.26757 => 0.26248)
>> FINALACC! lines => locks (0.26248 => 0.25038)
>> FINALACC! N => Len (0.25038 => 0.23873)
>> FINALACC! n => name (0.23873 => 0.23293)
>> FINALACC! data => DATA (0.23293 => 0.22354)
>> FINALACC! l => z (0.22354 => 0.22146)
>> FINALACC! out => window (0.22146 => 0.20558)
>> FINALACC! i => I (0.20558 => 0.19948)
>> FINALACC! t => type (0.19948 => 0.19859)
>> FINALACC! sout => SOut (0.19859 => 0.19143)
>> SUC! inp => Infile (0.19143 => 0.12942)
Example time cost:  0.06 min
ALL examples time cost:  0.67 min
Query times in this attack:  337
Greedy query times: 337
Greedy sub index: 0
Ga query times: 0
All Query times:  3500
All sub index: 0
Avg sub index 0
Success rate:  0.4666666666666667
Successful items count:  7
Total count:  15
Index:  15

enter
Example time cost:  0.0 min
ALL examples time cost:  0.67 min
Query times in this attack:  1
Greedy query times: 1
Greedy sub index: 0
Ga query times: 0
All Query times:  3501
All sub index: 0
Avg sub index 0
Success rate:  0.4666666666666667
Successful items count:  7
Total count:  15
Index:  16

enter
Example time cost:  0.0 min
ALL examples time cost:  0.67 min
Query times in this attack:  1
Greedy query times: 1
Greedy sub index: 0
Ga query times: 0
All Query times:  3502
All sub index: 0
Avg sub index 0
Success rate:  0.4666666666666667
Successful items count:  7
Total count:  15
Index:  17

enter
>> FINALACC! inFile => Infile (0.76467 => 0.67416)
>> FINALACC! numTests => numTestcases (0.67416 => 0.52416)
>> FINALACC! outputname => outfile (0.52416 => 0.47805)
>> ACC! outFile => OUTFolder (0.47805 => 0.26387)
>> FINALACC! j => J (0.26387 => 0.25175)
>> FINALACC! strNum =>  strTon (0.25175 => 0.23766)
>> FINALACC! line => l (0.23766 => 0.22042)
>> FINALACC! fairAndSquareNums => fairAndsquareNomes (0.22042 => 0.20890)
>> FINALACC! count => fail (0.20890 => 0.18872)
>> FINALACC! number => python (0.18872 => 0.16918)
>> FINALACC! i => o (0.16918 => 0.16289)
>> FINALACC! filename => dll (0.16289 => 0.12798)
Example time cost:  0.04 min
ALL examples time cost:  0.71 min
Query times in this attack:  232
Greedy query times: 232
Greedy sub index: 0
Ga query times: 0
All Query times:  3734
All sub index: 0
Avg sub index 0
Success rate:  0.4375
Successful items count:  7
Total count:  16
Index:  18

enter
>> FINALACC! numTests => NumFcases (0.80753 => 0.74859)
>> ACC! inputFile => argumentFILE (0.74859 => 0.54665)
>> ACC! outputFile => inputFilename (0.54665 => 0.35178)
>> FINALACC! i => uri (0.35178 => 0.32936)
>> FINALACC! needSurprise => knowsurvey (0.32936 => 0.31930)
>> FINALACC! j =>  dj (0.31930 => 0.31455)
>> FINALACC! total => gross (0.31455 => 0.30861)
>> FINALACC! p => pa (0.30861 => 0.30358)
>> FINALACC! s => lines (0.30358 => 0.29604)
>> FINALACC! n => init (0.29604 => 0.28981)
>> FINALACC! line => string (0.28981 => 0.27328)
Example time cost:  0.05 min
ALL examples time cost:  0.76 min
Query times in this attack:  252
Greedy query times: 252
Greedy sub index: 0
Ga query times: 0
All Query times:  3986
All sub index: 0
Avg sub index 0
Success rate:  0.4117647058823529
Successful items count:  7
Total count:  17
Index:  19

enter
>> ACC! n_cases =>  nxtimes (0.71744 => 0.48346)
>> FINALACC! n => N (0.48346 => 0.45655)
>> FINALACC! b => abb (0.45655 => 0.43431)
>> FINALACC! s => input (0.43431 => 0.32628)
>> FINALACC! palin_squares => palin_squapes (0.32628 => 0.32317)
>> FINALACC! palins => opalouts (0.32317 => 0.31376)
>> FINALACC! nums =>  nubes (0.31376 => 0.30338)
>> FINALACC! range_squares => range_queries (0.30338 => 0.29296)
>> FINALACC! squares => scares (0.29296 => 0.28888)
>> FINALACC! a => span (0.28888 => 0.27334)
>> ACC! case => section (0.27334 => 0.16961)
>> FINALACC! x => int (0.16961 => 0.15508)
Example time cost:  0.04 min
ALL examples time cost:  0.8 min
Query times in this attack:  216
Greedy query times: 216
Greedy sub index: 0
Ga query times: 0
All Query times:  4202
All sub index: 0
Avg sub index 0
Success rate:  0.3888888888888889
Successful items count:  7
Total count:  18
Index:  20

enter
>> ACC! n_cases => nxtests (0.66262 => 0.22003)
>> FINALACC! t => set (0.22003 => 0.20161)
>> FINALACC! s => size (0.20161 => 0.17615)
>> SUC! x =>  X (0.17615 => 0.16497)
Example time cost:  0.01 min
ALL examples time cost:  0.81 min
Query times in this attack:  60
Greedy query times: 60
Greedy sub index: 0
Ga query times: 0
All Query times:  4262
All sub index: 0
Avg sub index 0
Success rate:  0.42105263157894735
Successful items count:  8
Total count:  19
Index:  21

enter
>> FINALACC! root => input (0.39177 => 0.37033)
>> FINALACC! _ => g (0.37033 => 0.36987)
>> FINALACC! str_a => Str_A (0.36987 => 0.36187)
>> FINALACC! rlt => plt (0.36187 => 0.33567)
>> FINALACC! ls => las (0.33567 => 0.32702)
>> FINALACC! i => ei (0.32702 => 0.32657)
>> FINALACC! next_root => next54depth (0.32657 => 0.32534)
>> FINALACC! num => multi (0.32534 => 0.32011)
>> FINALACC! a => args (0.32011 => 0.30112)
>> FINALACC! B => Other (0.30112 => 0.29475)
>> FINALACC! A => Input (0.29475 => 0.27929)
>> FINALACC! half_digits => half_pinsets (0.27929 => 0.27416)
Example time cost:  0.08 min
ALL examples time cost:  0.89 min
Query times in this attack:  383
Greedy query times: 383
Greedy sub index: 0
Ga query times: 0
All Query times:  4645
All sub index: 0
Avg sub index 0
Success rate:  0.4
Successful items count:  8
Total count:  20
Index:  22

enter
>> FINALACC! inputFile =>  inputBuffer (0.37594 => 0.34691)
>> FINALACC! rslt => RSgt (0.34691 => 0.34383)
>> FINALACC! p => l (0.34383 => 0.34115)
>> FINALACC! i => int (0.34115 => 0.33961)
>> FINALACC! s => v (0.33961 => 0.33804)
>> FINALACC! e => ce (0.33804 => 0.33651)
>> FINALACC! S => AS (0.33651 => 0.32966)
>> FINALACC! r => I (0.32966 => 0.32864)
>> FINALACC! N => n (0.32864 => 0.32147)
>> FINALACC! args => input (0.32147 => 0.31013)
Example time cost:  0.05 min
ALL examples time cost:  0.94 min
Query times in this attack:  266
Greedy query times: 266
Greedy sub index: 0
Ga query times: 0
All Query times:  4911
All sub index: 0
Avg sub index 0
Success rate:  0.38095238095238093
Successful items count:  8
Total count:  21
Index:  23

enter
>> ACC! stream => input (0.27898 => 0.17057)
>> FINALACC! x => xxx (0.17057 => 0.16341)
>> FINALACC! i => qi (0.16341 => 0.16205)
>> FINALACC! n => name (0.16205 => 0.14967)
>> FINALACC! line => shell (0.14967 => 0.12985)
>> FINALACC! cnt => encant (0.12985 => 0.12538)
>> FINALACC! rt => nr (0.12538 => 0.11946)
>> FINALACC! r => t (0.11946 => 0.11423)
>> SUC! case => mode (0.11423 => 0.10416)
Example time cost:  0.03 min
ALL examples time cost:  0.97 min
Query times in this attack:  171
Greedy query times: 171
Greedy sub index: 0
Ga query times: 0
All Query times:  5082
All sub index: 0
Avg sub index 0
Success rate:  0.4090909090909091
Successful items count:  9
Total count:  22
Index:  24

enter
Example time cost:  0.0 min
ALL examples time cost:  0.97 min
Query times in this attack:  1
Greedy query times: 1
Greedy sub index: 0
Ga query times: 0
All Query times:  5083
All sub index: 0
Avg sub index 0
Success rate:  0.4090909090909091
Successful items count:  9
Total count:  22
Index:  25

enter
>> ACC! f => file (0.69416 => 0.50524)
>> FINALACC! X => Code (0.50524 => 0.38448)
>> FINALACC! outf => Outf (0.38448 => 0.34794)
>> FINALACC! inf => input (0.34794 => 0.30248)
>> FINALACC! cnt => Cnt (0.30248 => 0.30140)
>> FINALACC! ans =>  Ans (0.30140 => 0.27244)
>> FINALACC! fslst => sfslsts (0.27244 => 0.25856)
>> FINALACC! squere => queret (0.25856 => 0.25629)
>> FINALACC! i => id (0.25629 => 0.25276)
>> FINALACC! s => t (0.25276 => 0.24932)
>> FINALACC! v => all (0.24932 => 0.24425)
>> FINALACC! out => password (0.24425 => 0.22336)
>> FINALACC! MAX => ALL (0.22336 => 0.22178)
>> FINALACC! T => Max (0.22178 => 0.20912)
Example time cost:  0.08 min
ALL examples time cost:  1.05 min
Query times in this attack:  392
Greedy query times: 392
Greedy sub index: 0
Ga query times: 0
All Query times:  5475
All sub index: 0
Avg sub index 0
Success rate:  0.391304347826087
Successful items count:  9
Total count:  23
Index:  26

enter
>> FINALACC! X => File (0.66961 => 0.51332)
>> FINALACC! p => P (0.51332 => 0.50545)
>> FINALACC! d => i (0.50545 => 0.50068)
>> FINALACC! m => M (0.50068 => 0.49795)
>> FINALACC! t => tt (0.49795 => 0.48850)
>> FINALACC! y => o (0.48850 => 0.48533)
>> FINALACC! T => Case (0.48533 => 0.42263)
>> FINALACC! N => ns (0.42263 => 0.41553)
>> FINALACC! S => Socket (0.41553 => 0.40980)
Example time cost:  0.03 min
ALL examples time cost:  1.08 min
Query times in this attack:  180
Greedy query times: 180
Greedy sub index: 0
Ga query times: 0
All Query times:  5655
All sub index: 0
Avg sub index 0
Success rate:  0.375
Successful items count:  9
Total count:  24
Index:  27

enter
Example time cost:  0.0 min
ALL examples time cost:  1.08 min
Query times in this attack:  1
Greedy query times: 1
Greedy sub index: 0
Ga query times: 0
All Query times:  5656
All sub index: 0
Avg sub index 0
Success rate:  0.375
Successful items count:  9
Total count:  24
Index:  28

enter
Example time cost:  0.0 min
ALL examples time cost:  1.08 min
Query times in this attack:  1
Greedy query times: 1
Greedy sub index: 0
Ga query times: 0
All Query times:  5657
All sub index: 0
Avg sub index 0
Success rate:  0.375
Successful items count:  9
Total count:  24
Index:  29

enter
>> FINALACC! f => fig (0.54034 => 0.46749)
>> FINALACC! H =>  h (0.46749 => 0.45705)
>> FINALACC! case => c (0.45705 => 0.43642)
>> FINALACC! i => iw (0.43642 => 0.43046)
>> FINALACC! L => l (0.43046 => 0.42034)
>> FINALACC! Num => Math (0.42034 => 0.39260)
>> FINALACC! out => point (0.39260 => 0.36668)
>> ACC! caseCnt => casecst (0.36668 => 0.09279)
Example time cost:  0.04 min
ALL examples time cost:  1.12 min
Query times in this attack:  191
Greedy query times: 191
Greedy sub index: 0
Ga query times: 0
All Query times:  5848
All sub index: 0
Avg sub index 0
Success rate:  0.36
Successful items count:  9
Total count:  25
Index:  30

enter
>> FINALACC! l => les (0.33494 => 0.29070)
>> FINALACC! c => count (0.29070 => 0.27417)
>> ACC! cnt =>  cnn (0.27417 => 0.18699)
>> FINALACC! p => np (0.18699 => 0.17391)
>> SUC! T => z (0.17391 => 0.15919)
Example time cost:  0.01 min
ALL examples time cost:  1.14 min
Query times in this attack:  79
Greedy query times: 79
Greedy sub index: 0
Ga query times: 0
All Query times:  5927
All sub index: 0
Avg sub index 0
Success rate:  0.38461538461538464
Successful items count:  10
Total count:  26
Index:  31

enter
Example time cost:  0.0 min
ALL examples time cost:  1.14 min
Query times in this attack:  1
Greedy query times: 1
Greedy sub index: 0
Ga query times: 0
All Query times:  5928
All sub index: 0
Avg sub index 0
Success rate:  0.38461538461538464
Successful items count:  10
Total count:  26
Index:  32

enter
>> FINALACC! poss => Pense (0.44762 => 0.35442)
>> FINALACC! f => ref (0.35442 => 0.26828)
>> FINALACC! s => comments (0.26828 => 0.20501)
>> ACC! out => exp (0.20501 => 0.15303)
>> FINALACC! e => ite (0.15303 => 0.13975)
>> FINALACC! j => note (0.13975 => 0.13691)
>> SUC! score => file (0.13691 => 0.11878)
Example time cost:  0.03 min
ALL examples time cost:  1.16 min
Query times in this attack:  132
Greedy query times: 132
Greedy sub index: 0
Ga query times: 0
All Query times:  6060
All sub index: 0
Avg sub index 0
Success rate:  0.4074074074074074
Successful items count:  11
Total count:  27
Index:  33

enter
>> FINALACC! line => LINE (0.50111 => 0.42900)
>> FINALACC! count => int (0.42900 => 0.41894)
>> FINALACC! num => Num (0.41894 => 0.31533)
>> FINALACC! top => txt (0.31533 => 0.27875)
>> FINALACC! i => input (0.27875 => 0.25260)
>> FINALACC! res =>  Res (0.25260 => 0.24092)
>> FINALACC! bot => lib (0.24092 => 0.18457)
>> FINALACC! a => A (0.18457 => 0.17364)
>> FINALACC! b => bi (0.17364 => 0.16947)
>> FINALACC! case => ASE (0.16947 => 0.13549)
Example time cost:  0.04 min
ALL examples time cost:  1.2 min
Query times in this attack:  208
Greedy query times: 208
Greedy sub index: 0
Ga query times: 0
All Query times:  6268
All sub index: 0
Avg sub index 0
Success rate:  0.39285714285714285
Successful items count:  11
Total count:  28
Index:  34

enter
Example time cost:  0.0 min
ALL examples time cost:  1.2 min
Query times in this attack:  1
Greedy query times: 1
Greedy sub index: 0
Ga query times: 0
All Query times:  6269
All sub index: 0
Avg sub index 0
Success rate:  0.39285714285714285
Successful items count:  11
Total count:  28
Index:  35

enter
>> FINALACC! num_of_cases => num_ofxcases (0.60816 => 0.58525)
>> FINALACC! a => name (0.58525 => 0.57029)
>> FINALACC! i => cli (0.57029 => 0.54698)
>> FINALACC! min_num => min_min (0.54698 => 0.54266)
>> FINALACC! sqrt => shr (0.54266 => 0.53605)
>> FINALACC! max_num => maxWmun (0.53605 => 0.52318)
>> FINALACC! count => case (0.52318 => 0.50447)
Example time cost:  0.03 min
ALL examples time cost:  1.22 min
Query times in this attack:  144
Greedy query times: 144
Greedy sub index: 0
Ga query times: 0
All Query times:  6413
All sub index: 0
Avg sub index 0
Success rate:  0.3793103448275862
Successful items count:  11
Total count:  29
Index:  36

enter
>> FINALACC! scores =>  scourses (0.74310 => 0.74145)
>> FINALACC! i => b (0.74145 => 0.74119)
>> FINALACC! num_of_googlers => num_of_googsblers (0.74119 => 0.74118)
>> FINALACC! case => config (0.74118 => 0.74054)
>> FINALACC! result => random (0.74054 => 0.73935)
>> FINALACC! combinations => clination (0.73935 => 0.73906)
>> FINALACC! desired_score => desired·distance (0.73906 => 0.73872)
>> FINALACC! number_of_cases => number_of_fits (0.73872 => 0.73399)
>> FINALACC! results => Results (0.73399 => 0.73005)
>> FINALACC! n => l (0.73005 => 0.72916)
Example time cost:  0.06 min
ALL examples time cost:  1.29 min
Query times in this attack:  314
Greedy query times: 314
Greedy sub index: 0
Ga query times: 0
All Query times:  6727
All sub index: 0
Avg sub index 0
Success rate:  0.36666666666666664
Successful items count:  11
Total count:  30
Index:  37

enter
>> ACC! IN => LINE (0.52718 => 0.36323)
>> FINALACC! A => In (0.36323 => 0.33543)
>> ACC! OUT => IO (0.33543 => 0.22084)
>> FINALACC! m => mr (0.22084 => 0.21130)
>> FINALACC! solution => Solutions (0.21130 => 0.20087)
>> FINALACC! ABmax => ADcache (0.20087 => 0.18732)
>> FINALACC! index => t (0.18732 => 0.16384)
>> FINALACC! B => Gb (0.16384 => 0.14370)
>> FINALACC! T => D (0.14370 => 0.13039)
>> FINALACC! n => u (0.13039 => 0.12875)
Example time cost:  0.03 min
ALL examples time cost:  1.32 min
Query times in this attack:  173
Greedy query times: 173
Greedy sub index: 0
Ga query times: 0
All Query times:  6900
All sub index: 0
Avg sub index 0
Success rate:  0.3548387096774194
Successful items count:  11
Total count:  31
Index:  38

enter
>> ACC! IN => LINE (0.52187 => 0.29395)
>> ACC! tlist =>  tcode (0.29395 => 0.17840)
>> FINALACC! data => xxx (0.17840 => 0.17310)
>> SUC! index => key (0.17310 => 0.15078)
Example time cost:  0.01 min
ALL examples time cost:  1.33 min
Query times in this attack:  50
Greedy query times: 50
Greedy sub index: 0
Ga query times: 0
All Query times:  6950
All sub index: 0
Avg sub index 0
Success rate:  0.375
Successful items count:  12
Total count:  32
Index:  39

enter
>> ACC! test_case_id => test_section_index (0.46302 => 0.34176)
>> FINALACC! T => ti (0.34176 => 0.27142)
>> FINALACC! N_MAX => NNMax (0.27142 => 0.24010)
>> FINALACC! n => name (0.24010 => 0.21817)
>> ACC! x => input (0.21817 => 0.15793)
>> FINALACC! s => l (0.15793 => 0.15652)
>> FINALACC! i => alpha (0.15652 => 0.15600)
>> FINALACC! fair_and_square_palindromes => fair_and_square_palndrame (0.15600 => 0.14648)
>> FINALACC! B => Q (0.14648 => 0.14209)
>> FINALACC! palindromes => palindrocs (0.14209 => 0.14018)
>> FINALACC! palindrome_squares => palindrome_quares (0.14018 => 0.13276)
>> FINALACC! A => H (0.13276 => 0.12756)
>> FINALACC! answer => address (0.12756 => 0.11628)
Example time cost:  0.04 min
ALL examples time cost:  1.37 min
Query times in this attack:  244
Greedy query times: 244
Greedy sub index: 0
Ga query times: 0
All Query times:  7194
All sub index: 0
Avg sub index 0
Success rate:  0.36363636363636365
Successful items count:  12
Total count:  33
Index:  40

enter
>> ACC! case => section (0.38677 => 0.22429)
>> FINALACC! t => tt (0.22429 => 0.21442)
>> FINALACC! poss => npasses (0.21442 => 0.16218)
>> FINALACC! T => Size (0.16218 => 0.13953)
>> FINALACC! c => cin (0.13953 => 0.11453)
>> SUC! a => aa (0.11453 => 0.12101)
Example time cost:  0.02 min
ALL examples time cost:  1.39 min
Query times in this attack:  104
Greedy query times: 104
Greedy sub index: 0
Ga query times: 0
All Query times:  7298
All sub index: 0
Avg sub index 0
Success rate:  0.38235294117647056
Successful items count:  13
Total count:  34
Index:  41

enter
>> FINALACC! INPUT => AINFILE (0.81688 => 0.67029)
>> FINALACC! self => py (0.67029 => 0.64367)
>> FINALACC! max_N => max2C (0.64367 => 0.63714)
>> FINALACC! cache => args (0.63714 => 0.61267)
>> FINALACC! i => ih (0.61267 => 0.61174)
>> FINALACC! key => hash (0.61174 => 0.59845)
>> FINALACC! s => comments (0.59845 => 0.59024)
>> FINALACC! N => size (0.59024 => 0.58095)
>> FINALACC! p => out (0.58095 => 0.56993)
>> FINALACC! _cache => _function (0.56993 => 0.54638)
>> FINALACC! cachedValue => cachedvalue (0.54638 => 0.53899)
>> FINALACC! _callable => _codeation (0.53899 => 0.51898)
>> FINALACC! function => unc (0.51898 => 0.50112)
Example time cost:  0.09 min
ALL examples time cost:  1.49 min
Query times in this attack:  476
Greedy query times: 476
Greedy sub index: 0
Ga query times: 0
All Query times:  7774
All sub index: 0
Avg sub index 0
Success rate:  0.37142857142857144
Successful items count:  13
Total count:  35
Index:  42

enter
>> ACC! INPUT => InInput (0.77612 => 0.28757)
>> FINALACC! f => inf (0.28757 => 0.28656)
>> FINALACC! N => AN (0.28656 => 0.26529)
>> FINALACC! s => input (0.26529 => 0.22912)
>> FINALACC! S => I (0.22912 => 0.22402)
>> FINALACC! i => b (0.22402 => 0.21546)
>> FINALACC! v => value (0.21546 => 0.21140)
>> FINALACC! T => size (0.21140 => 0.20251)
>> FINALACC! x => xx (0.20251 => 0.19910)
>> FINALACC! p => args (0.19910 => 0.15818)
>> FINALACC! d => u (0.15818 => 0.15520)
>> FINALACC! l => left (0.15520 => 0.15177)
Example time cost:  0.05 min
ALL examples time cost:  1.53 min
Query times in this attack:  246
Greedy query times: 246
Greedy sub index: 0
Ga query times: 0
All Query times:  8020
All sub index: 0
Avg sub index 0
Success rate:  0.3611111111111111
Successful items count:  13
Total count:  36
Index:  43

enter
Example time cost:  0.0 min
ALL examples time cost:  1.53 min
Query times in this attack:  1
Greedy query times: 1
Greedy sub index: 0
Ga query times: 0
All Query times:  8021
All sub index: 0
Avg sub index 0
Success rate:  0.3611111111111111
Successful items count:  13
Total count:  36
Index:  44

enter
>> ACC! T => period (0.21706 => 0.16078)
>> FINALACC! i => count (0.16078 => 0.14832)
>> FINALACC! note => nb (0.14832 => 0.14023)
>> SUC! answer => nee (0.14023 => 0.17427)
Example time cost:  0.01 min
ALL examples time cost:  1.55 min
Query times in this attack:  71
Greedy query times: 71
Greedy sub index: 0
Ga query times: 0
All Query times:  8092
All sub index: 0
Avg sub index 0
Success rate:  0.3783783783783784
Successful items count:  14
Total count:  37
Index:  45

enter
>> FINALACC! NUM_PROCESSES => NUM_PRECECes (0.78175 => 0.72692)
>> FINALACC! FILE_NAME_BASE => FILE_NAME__BASE (0.72692 => 0.70420)
>> FINALACC! MEM_LIMIT_GB => MEM_LIMIT2GB (0.70420 => 0.69149)
>> FINALACC! hard => external (0.69149 => 0.68672)
>> FINALACC! x => L (0.68672 => 0.67954)
>> FINALACC! soft => server (0.67954 => 0.67567)
>> FINALACC! b => wb (0.67567 => 0.65884)
>> FINALACC! RECURSION_LIMIT => RECURSION_LIGit (0.65884 => 0.64674)
>> FINALACC! results => grades (0.64674 => 0.63711)
>> FINALACC! _ => ac (0.63711 => 0.63617)
>> FINALACC! l2 => Li1 (0.63617 => 0.62925)
>> FINALACC! c => count (0.62925 => 0.62455)
>> FINALACC! l1 => L1 (0.62455 => 0.61975)
>> FINALACC! pool => graph (0.61975 => 0.61668)
>> FINALACC! a => api (0.61668 => 0.60238)
>> FINALACC! inp => INfp (0.60238 => 0.53372)
>> FINALACC! r => pr (0.53372 => 0.52464)
>> FINALACC! i => arc (0.52464 => 0.52463)
Example time cost:  0.09 min
ALL examples time cost:  1.64 min
Query times in this attack:  479
Greedy query times: 479
Greedy sub index: 0
Ga query times: 0
All Query times:  8571
All sub index: 0
Avg sub index 0
Success rate:  0.3684210526315789
Successful items count:  14
Total count:  38
Index:  46

enter
>> ACC! NUM_PROCESSES => NUM_PRECECes (0.72697 => 0.50777)
>> FINALACC! FILE_NAME_BASE => FILE_NAME_BERC (0.50777 => 0.45253)
>> FINALACC! inp => insf (0.45253 => 0.41948)
>> FINALACC! totals => totses (0.41948 => 0.36126)
>> FINALACC! data => reader (0.36126 => 0.34651)
>> FINALACC! points => charges (0.34651 => 0.32346)
>> FINALACC! surprises => wraprise (0.32346 => 0.30329)
>> FINALACC! x => xc (0.30329 => 0.28460)
>> FINALACC! dancers => Dancing (0.28460 => 0.27774)
>> FINALACC! total => stats (0.27774 => 0.27456)
>> FINALACC! b => sb (0.27456 => 0.27365)
Example time cost:  0.09 min
ALL examples time cost:  1.73 min
Query times in this attack:  425
Greedy query times: 425
Greedy sub index: 0
Ga query times: 0
All Query times:  8996
All sub index: 0
Avg sub index 0
Success rate:  0.358974358974359
Successful items count:  14
Total count:  39
Index:  47

enter
>> ACC! infile => INhandle (0.74670 => 0.54255)
>> ACC! NumCases => NumChodes (0.54255 => 0.37322)
>> FINALACC! self => false (0.37322 => 0.32079)
>> FINALACC! palinSqrt => palinSqsrf (0.32079 => 0.29099)
>> FINALACC! b => xb (0.29099 => 0.27985)
>> FINALACC! num => Num (0.27985 => 0.26761)
>> ACC! fname => FName (0.26761 => 0.18768)
>> SUC! cn => ln (0.18768 => 0.20156)
Example time cost:  0.08 min
ALL examples time cost:  1.81 min
Query times in this attack:  256
Greedy query times: 256
Greedy sub index: 0
Ga query times: 0
All Query times:  9252
All sub index: 0
Avg sub index 0
Success rate:  0.375
Successful items count:  15
Total count:  40
Index:  48

enter
>> ACC! NumCases => numcased (0.66305 => 0.30036)
>> SUC! infile => innhandle (0.30036 => 0.29215)
Example time cost:  0.0 min
ALL examples time cost:  1.82 min
Query times in this attack:  15
Greedy query times: 15
Greedy sub index: 0
Ga query times: 0
All Query times:  9267
All sub index: 0
Avg sub index 0
Success rate:  0.3902439024390244
Successful items count:  16
Total count:  41
Index:  49

enter
>> FINALACC! square => image (0.59908 => 0.58872)
>> FINALACC! i => uri (0.58872 => 0.51165)
>> FINALACC! p => api (0.51165 => 0.49092)
>> FINALACC! case => path (0.49092 => 0.45577)
>> FINALACC! answer => ace (0.45577 => 0.44606)
>> FINALACC! c => count (0.44606 => 0.44158)
>> FINALACC! big_p => bigPsp (0.44158 => 0.43733)
>> FINALACC! small_p => small_data (0.43733 => 0.43360)
>> FINALACC! lines_used => cases_needed (0.43360 => 0.39467)
>> FINALACC! cNum => pNo (0.39467 => 0.38386)
>> FINALACC! fands => cands (0.38386 => 0.37464)
>> FINALACC! phash => Phashed (0.37464 => 0.36820)
>> FINALACC! dims => diamond (0.36820 => 0.34157)
>> ACC! lines => sticks (0.34157 => 0.23196)
Example time cost:  0.05 min
ALL examples time cost:  1.87 min
Query times in this attack:  266
Greedy query times: 266
Greedy sub index: 0
Ga query times: 0
All Query times:  9533
All sub index: 0
Avg sub index 0
Success rate:  0.38095238095238093
Successful items count:  16
Total count:  42
Index:  50

enter
>> FINALACC! self => utils (0.64753 => 0.58264)
>> FINALACC! caseNumber => catchNo (0.58264 => 0.55267)
>> FINALACC! cls => pls (0.55267 => 0.52399)
>> FINALACC! resultData => errorInfo (0.52399 => 0.51594)
>> FINALACC! caseData => testdata (0.51594 => 0.47194)
>> FINALACC! number => figure (0.47194 => 0.44243)
>> FINALACC! result => comment (0.44243 => 0.42550)
>> FINALACC! data => input (0.42550 => 0.41573)
>> FINALACC! f_in =>  f__out (0.41573 => 0.35193)
Example time cost:  0.09 min
ALL examples time cost:  1.96 min
Query times in this attack:  396
Greedy query times: 396
Greedy sub index: 0
Ga query times: 0
All Query times:  9929
All sub index: 0
Avg sub index 0
Success rate:  0.37209302325581395
Successful items count:  16
Total count:  43
Index:  51

enter
>> FINALACC! s => request (0.54248 => 0.48839)
>> FINALACC! all_fair_and_square => all_fair_with_private (0.48839 => 0.47739)
>> FINALACC! num => NUM (0.47739 => 0.45427)
>> FINALACC! b => pb (0.45427 => 0.44240)
>> FINALACC! a => A (0.44240 => 0.43365)
>> FINALACC! ii => II (0.43365 => 0.41217)
>> FINALACC! rev => range (0.41217 => 0.40725)
>> FINALACC! palin => cparin (0.40725 => 0.39541)
>> FINALACC! intpalin => ntpparin (0.39541 => 0.36803)
>> FINALACC! i => image (0.36803 => 0.35936)
>> FINALACC! orig => lim (0.35936 => 0.35392)
>> FINALACC! t => trial (0.35392 => 0.29037)
>> FINALACC! line => LINE (0.29037 => 0.26061)
Example time cost:  0.05 min
ALL examples time cost:  2.01 min
Query times in this attack:  285
Greedy query times: 285
Greedy sub index: 0
Ga query times: 0
All Query times:  10214
All sub index: 0
Avg sub index 0
Success rate:  0.36363636363636365
Successful items count:  16
Total count:  44
Index:  52

enter
>> ACC! inputparams => paramparam (0.41865 => 0.29165)
>> ACC! i => python (0.29165 => 0.21197)
>> SUC! validcount => testinglength (0.21197 => 0.18839)
Example time cost:  0.01 min
ALL examples time cost:  2.02 min
Query times in this attack:  46
Greedy query times: 46
Greedy sub index: 0
Ga query times: 0
All Query times:  10260
All sub index: 0
Avg sub index 0
Success rate:  0.37777777777777777
Successful items count:  17
Total count:  45
Index:  53

enter
>> FINALACC! fairsquares => fairssquakes (0.40296 => 0.33695)
>> FINALACC! T => type (0.33695 => 0.27302)
>> FINALACC! middle => nr (0.27302 => 0.24371)
>> FINALACC! x => xxx (0.24371 => 0.23232)
>> FINALACC! A => Na (0.23232 => 0.20555)
>> FINALACC! B =>  b (0.20555 => 0.15750)
>> FINALACC! data => input (0.15750 => 0.12349)
>> FINALACC! i => ih (0.12349 => 0.11491)
>> FINALACC! count => t (0.11491 => 0.09833)
>> FINALACC! count_b => count_B (0.09833 => 0.09777)
>> FINALACC! left => lo (0.09777 => 0.09559)
>> FINALACC! count_a => count_f (0.09559 => 0.08851)
>> FINALACC! part => field (0.08851 => 0.08394)
>> FINALACC! f => fd (0.08394 => 0.07773)
Example time cost:  0.06 min
ALL examples time cost:  2.08 min
Query times in this attack:  315
Greedy query times: 315
Greedy sub index: 0
Ga query times: 0
All Query times:  10575
All sub index: 0
Avg sub index 0
Success rate:  0.3695652173913043
Successful items count:  17
Total count:  46
Index:  54

enter
>> SUC! T => n (0.32740 => 0.18493)
Example time cost:  0.0 min
ALL examples time cost:  2.09 min
Query times in this attack:  22
Greedy query times: 22
Greedy sub index: 0
Ga query times: 0
All Query times:  10597
All sub index: 0
Avg sub index 0
Success rate:  0.3829787234042553
Successful items count:  18
Total count:  47
Index:  55

enter
Example time cost:  0.0 min
ALL examples time cost:  2.09 min
Query times in this attack:  1
Greedy query times: 1
Greedy sub index: 0
Ga query times: 0
All Query times:  10598
All sub index: 0
Avg sub index 0
Success rate:  0.3829787234042553
Successful items count:  18
Total count:  47
Index:  56

enter
>> ACC! T => n (0.58278 => 0.24997)
>> SUC! f => l (0.24997 => 0.21867)
Example time cost:  0.0 min
ALL examples time cost:  2.09 min
Query times in this attack:  24
Greedy query times: 24
Greedy sub index: 0
Ga query times: 0
All Query times:  10622
All sub index: 0
Avg sub index 0
Success rate:  0.3958333333333333
Successful items count:  19
Total count:  48
Index:  57

enter
>> ACC! outfile => offfolder (0.28108 => 0.19236)
>> SUC! inF => inB (0.19236 => 0.17170)
Example time cost:  0.01 min
ALL examples time cost:  2.1 min
Query times in this attack:  28
Greedy query times: 28
Greedy sub index: 0
Ga query times: 0
All Query times:  10650
All sub index: 0
Avg sub index 0
Success rate:  0.40816326530612246
Successful items count:  20
Total count:  49
Index:  58

enter
>> FINALACC! outfile => infilename (0.71502 => 0.69291)
>> FINALACC! caseA => CaseB (0.69291 => 0.68396)
>> FINALACC! t => tt (0.68396 => 0.67982)
>> FINALACC! over_supr => over_surrs (0.67982 => 0.67801)
>> FINALACC! outA => caseC (0.67801 => 0.65351)
>> FINALACC! linesA => filesa (0.65351 => 0.64841)
>> FINALACC! conv => v (0.64841 => 0.64570)
>> FINALACC! init => error (0.64570 => 0.63598)
>> FINALACC! over_norm => over·orm (0.63598 => 0.63132)
>> FINALACC! N => D (0.63132 => 0.63106)
>> FINALACC! T => I (0.63106 => 0.62753)
>> FINALACC! S => SU (0.62753 => 0.62588)
>> FINALACC! P => G (0.62588 => 0.62304)
>> FINALACC! infile => inifile (0.62304 => 0.60970)
>> FINALACC! i => uri (0.60970 => 0.59544)
>> FINALACC! data_dict => data_list (0.59544 => 0.56895)
Example time cost:  0.11 min
ALL examples time cost:  2.21 min
Query times in this attack:  537
Greedy query times: 537
Greedy sub index: 0
Ga query times: 0
All Query times:  11187
All sub index: 0
Avg sub index 0
Success rate:  0.4
Successful items count:  20
Total count:  50
Index:  59

enter
>> FINALACC! testcase => trainCase (0.78659 => 0.74511)
>> FINALACC! infile => outFile (0.74511 => 0.71193)
>> FINALACC! C => Can (0.71193 => 0.70790)
>> FINALACC! P => Point (0.70790 => 0.69640)
>> FINALACC! x => data (0.69640 => 0.68601)
>> FINALACC! T => Te (0.68601 => 0.68194)
>> FINALACC! I => MI (0.68194 => 0.67865)
>> FINALACC! low => scale (0.67865 => 0.67716)
>> FINALACC! high => null (0.67716 => 0.67653)
>> FINALACC! N => G (0.67653 => 0.67242)
>> FINALACC! S => Sa (0.67242 => 0.66671)
>> FINALACC! y => int (0.66671 => 0.66002)
>> FINALACC! n => name (0.66002 => 0.65436)
>> FINALACC! a => am (0.65436 => 0.65280)
>> FINALACC! b => py (0.65280 => 0.65020)
Example time cost:  0.08 min
ALL examples time cost:  2.29 min
Query times in this attack:  399
Greedy query times: 399
Greedy sub index: 0
Ga query times: 0
All Query times:  11586
All sub index: 0
Avg sub index 0
Success rate:  0.39215686274509803
Successful items count:  20
Total count:  51
Index:  60

enter
>> FINALACC! testcase => serverpath (0.78941 => 0.75364)
>> FINALACC! P => pressure (0.75364 => 0.75140)
>> FINALACC! infile => inputclass (0.75140 => 0.68177)
>> FINALACC! self => function (0.68177 => 0.67200)
>> FINALACC! T => WT (0.67200 => 0.66950)
>> FINALACC! cache => config (0.66950 => 0.66713)
>> FINALACC! G => GA (0.66713 => 0.66117)
>> FINALACC! r => rx (0.66117 => 0.65840)
>> FINALACC! S => SG (0.65840 => 0.65373)
>> FINALACC! s => rl (0.65373 => 0.64840)
>> FINALACC! g => gru (0.64840 => 0.64716)
>> FINALACC! p => py (0.64716 => 0.63809)
>> FINALACC! t => v (0.63809 => 0.63725)
>> FINALACC! N => np (0.63725 => 0.63545)
Example time cost:  0.06 min
ALL examples time cost:  2.34 min
Query times in this attack:  295
Greedy query times: 295
Greedy sub index: 0
Ga query times: 0
All Query times:  11881
All sub index: 0
Avg sub index 0
Success rate:  0.38461538461538464
Successful items count:  20
Total count:  52
Index:  61

enter
>> FINALACC! result => data (0.21902 => 0.19175)
>> SUC! count => name (0.19175 => 0.18615)
Example time cost:  0.01 min
ALL examples time cost:  2.35 min
Query times in this attack:  35
Greedy query times: 35
Greedy sub index: 0
Ga query times: 0
All Query times:  11916
All sub index: 0
Avg sub index 0
Success rate:  0.39622641509433965
Successful items count:  21
Total count:  53
Index:  62

enter
Example time cost:  0.0 min
ALL examples time cost:  2.35 min
Query times in this attack:  1
Greedy query times: 1
Greedy sub index: 0
Ga query times: 0
All Query times:  11917
All sub index: 0
Avg sub index 0
Success rate:  0.39622641509433965
Successful items count:  21
Total count:  53
Index:  63

enter
>> FINALACC! range_ => resource1 (0.77678 => 0.77482)
>> FINALACC! count_ =>  count2 (0.77482 => 0.77437)
>> FINALACC! word => byte (0.77437 => 0.77277)
>> FINALACC! isPalin => isMargin (0.77277 => 0.77184)
>> FINALACC! start => case (0.77184 => 0.77087)
>> FINALACC! end => open (0.77087 => 0.76922)
>> FINALACC! f_half => ssOsize (0.76922 => 0.76819)
>> FINALACC! n_test => n__case (0.76819 => 0.76589)
>> FINALACC! s_half => s_part (0.76589 => 0.76485)
>> FINALACC! f_r => f_out (0.76485 => 0.76336)
Example time cost:  0.06 min
ALL examples time cost:  2.41 min
Query times in this attack:  308
Greedy query times: 308
Greedy sub index: 0
Ga query times: 0
All Query times:  12225
All sub index: 0
Avg sub index 0
Success rate:  0.3888888888888889
Successful items count:  21
Total count:  54
Index:  64

enter
>> FINALACC! g => cfg (0.78048 => 0.77873)
>> FINALACC! i => l (0.77873 => 0.77863)
>> FINALACC! t => table (0.77863 => 0.77749)
>> FINALACC! indcies => investcies (0.77749 => 0.77732)
>> FINALACC! k => ijk (0.77732 => 0.77593)
>> FINALACC! s_ => ions_ (0.77593 => 0.77585)
>> FINALACC! n => un (0.77585 => 0.77530)
>> FINALACC! j => I (0.77530 => 0.77424)
>> FINALACC! total => sup (0.77424 => 0.77408)
>> FINALACC! h => help (0.77408 => 0.77053)
>> FINALACC! p => per (0.77053 => 0.76985)
>> FINALACC! S => se (0.76985 => 0.76824)
Example time cost:  0.11 min
ALL examples time cost:  2.52 min
Query times in this attack:  505
Greedy query times: 505
Greedy sub index: 0
Ga query times: 0
All Query times:  12730
All sub index: 0
Avg sub index 0
Success rate:  0.38181818181818183
Successful items count:  21
Total count:  55
Index:  65

enter
>> FINALACC! T => t (0.55801 => 0.50349)
>> FINALACC! x => xxx (0.50349 => 0.50008)
>> FINALACC! A => Input (0.50008 => 0.46162)
>> FINALACC! num => input (0.46162 => 0.39862)
>> FINALACC! B =>  b (0.39862 => 0.37963)
>> FINALACC! count => case (0.37963 => 0.32398)
>> FINALACC! i => v (0.32398 => 0.31876)
Example time cost:  0.03 min
ALL examples time cost:  2.55 min
Query times in this attack:  145
Greedy query times: 145
Greedy sub index: 0
Ga query times: 0
All Query times:  12875
All sub index: 0
Avg sub index 0
Success rate:  0.375
Successful items count:  21
Total count:  56
Index:  66

enter
>> FINALACC! T => Time (0.56505 => 0.53892)
>> FINALACC! N => NN (0.53892 => 0.53582)
>> FINALACC! n => ne (0.53582 => 0.53360)
>> FINALACC! i => it (0.53360 => 0.53120)
>> FINALACC! nums =>  nummies (0.53120 => 0.52505)
>> FINALACC! S => int (0.52505 => 0.48203)
>> FINALACC! b => pa (0.48203 => 0.47828)
>> FINALACC! t => all (0.47828 => 0.46164)
>> FINALACC! p => r (0.46164 => 0.45233)
>> FINALACC! s => sa (0.45233 => 0.44902)
>> FINALACC! a => ea (0.44902 => 0.43068)
>> FINALACC! scores => SCores (0.43068 => 0.39467)
Example time cost:  0.05 min
ALL examples time cost:  2.6 min
Query times in this attack:  249
Greedy query times: 249
Greedy sub index: 0
Ga query times: 0
All Query times:  13124
All sub index: 0
Avg sub index 0
Success rate:  0.3684210526315789
Successful items count:  21
Total count:  57
Index:  67

enter
>> FINALACC! word => line (0.76940 => 0.76896)
>> FINALACC! root => term (0.76896 => 0.76861)
>> FINALACC! count => max (0.76861 => 0.76850)
>> FINALACC! x =>  X (0.76850 => 0.72519)
>> FINALACC! B_root =>  B_Root (0.72519 => 0.72055)
>> FINALACC! B => b (0.72055 => 0.71735)
>> FINALACC! A_root => B__roots (0.71735 => 0.71199)
>> FINALACC! t => it (0.71199 => 0.70615)
>> FINALACC! T => TF (0.70615 => 0.67728)
Example time cost:  0.04 min
ALL examples time cost:  2.63 min
Query times in this attack:  205
Greedy query times: 205
Greedy sub index: 0
Ga query times: 0
All Query times:  13329
All sub index: 0
Avg sub index 0
Success rate:  0.3620689655172414
Successful items count:  21
Total count:  58
Index:  68

enter
>> FINALACC! t => ct (0.76887 => 0.76810)
>> FINALACC! count => size (0.76810 => 0.76779)
>> FINALACC! x =>  X (0.76779 => 0.74897)
>> FINALACC! S => n (0.74897 => 0.74760)
>> FINALACC! p => pn (0.74760 => 0.74461)
>> FINALACC! T => length (0.74461 => 0.74429)
>> FINALACC! N => D (0.74429 => 0.74327)
>> FINALACC! line => c (0.74327 => 0.73113)
Example time cost:  0.03 min
ALL examples time cost:  2.66 min
Query times in this attack:  165
Greedy query times: 165
Greedy sub index: 0
Ga query times: 0
All Query times:  13494
All sub index: 0
Avg sub index 0
Success rate:  0.3559322033898305
Successful items count:  21
Total count:  59
Index:  69

enter
Example time cost:  0.0 min
ALL examples time cost:  2.66 min
Query times in this attack:  1
Greedy query times: 1
Greedy sub index: 0
Ga query times: 0
All Query times:  13495
All sub index: 0
Avg sub index 0
Success rate:  0.3559322033898305
Successful items count:  21
Total count:  59
Index:  70

enter
>> ACC! f => log (0.22800 => 0.14768)
>> FINALACC! caseI => caseID (0.14768 => 0.13633)
>> FINALACC! points => P (0.13633 => 0.12254)
>> FINALACC! either => error (0.12254 => 0.12030)
>> FINALACC! p => b (0.12030 => 0.11930)
>> FINALACC! surprise => promvey (0.11930 => 0.09433)
>> FINALACC! x => l (0.09433 => 0.09145)
>> FINALACC! maxp =>  maxP (0.09145 => 0.08542)
>> FINALACC! this_p => This_P (0.08542 => 0.08099)
>> SUC! g => bar (0.08099 => 0.05998)
Example time cost:  0.03 min
ALL examples time cost:  2.69 min
Query times in this attack:  169
Greedy query times: 169
Greedy sub index: 0
Ga query times: 0
All Query times:  13664
All sub index: 0
Avg sub index 0
Success rate:  0.36666666666666664
Successful items count:  22
Total count:  60
Index:  71

enter
Example time cost:  0.0 min
ALL examples time cost:  2.69 min
Query times in this attack:  1
Greedy query times: 1
Greedy sub index: 0
Ga query times: 0
All Query times:  13665
All sub index: 0
Avg sub index 0
Success rate:  0.36666666666666664
Successful items count:  22
Total count:  60
Index:  72

enter
>> FINALACC! elems => Elemas (0.75384 => 0.74894)
>> FINALACC! i =>  I (0.74894 => 0.74830)
>> FINALACC! start => set (0.74830 => 0.74757)
Example time cost:  0.01 min
ALL examples time cost:  2.71 min
Query times in this attack:  64
Greedy query times: 64
Greedy sub index: 0
Ga query times: 0
All Query times:  13729
All sub index: 0
Avg sub index 0
Success rate:  0.36065573770491804
Successful items count:  22
Total count:  61
Index:  73

enter
>> FINALACC! case => phone (0.77875 => 0.77788)
>> FINALACC! n => np (0.77788 => 0.77715)
>> FINALACC! new_case => newfcases (0.77715 => 0.77682)
>> FINALACC! case_counter => ice_consumer (0.77682 => 0.77526)
>> FINALACC! lines_left => lines6Left (0.77526 => 0.77503)
>> FINALACC! line => input (0.77503 => 0.77280)
>> FINALACC! line_index => edgeIdcounter (0.77280 => 0.77061)
>> ACC! filepath => fpointer (0.77061 => 0.57624)
Example time cost:  0.07 min
ALL examples time cost:  2.77 min
Query times in this attack:  264
Greedy query times: 264
Greedy sub index: 0
Ga query times: 0
All Query times:  13993
All sub index: 0
Avg sub index 0
Success rate:  0.3548387096774194
Successful items count:  22
Total count:  62
Index:  74

enter
Example time cost:  0.0 min
ALL examples time cost:  2.77 min
Query times in this attack:  1
Greedy query times: 1
Greedy sub index: 0
Ga query times: 0
All Query times:  13994
All sub index: 0
Avg sub index 0
Success rate:  0.3548387096774194
Successful items count:  22
Total count:  62
Index:  75

enter
>> FINALACC! i => input (0.66274 => 0.65121)
>> FINALACC! ANS => URN (0.65121 => 0.63708)
>> FINALACC! B =>  b (0.63708 => 0.62820)
>> FINALACC! N => SIZE (0.62820 => 0.59700)
>> FINALACC! A => ai (0.59700 => 0.57878)
>> FINALACC! q => sq (0.57878 => 0.57365)
>> FINALACC! T => size (0.57365 => 0.56723)
>> FINALACC! PP => pp (0.56723 => 0.55267)
>> FINALACC! n => z (0.55267 => 0.54284)
>> FINALACC! S => String (0.54284 => 0.51348)
>> FINALACC! LIM => LINK (0.51348 => 0.50836)
Example time cost:  0.04 min
ALL examples time cost:  2.82 min
Query times in this attack:  246
Greedy query times: 246
Greedy sub index: 0
Ga query times: 0
All Query times:  14240
All sub index: 0
Avg sub index 0
Success rate:  0.3492063492063492
Successful items count:  22
Total count:  63
Index:  76

enter
>> FINALACC! Data => Pi (0.68949 => 0.66939)
>> FINALACC! T => t (0.66939 => 0.66229)
>> FINALACC! i => uri (0.66229 => 0.62530)
>> FINALACC! N => num (0.62530 => 0.62125)
>> FINALACC! S => SA (0.62125 => 0.60902)
>> FINALACC! p => l (0.60902 => 0.60734)
>> FINALACC! Good => good (0.60734 => 0.58314)
>> FINALACC! score => c (0.58314 => 0.57861)
Example time cost:  0.03 min
ALL examples time cost:  2.85 min
Query times in this attack:  166
Greedy query times: 166
Greedy sub index: 0
Ga query times: 0
All Query times:  14406
All sub index: 0
Avg sub index 0
Success rate:  0.34375
Successful items count:  22
Total count:  64
Index:  77

enter
Example time cost:  0.0 min
ALL examples time cost:  2.85 min
Query times in this attack:  1
Greedy query times: 1
Greedy sub index: 0
Ga query times: 0
All Query times:  14407
All sub index: 0
Avg sub index 0
Success rate:  0.34375
Successful items count:  22
Total count:  64
Index:  78

enter
Example time cost:  0.0 min
ALL examples time cost:  2.85 min
Query times in this attack:  1
Greedy query times: 1
Greedy sub index: 0
Ga query times: 0
All Query times:  14408
All sub index: 0
Avg sub index 0
Success rate:  0.34375
Successful items count:  22
Total count:  64
Index:  79

enter
Example time cost:  0.0 min
ALL examples time cost:  2.85 min
Query times in this attack:  1
Greedy query times: 1
Greedy sub index: 0
Ga query times: 0
All Query times:  14409
All sub index: 0
Avg sub index 0
Success rate:  0.34375
Successful items count:  22
Total count:  64
Index:  80

enter
Example time cost:  0.0 min
ALL examples time cost:  2.85 min
Query times in this attack:  1
Greedy query times: 1
Greedy sub index: 0
Ga query times: 0
All Query times:  14410
All sub index: 0
Avg sub index 0
Success rate:  0.34375
Successful items count:  22
Total count:  64
Index:  81

enter
>> FINALACC! main => log (0.76508 => 0.75058)
>> FINALACC! start =>  end (0.75058 => 0.74580)
>> FINALACC! x => shape (0.74580 => 0.74458)
>> FINALACC! l => r (0.74458 => 0.74215)
>> FINALACC! b => aa (0.74215 => 0.73872)
Example time cost:  0.03 min
ALL examples time cost:  2.88 min
Query times in this attack:  147
Greedy query times: 147
Greedy sub index: 0
Ga query times: 0
All Query times:  14557
All sub index: 0
Avg sub index 0
Success rate:  0.3384615384615385
Successful items count:  22
Total count:  65
Index:  82

enter
>> FINALACC! main => page (0.77774 => 0.75462)
>> FINALACC! n => span (0.75462 => 0.75106)
>> FINALACC! cond => xc (0.75106 => 0.74830)
>> FINALACC! maxScore => lastScore (0.74830 => 0.74440)
>> FINALACC! directs => Directions (0.74440 => 0.74068)
>> FINALACC! solve => insolved (0.74068 => 0.72402)
>> FINALACC! surps => Surfaces (0.72402 => 0.72106)
>> FINALACC! t => i (0.72106 => 0.71102)
>> FINALACC! pts => inputs (0.71102 => 0.70982)
Example time cost:  0.04 min
ALL examples time cost:  2.92 min
Query times in this attack:  211
Greedy query times: 211
Greedy sub index: 0
Ga query times: 0
All Query times:  14768
All sub index: 0
Avg sub index 0
Success rate:  0.3333333333333333
Successful items count:  22
Total count:  66
Index:  83

enter
>> FINALACC! T => size (0.58427 => 0.49223)
>> FINALACC! case => key (0.49223 => 0.39852)
>> FINALACC! ans => cons (0.39852 => 0.38783)
>> FINALACC! n => span (0.38783 => 0.38682)
>> ACC! s => input (0.38682 => 0.20776)
>> FINALACC! j =>  d (0.20776 => 0.19034)
>> FINALACC! test => path (0.19034 => 0.17868)
>> FINALACC! k => b (0.17868 => 0.16899)
>> FINALACC! x => xf (0.16899 => 0.15101)
>> SUC! goods => Goodsites (0.15101 => 0.17022)
Example time cost:  0.04 min
ALL examples time cost:  2.96 min
Query times in this attack:  229
Greedy query times: 229
Greedy sub index: 0
Ga query times: 0
All Query times:  14997
All sub index: 0
Avg sub index 0
Success rate:  0.34328358208955223
Successful items count:  23
Total count:  67
Index:  84

enter
>> ACC! T => Time (0.57694 => 0.36547)
>> FINALACC! t => tt (0.36547 => 0.27793)
>> FINALACC! nice => cp (0.27793 => 0.26907)
>> FINALACC! l => los (0.26907 => 0.24222)
>> FINALACC! p => pe (0.24222 => 0.23531)
>> FINALACC! y => yy (0.23531 => 0.22881)
>> FINALACC! s => lines (0.22881 => 0.21049)
>> FINALACC! huh =>  hue (0.21049 => 0.19945)
>> FINALACC! maybe => now (0.19945 => 0.16844)
>> FINALACC! n => pi (0.16844 => 0.16391)
>> FINALACC! x => i (0.16391 => 0.16170)
>> FINALACC! ss => su (0.16170 => 0.15605)
Example time cost:  0.04 min
ALL examples time cost:  3.0 min
Query times in this attack:  243
Greedy query times: 243
Greedy sub index: 0
Ga query times: 0
All Query times:  15240
All sub index: 0
Avg sub index 0
Success rate:  0.3382352941176471
Successful items count:  23
Total count:  68
Index:  85

enter
Example time cost:  0.0 min
ALL examples time cost:  3.01 min
Query times in this attack:  1
Greedy query times: 1
Greedy sub index: 0
Ga query times: 0
All Query times:  15241
All sub index: 0
Avg sub index 0
Success rate:  0.3382352941176471
Successful items count:  23
Total count:  68
Index:  86

enter
>> FINALACC! infile => outcomplete (0.55465 => 0.43173)
>> ACC! outfile => outputline (0.43173 => 0.22150)
>> FINALACC! total => trial (0.22150 => 0.20808)
>> ACC! case => Case (0.20808 => 0.14480)
>> FINALACC! max_nosurprise => max_posureprising (0.14480 => 0.14179)
>> ACC! lookup => followUp (0.14179 => 0.10518)
>> FINALACC! min_nosurprise => min_posureprise (0.10518 => 0.10087)
>> FINALACC! resid => oskid (0.10087 => 0.09699)
>> FINALACC! p => T (0.09699 => 0.09585)
>> FINALACC! problem =>  problems (0.09585 => 0.08664)
>> FINALACC! practice => mc (0.08664 => 0.07337)
Example time cost:  0.08 min
ALL examples time cost:  3.09 min
Query times in this attack:  373
Greedy query times: 373
Greedy sub index: 0
Ga query times: 0
All Query times:  15614
All sub index: 0
Avg sub index 0
Success rate:  0.3333333333333333
Successful items count:  23
Total count:  69
Index:  87

enter
>> FINALACC! T => t (0.54671 => 0.46289)
>> FINALACC! N => n (0.46289 => 0.42936)
>> FINALACC! fair_numbers => fairallnotals (0.42936 => 0.34691)
>> FINALACC! s1 => S3 (0.34691 => 0.32588)
>> FINALACC! s2 => S_ (0.32588 => 0.28840)
>> FINALACC! i => l (0.28840 => 0.28282)
>> FINALACC! min_val => min__val (0.28282 => 0.27962)
>> FINALACC! max_val => max__pid (0.27962 => 0.26801)
>> FINALACC! ans => aces (0.26801 => 0.23790)
>> FINALACC! num => name (0.23790 => 0.22951)
Example time cost:  0.04 min
ALL examples time cost:  3.12 min
Query times in this attack:  197
Greedy query times: 197
Greedy sub index: 0
Ga query times: 0
All Query times:  15811
All sub index: 0
Avg sub index 0
Success rate:  0.32857142857142857
Successful items count:  23
Total count:  70
Index:  88

enter
>> FINALACC! p => o (0.42841 => 0.42636)
>> FINALACC! N => A (0.42636 => 0.41646)
>> FINALACC! normal_min => normal67main (0.41646 => 0.41450)
>> FINALACC! S => small (0.41450 => 0.40901)
>> FINALACC! params => args (0.40901 => 0.37721)
>> FINALACC! suprising_min => suprising_all (0.37721 => 0.37572)
>> FINALACC! clear => set (0.37572 => 0.37357)
>> FINALACC! score => c (0.37357 => 0.36759)
>> FINALACC! possible => possibly (0.36759 => 0.36410)
>> FINALACC! scores => scales (0.36410 => 0.34816)
>> FINALACC! ans => ks (0.34816 => 0.34694)
>> ACC! i => l (0.34694 => 0.25291)
>> FINALACC! n => name (0.25291 => 0.24024)
>> FINALACC! line => path (0.24024 => 0.19199)
Example time cost:  0.05 min
ALL examples time cost:  3.17 min
Query times in this attack:  258
Greedy query times: 258
Greedy sub index: 0
Ga query times: 0
All Query times:  16069
All sub index: 0
Avg sub index 0
Success rate:  0.323943661971831
Successful items count:  23
Total count:  71
Index:  89

enter
Example time cost:  0.0 min
ALL examples time cost:  3.17 min
Query times in this attack:  1
Greedy query times: 1
Greedy sub index: 0
Ga query times: 0
All Query times:  16070
All sub index: 0
Avg sub index 0
Success rate:  0.323943661971831
Successful items count:  23
Total count:  71
Index:  90

enter
>> SUC! line => LINE (0.21777 => 0.21530)
Example time cost:  0.0 min
ALL examples time cost:  3.17 min
Query times in this attack:  13
Greedy query times: 13
Greedy sub index: 0
Ga query times: 0
All Query times:  16083
All sub index: 0
Avg sub index 0
Success rate:  0.3333333333333333
Successful items count:  24
Total count:  72
Index:  91

enter
Example time cost:  0.0 min
ALL examples time cost:  3.17 min
Query times in this attack:  1
Greedy query times: 1
Greedy sub index: 0
Ga query times: 0
All Query times:  16084
All sub index: 0
Avg sub index 0
Success rate:  0.3333333333333333
Successful items count:  24
Total count:  72
Index:  92

enter
>> FINALACC! input => command (0.44731 => 0.38373)
>> FINALACC! f => folder (0.38373 => 0.33100)
>> FINALACC! fn => source (0.33100 => 0.29807)
>> FINALACC! score => v (0.29807 => 0.29652)
>> FINALACC! _t => _task (0.29652 => 0.28189)
>> FINALACC! p => l (0.28189 => 0.27964)
>> FINALACC! ti =>  vi (0.27964 => 0.27864)
>> FINALACC! low_scores => low_Scores (0.27864 => 0.27305)
>> FINALACC! i => ri (0.27305 => 0.27141)
>> FINALACC! x => u (0.27141 => 0.27095)
>> FINALACC! r => rate (0.27095 => 0.26792)
>> FINALACC! N => Z (0.26792 => 0.26419)
>> FINALACC! t => count (0.26419 => 0.23484)
>> FINALACC! letter => model (0.23484 => 0.21815)
>> SUC! output => unit (0.21815 => 0.20750)
Example time cost:  0.06 min
ALL examples time cost:  3.23 min
Query times in this attack:  321
Greedy query times: 321
Greedy sub index: 0
Ga query times: 0
All Query times:  16405
All sub index: 0
Avg sub index 0
Success rate:  0.3424657534246575
Successful items count:  25
Total count:  73
Index:  93

enter
>> FINALACC! data => frame (0.52925 => 0.50469)
>> FINALACC! r => rb (0.50469 => 0.50236)
>> FINALACC! i => loc (0.50236 => 0.49874)
>> FINALACC! p => b (0.49874 => 0.48365)
>> FINALACC! c => cl (0.48365 => 0.47203)
>> FINALACC! cols => velgs (0.47203 => 0.46558)
>> FINALACC! y => sys (0.46558 => 0.45790)
>> FINALACC! x => image (0.45790 => 0.45038)
>> ACC! fd => l (0.45038 => 0.33151)
>> FINALACC! self => driver (0.33151 => 0.28046)
>> SUC! epsilon => apsilon (0.28046 => 0.25031)
Example time cost:  0.06 min
ALL examples time cost:  3.29 min
Query times in this attack:  264
Greedy query times: 264
Greedy sub index: 0
Ga query times: 0
All Query times:  16669
All sub index: 0
Avg sub index 0
Success rate:  0.35135135135135137
Successful items count:  26
Total count:  74
Index:  94

enter
>> ACC! CASE_PRFX => CASE_POOP (0.26503 => 0.19805)
>> FINALACC! OEXT => MOINTER (0.19805 => 0.15387)
>> FINALACC! IN_S => IN_N (0.15387 => 0.14713)
>> FINALACC! s_max_val => s_maxglabel (0.14713 => 0.14613)
>> FINALACC! sm => LM (0.14613 => 0.14201)
>> FINALACC! IN_L => INJECTL (0.14201 => 0.12665)
>> FINALACC! av_cls => av_velin (0.12665 => 0.12195)
>> FINALACC! av => aim (0.12195 => 0.12089)
>> FINALACC! tgt => rummy (0.12089 => 0.11209)
>> FINALACC! triplets => traps (0.11209 => 0.09060)
Example time cost:  0.09 min
ALL examples time cost:  3.38 min
Query times in this attack:  399
Greedy query times: 399
Greedy sub index: 0
Ga query times: 0
All Query times:  17068
All sub index: 0
Avg sub index 0
Success rate:  0.3466666666666667
Successful items count:  26
Total count:  75
Index:  95

enter
>> FINALACC! x => name (0.79282 => 0.79201)
>> FINALACC! i => qi (0.79201 => 0.79162)
>> FINALACC! A => au (0.79162 => 0.79077)
>> FINALACC! filenames => filename (0.79077 => 0.79028)
>> FINALACC! B => b (0.79028 => 0.78928)
>> FINALACC! sqr => aqrs (0.78928 => 0.78882)
>> FINALACC! T => Test (0.78882 => 0.78779)
>> FINALACC! l => wl (0.78779 => 0.78655)
>> FINALACC! n => node (0.78655 => 0.78546)
>> FINALACC! l1 => Lone (0.78546 => 0.78491)
>> FINALACC! f_out => f2Out (0.78491 => 0.77380)
>> FINALACC! directory => input (0.77380 => 0.75775)
>> FINALACC! f_in =>  flogbin (0.75775 => 0.72664)
>> FINALACC! testcase => Testcases (0.72664 => 0.69448)
>> FINALACC! fair_and_squares => fair_and_queries (0.69448 => 0.68992)
Example time cost:  0.07 min
ALL examples time cost:  3.45 min
Query times in this attack:  353
Greedy query times: 353
Greedy sub index: 0
Ga query times: 0
All Query times:  17421
All sub index: 0
Avg sub index 0
Success rate:  0.34210526315789475
Successful items count:  26
Total count:  76
Index:  96

enter
>> FINALACC! directory => theme (0.79522 => 0.78815)
>> FINALACC! nnn => nnb (0.78815 => 0.78742)
>> FINALACC! A => I (0.78742 => 0.78694)
>> FINALACC! t_i => T_i (0.78694 => 0.78676)
>> FINALACC! S => P (0.78676 => 0.78652)
>> FINALACC! B => WB (0.78652 => 0.78643)
>> FINALACC! x => file (0.78643 => 0.78507)
>> FINALACC! i => trial (0.78507 => 0.78403)
>> FINALACC! result => RESULTS (0.78403 => 0.77068)
>> FINALACC! p => g (0.77068 => 0.76886)
>> FINALACC! t => r (0.76886 => 0.76737)
>> FINALACC! line => LINE (0.76737 => 0.76430)
>> FINALACC! f_in => fockins (0.76430 => 0.71618)
>> FINALACC! f_out => fayout (0.71618 => 0.68323)
>> FINALACC! T => M (0.68323 => 0.68007)
Example time cost:  0.07 min
ALL examples time cost:  3.52 min
Query times in this attack:  371
Greedy query times: 371
Greedy sub index: 0
Ga query times: 0
All Query times:  17792
All sub index: 0
Avg sub index 0
Success rate:  0.33766233766233766
Successful items count:  26
Total count:  77
Index:  97

enter
>> ACC! case => ASE (0.25907 => 0.18697)
>> FINALACC! n => nn (0.18697 => 0.15308)
>> SUC! outString => OutputLine (0.15308 => 0.16471)
Example time cost:  0.01 min
ALL examples time cost:  3.53 min
Query times in this attack:  42
Greedy query times: 42
Greedy sub index: 0
Ga query times: 0
All Query times:  17834
All sub index: 0
Avg sub index 0
Success rate:  0.34615384615384615
Successful items count:  27
Total count:  78
Index:  98

enter
>> FINALACC! okIfSLimit => okIfSLimited (0.51194 => 0.51023)
>> FINALACC! case => slice (0.51023 => 0.49633)
>> FINALACC! N => num (0.49633 => 0.49279)
>> FINALACC! okLimit => joblimit (0.49279 => 0.48940)
>> FINALACC! okIfS => okIfSU (0.48940 => 0.48786)
>> FINALACC! S => Rs (0.48786 => 0.48541)
>> FINALACC! ok => ack (0.48541 => 0.48384)
>> ACC! fin => file (0.48384 => 0.35453)
>> FINALACC! T => s (0.35453 => 0.35070)
>> FINALACC! res => features (0.35070 => 0.34476)
>> FINALACC! line => trial (0.34476 => 0.33642)
>> FINALACC! p => lp (0.33642 => 0.33047)
>> FINALACC! cases => tests (0.33047 => 0.27068)
>> SUC! fout => FOut (0.27068 => 0.35436)
Example time cost:  0.05 min
ALL examples time cost:  3.57 min
Query times in this attack:  262
Greedy query times: 262
Greedy sub index: 0
Ga query times: 0
All Query times:  18096
All sub index: 0
Avg sub index 0
Success rate:  0.35443037974683544
Successful items count:  28
Total count:  79
Index:  99

enter
>> FINALACC! case => shape (0.54251 => 0.52959)
>> FINALACC! T => Time (0.52959 => 0.48202)
>> FINALACC! soln => Sln (0.48202 => 0.47804)
>> FINALACC! A => function (0.47804 => 0.47394)
>> FINALACC! B =>  b (0.47394 => 0.42640)
>> FINALACC! square => qq (0.42640 => 0.38349)
>> FINALACC! digits => logits (0.38349 => 0.36056)
>> FINALACC! count => file (0.36056 => 0.28151)
>> FINALACC! n => name (0.28151 => 0.26174)
Example time cost:  0.04 min
ALL examples time cost:  3.61 min
Query times in this attack:  189
Greedy query times: 189
Greedy sub index: 0
Ga query times: 0
All Query times:  18285
All sub index: 0
Avg sub index 0
Success rate:  0.35
Successful items count:  28
Total count:  80
Index:  100

enter
>> FINALACC! T => Case (0.63614 => 0.60691)
>> FINALACC! p => l (0.60691 => 0.60613)
>> FINALACC! s => o (0.60613 => 0.60282)
>> FINALACC! t => ot (0.60282 => 0.59979)
>> FINALACC! scores =>  SCores (0.59979 => 0.57652)
>> FINALACC! case => example (0.57652 => 0.55274)
>> FINALACC! result => data (0.55274 => 0.53547)
>> FINALACC! line => i (0.53547 => 0.52416)
>> FINALACC! n => out (0.52416 => 0.51671)
Example time cost:  0.04 min
ALL examples time cost:  3.64 min
Query times in this attack:  202
Greedy query times: 202
Greedy sub index: 0
Ga query times: 0
All Query times:  18487
All sub index: 0
Avg sub index 0
Success rate:  0.345679012345679
Successful items count:  28
Total count:  81
Index:  101

enter
Example time cost:  0.0 min
ALL examples time cost:  3.65 min
Query times in this attack:  1
Greedy query times: 1
Greedy sub index: 0
Ga query times: 0
All Query times:  18488
All sub index: 0
Avg sub index 0
Success rate:  0.345679012345679
Successful items count:  28
Total count:  81
Index:  102

enter
>> ACC! data_line => datamatlines (0.55141 => 0.36353)
>> FINALACC! surprise_cutoff => surprise_cutsoff (0.36353 => 0.35499)
>> FINALACC! args => cli (0.35499 => 0.30035)
>> FINALACC! x => xd (0.30035 => 0.29335)
>> FINALACC! bits => lines (0.29335 => 0.26334)
>> FINALACC! options => c (0.26334 => 0.23639)
>> FINALACC! win_cutoff => win_cutsOff (0.23639 => 0.23259)
>> FINALACC! p => path (0.23259 => 0.21963)
>> FINALACC! t => opt (0.21963 => 0.21233)
>> FINALACC! score => case (0.21233 => 0.19570)
>> FINALACC! outright_wins => outright_twin (0.19570 => 0.18990)
>> FINALACC! potential_surprises => potential_wraacters (0.18990 => 0.18591)
>> FINALACC! N => Q (0.18591 => 0.17107)
>> ACC! parser => process (0.17107 => 0.10406)
Example time cost:  0.07 min
ALL examples time cost:  3.72 min
Query times in this attack:  364
Greedy query times: 364
Greedy sub index: 0
Ga query times: 0
All Query times:  18852
All sub index: 0
Avg sub index 0
Success rate:  0.34146341463414637
Successful items count:  28
Total count:  82
Index:  103

enter
>> ACC! case_number => casedaytext (0.66400 => 0.45027)
>> FINALACC! r => range (0.45027 => 0.40423)
>> ACC! total_cases => Total_cs (0.40423 => 0.23160)
>> FINALACC! root => fw (0.23160 => 0.21909)
>> FINALACC! x => image (0.21909 => 0.21014)
>> FINALACC! fs => family (0.21014 => 0.20974)
>> FINALACC! sq => request (0.20974 => 0.19079)
>> FINALACC! ab => rest (0.19079 => 0.18462)
>> FINALACC! candidate => validate (0.18462 => 0.17746)
Example time cost:  0.03 min
ALL examples time cost:  3.75 min
Query times in this attack:  166
Greedy query times: 166
Greedy sub index: 0
Ga query times: 0
All Query times:  19018
All sub index: 0
Avg sub index 0
Success rate:  0.3373493975903614
Successful items count:  28
Total count:  83
Index:  104

enter
>> FINALACC! case_number => line__numbered (0.66832 => 0.57849)
>> FINALACC! r => reader (0.57849 => 0.54833)
>> FINALACC! mod_plus_conv_without_s => mod_plus_conv_with_f (0.54833 => 0.53739)
>> FINALACC! scores => ncores (0.53739 => 0.52857)
>> FINALACC! case_line => caseFline (0.52857 => 0.48674)
>> ACC! total_cases => total_jobs (0.48674 => 0.35498)
>> FINALACC! s => sb (0.35498 => 0.34835)
>> FINALACC! p => P (0.34835 => 0.33956)
>> FINALACC! score => line (0.33956 => 0.29542)
>> FINALACC! ans => case (0.29542 => 0.24698)
Example time cost:  0.04 min
ALL examples time cost:  3.78 min
Query times in this attack:  197
Greedy query times: 197
Greedy sub index: 0
Ga query times: 0
All Query times:  19215
All sub index: 0
Avg sub index 0
Success rate:  0.3333333333333333
Successful items count:  28
Total count:  84
Index:  105

enter
>> FINALACC! f => u (0.50303 => 0.49060)
>> FINALACC! i => inf (0.49060 => 0.48653)
>> FINALACC! T => time (0.48653 => 0.47429)
>> ACC! inputFileName => inputTableSize (0.47429 => 0.26070)
>> FINALACC! sqrtI =>  sqrati (0.26070 => 0.25526)
>> FINALACC! B => ab (0.25526 => 0.24862)
>> FINALACC! found => count (0.24862 => 0.23931)
>> FINALACC! A => am (0.23931 => 0.23305)
>> SUC! fout => win (0.23305 => 0.17135)
Example time cost:  0.03 min
ALL examples time cost:  3.82 min
Query times in this attack:  176
Greedy query times: 176
Greedy sub index: 0
Ga query times: 0
All Query times:  19391
All sub index: 0
Avg sub index 0
Success rate:  0.3411764705882353
Successful items count:  29
Total count:  85
Index:  106

enter
Example time cost:  0.0 min
ALL examples time cost:  3.82 min
Query times in this attack:  1
Greedy query times: 1
Greedy sub index: 0
Ga query times: 0
All Query times:  19392
All sub index: 0
Avg sub index 0
Success rate:  0.3411764705882353
Successful items count:  29
Total count:  85
Index:  107

enter
>> FINALACC! n => name (0.60067 => 0.58007)
>> FINALACC! l =>  L (0.58007 => 0.54246)
>> FINALACC! N => P (0.54246 => 0.52697)
>> FINALACC! x => int (0.52697 => 0.52040)
>> FINALACC! i => uri (0.52040 => 0.45773)
>> FINALACC! b => z (0.45773 => 0.43533)
>> FINALACC! u => d (0.43533 => 0.43307)
>> FINALACC! a => alpha (0.43307 => 0.42317)
>> FINALACC! count => case (0.42317 => 0.40815)
>> FINALACC! result => data (0.40815 => 0.38063)
Example time cost:  0.04 min
ALL examples time cost:  3.85 min
Query times in this attack:  206
Greedy query times: 206
Greedy sub index: 0
Ga query times: 0
All Query times:  19598
All sub index: 0
Avg sub index 0
Success rate:  0.3372093023255814
Successful items count:  29
Total count:  86
Index:  108

enter
>> FINALACC! i => uri (0.57922 => 0.45000)
>> FINALACC! line => col (0.45000 => 0.43731)
>> FINALACC! a => A (0.43731 => 0.43089)
>> FINALACC! r => v (0.43089 => 0.42758)
>> FINALACC! result => error (0.42758 => 0.41076)
>> FINALACC! p => point (0.41076 => 0.40292)
>> FINALACC! u => Lu (0.40292 => 0.39644)
>> FINALACC! s => states (0.39644 => 0.38393)
>> FINALACC! x => int (0.38393 => 0.36919)
>> FINALACC! N => P (0.36919 => 0.36525)
>> ACC! ts => tests (0.36525 => 0.27144)
>> ACC! num_surprises => num_curacters (0.27144 => 0.19508)
Example time cost:  0.04 min
ALL examples time cost:  3.9 min
Query times in this attack:  237
Greedy query times: 237
Greedy sub index: 0
Ga query times: 0
All Query times:  19835
All sub index: 0
Avg sub index 0
Success rate:  0.3333333333333333
Successful items count:  29
Total count:  87
Index:  109

enter
>> FINALACC! f => uf (0.42358 => 0.36222)
>> FINALACC! i => v (0.36222 => 0.35644)
>> SUC! m => z (0.35644 => 0.35569)
Example time cost:  0.01 min
ALL examples time cost:  3.91 min
Query times in this attack:  61
Greedy query times: 61
Greedy sub index: 0
Ga query times: 0
All Query times:  19896
All sub index: 0
Avg sub index 0
Success rate:  0.3409090909090909
Successful items count:  30
Total count:  88
Index:  110

enter
>> FINALACC! fn => txt (0.50096 => 0.45485)
>> FINALACC! f => uf (0.45485 => 0.37401)
>> FINALACC! t => size (0.37401 => 0.36368)
>> FINALACC! if_surprising => if_simessing (0.36368 => 0.36225)
>> FINALACC! p => v (0.36225 => 0.35712)
>> FINALACC! is_surprising => is_suppprises (0.35712 => 0.35617)
>> FINALACC! not_surprising => not_serprises (0.35617 => 0.35380)
>> FINALACC! x => inf (0.35380 => 0.35310)
>> SUC! sure => know (0.35310 => 0.35216)
Example time cost:  0.03 min
ALL examples time cost:  3.94 min
Query times in this attack:  176
Greedy query times: 176
Greedy sub index: 0
Ga query times: 0
All Query times:  20072
All sub index: 0
Avg sub index 0
Success rate:  0.34831460674157305
Successful items count:  31
Total count:  89
Index:  111

enter
>> FINALACC! line => page (0.53121 => 0.52680)
>> FINALACC! backHalf => backPart (0.52680 => 0.52400)
>> FINALACC! frontHalf => bottomMade (0.52400 => 0.52256)
>> FINALACC! n => np (0.52256 => 0.52020)
>> FINALACC! l => wl (0.52020 => 0.51550)
>> FINALACC! parts => steps (0.51550 => 0.50286)
>> ACC! file => function (0.50286 => 0.36650)
>> FINALACC! s => stats (0.36650 => 0.33503)
>> FINALACC! i => uri (0.33503 => 0.31752)
>> ACC! tests => fits (0.31752 => 0.22425)
>> ACC! test => input (0.22425 => 0.16064)
>> FINALACC! T => total (0.16064 => 0.14347)
>> FINALACC! sqrtN => squrotN (0.14347 => 0.14017)
Example time cost:  0.06 min
ALL examples time cost:  4.0 min
Query times in this attack:  300
Greedy query times: 300
Greedy sub index: 0
Ga query times: 0
All Query times:  20372
All sub index: 0
Avg sub index 0
Success rate:  0.34444444444444444
Successful items count:  31
Total count:  90
Index:  112

enter
>> FINALACC! filename => url (0.45741 => 0.37186)
>> FINALACC! S => Sign (0.37186 => 0.36721)
>> FINALACC! p => pressure (0.36721 => 0.36175)
>> FINALACC! retval => reteval (0.36175 => 0.27735)
>> FINALACC! t => target (0.27735 => 0.26922)
>> FINALACC! j => section (0.26922 => 0.26661)
>> FINALACC! N => Size (0.26661 => 0.26112)
>> FINALACC! parts => features (0.26112 => 0.25363)
>> FINALACC! T => Test (0.25363 => 0.23399)
>> FINALACC! line => log (0.23399 => 0.22986)
>> FINALACC! file => view (0.22986 => 0.17760)
>> FINALACC! test => trial (0.17760 => 0.17370)
>> FINALACC! triplet => traplets (0.17370 => 0.17217)
>> FINALACC! i => qi (0.17217 => 0.16878)
Example time cost:  0.12 min
ALL examples time cost:  4.12 min
Query times in this attack:  518
Greedy query times: 518
Greedy sub index: 0
Ga query times: 0
All Query times:  20890
All sub index: 0
Avg sub index 0
Success rate:  0.34065934065934067
Successful items count:  31
Total count:  91
Index:  113

enter
>> ACC! tCase => ttStep (0.60633 => 0.34028)
>> FINALACC! self => host (0.34028 => 0.29228)
>> FINALACC! quadrado => quparados (0.29228 => 0.28822)
>> FINALACC! int_maior => int_gaajor (0.28822 => 0.28035)
>> FINALACC! maior => maolar (0.28035 => 0.27090)
>> FINALACC! N => Size (0.27090 => 0.26241)
>> FINALACC! result => rate (0.26241 => 0.25579)
>> FINALACC! M => Mi (0.25579 => 0.25033)
>> FINALACC! fns => cfcs (0.25033 => 0.23037)
>> FINALACC! num => offset (0.23037 => 0.20997)
Example time cost:  0.05 min
ALL examples time cost:  4.17 min
Query times in this attack:  234
Greedy query times: 234
Greedy sub index: 0
Ga query times: 0
All Query times:  21124
All sub index: 0
Avg sub index 0
Success rate:  0.33695652173913043
Successful items count:  31
Total count:  92
Index:  114

enter
>> FINALACC! realT => regularTime (0.54147 => 0.52800)
>> FINALACC! item => offset (0.52800 => 0.52061)
>> FINALACC! list => live (0.52061 => 0.51342)
>> FINALACC! i => slice (0.51342 => 0.50808)
>> FINALACC! j => key (0.50808 => 0.50122)
>> FINALACC! supT => virtualP (0.50122 => 0.49735)
>> ACC! case => file (0.49735 => 0.35837)
>> FINALACC! frase => FrASE (0.35837 => 0.31173)
>> FINALACC! P => size (0.31173 => 0.28426)
>> FINALACC! T => IP (0.28426 => 0.27016)
>> FINALACC! linha => lnqa (0.27016 => 0.25812)
>> FINALACC! ER1 => BEROne (0.25812 => 0.21499)
>> FINALACC! frases => brased (0.21499 => 0.18984)
>> SUC! tCase => TCase (0.18984 => 0.10991)
Example time cost:  0.05 min
ALL examples time cost:  4.22 min
Query times in this attack:  287
Greedy query times: 287
Greedy sub index: 0
Ga query times: 0
All Query times:  21411
All sub index: 0
Avg sub index 0
Success rate:  0.34408602150537637
Successful items count:  32
Total count:  93
Index:  115

enter
Example time cost:  0.0 min
ALL examples time cost:  4.22 min
Query times in this attack:  1
Greedy query times: 1
Greedy sub index: 0
Ga query times: 0
All Query times:  21412
All sub index: 0
Avg sub index 0
Success rate:  0.34408602150537637
Successful items count:  32
Total count:  93
Index:  116

enter
>> ACC! st => St (0.53624 => 0.40210)
>> FINALACC! q => Q (0.40210 => 0.32861)
>> SUC! r =>  R (0.32861 => 0.25744)
Example time cost:  0.01 min
ALL examples time cost:  4.23 min
Query times in this attack:  56
Greedy query times: 56
Greedy sub index: 0
Ga query times: 0
All Query times:  21468
All sub index: 0
Avg sub index 0
Success rate:  0.35106382978723405
Successful items count:  33
Total count:  94
Index:  117

enter
>> FINALACC! count => name (0.38114 => 0.33580)
>> ACC! lst => Lst (0.33580 => 0.22002)
>> FINALACC! i => ui (0.22002 => 0.17062)
>> FINALACC! lo => LO (0.17062 => 0.13364)
>> FINALACC! hi => loc (0.13364 => 0.10103)
>> FINALACC! line => size (0.10103 => 0.09370)
>> SUC! case_num => case_NUM (0.09370 => 0.09192)
Example time cost:  0.03 min
ALL examples time cost:  4.26 min
Query times in this attack:  139
Greedy query times: 139
Greedy sub index: 0
Ga query times: 0
All Query times:  21607
All sub index: 0
Avg sub index 0
Success rate:  0.35789473684210527
Successful items count:  34
Total count:  95
Index:  118

enter
>> FINALACC! fileName => fInfo (0.71332 => 0.61523)
>> FINALACC! f => fd (0.61523 => 0.58602)
>> FINALACC! dataN => DataT (0.58602 => 0.56956)
>> FINALACC! dataS =>  DataS (0.56956 => 0.53083)
>> FINALACC! i => integer (0.53083 => 0.52524)
>> FINALACC! s => u (0.52524 => 0.52158)
>> FINALACC! n_vals => p_values (0.52158 => 0.49302)
>> FINALACC! p => int (0.49302 => 0.47305)
>> FINALACC! items => ids (0.47305 => 0.46095)
>> FINALACC! ti => ku (0.46095 => 0.42238)
>> FINALACC! raw => input (0.42238 => 0.37163)
>> FINALACC! t => v (0.37163 => 0.34831)
>> FINALACC! tests => sections (0.34831 => 0.29888)
Example time cost:  0.07 min
ALL examples time cost:  4.33 min
Query times in this attack:  335
Greedy query times: 335
Greedy sub index: 0
Ga query times: 0
All Query times:  21942
All sub index: 0
Avg sub index 0
Success rate:  0.3541666666666667
Successful items count:  34
Total count:  96
Index:  119

enter
>> FINALACC! solver => Solution (0.76285 => 0.74621)
>> FINALACC! in_fn => out_filename (0.74621 => 0.74230)
>> FINALACC! case => ce (0.74230 => 0.74226)
>> FINALACC! out_fn => outFilefn (0.74226 => 0.72316)
>> FINALACC! res => Results (0.72316 => 0.70213)
>> FINALACC! R => array (0.70213 => 0.69935)
>> ACC! f => file (0.69935 => 0.47534)
>> FINALACC! T => phi (0.47534 => 0.46488)
>> FINALACC! x => rx (0.46488 => 0.43599)
>> FINALACC! i => ij (0.43599 => 0.42407)
>> FINALACC! fn => np (0.42407 => 0.40079)
>> FINALACC! reader => mode (0.40079 => 0.38872)
>> FINALACC! b => z (0.38872 => 0.37357)
>> FINALACC! d => data (0.37357 => 0.35028)
Example time cost:  0.09 min
ALL examples time cost:  4.42 min
Query times in this attack:  417
Greedy query times: 417
Greedy sub index: 0
Ga query times: 0
All Query times:  22359
All sub index: 0
Avg sub index 0
Success rate:  0.35051546391752575
Successful items count:  34
Total count:  97
Index:  120

enter
>> FINALACC! __prob__ => __proc__ (0.65435 => 0.63355)
>> FINALACC! f => fit (0.63355 => 0.57089)
>> FINALACC! __path__ => __file_ (0.57089 => 0.54451)
>> FINALACC! __file__ =>  __file___ (0.54451 => 0.53192)
>> FINALACC! pout => wpout (0.53192 => 0.51938)
>> FINALACC! i => uri (0.51938 => 0.51563)
>> FINALACC! a => another (0.51563 => 0.51409)
>> FINALACC! res => Results (0.51409 => 0.49604)
>> FINALACC! s => inf (0.49604 => 0.46161)
>> FINALACC! best =>  Best (0.46161 => 0.43675)
>> FINALACC! y => pay (0.43675 => 0.43210)
>> FINALACC! d => dB (0.43210 => 0.42070)
>> FINALACC! x => all (0.42070 => 0.41907)
>> FINALACC! back => D (0.41907 => 0.37408)
Example time cost:  0.1 min
ALL examples time cost:  4.51 min
Query times in this attack:  346
Greedy query times: 346
Greedy sub index: 0
Ga query times: 0
All Query times:  22705
All sub index: 0
Avg sub index 0
Success rate:  0.3469387755102041
Successful items count:  34
Total count:  98
Index:  121

enter
>> FINALACC! case => Case (0.64148 => 0.62679)
>> ACC! x => xml (0.62679 => 0.46055)
>> FINALACC! t => port (0.46055 => 0.36344)
>> FINALACC! cantidad =>  captity (0.36344 => 0.34831)
>> FINALACC! a => api (0.34831 => 0.30870)
>> FINALACC! b => min (0.30870 => 0.29341)
>> FINALACC! line => range (0.29341 => 0.27157)
>> FINALACC! i => ri (0.27157 => 0.25214)
Example time cost:  0.03 min
ALL examples time cost:  4.55 min
Query times in this attack:  179
Greedy query times: 179
Greedy sub index: 0
Ga query times: 0
All Query times:  22884
All sub index: 0
Avg sub index 0
Success rate:  0.3434343434343434
Successful items count:  34
Total count:  99
Index:  122

enter
>> FINALACC! t => T (0.63857 => 0.60567)
>> FINALACC! line => input (0.60567 => 0.57872)
>> FINALACC! total => scale (0.57872 => 0.57386)
>> FINALACC! i => ui (0.57386 => 0.54537)
>> FINALACC! s => resses (0.54537 => 0.52991)
>> FINALACC! n => size (0.52991 => 0.51806)
>> FINALACC! j => obj (0.51806 => 0.51546)
>> FINALACC! p => point (0.51546 => 0.50199)
>> FINALACC! max => Max (0.50199 => 0.45235)
Example time cost:  0.04 min
ALL examples time cost:  4.58 min
Query times in this attack:  189
Greedy query times: 189
Greedy sub index: 0
Ga query times: 0
All Query times:  23073
All sub index: 0
Avg sub index 0
Success rate:  0.34
Successful items count:  34
Total count:  100
Index:  123

enter
>> SUC! stdin => putin (0.41089 => 0.21969)
Example time cost:  0.0 min
ALL examples time cost:  4.58 min
Query times in this attack:  21
Greedy query times: 21
Greedy sub index: 0
Ga query times: 0
All Query times:  23094
All sub index: 0
Avg sub index 0
Success rate:  0.3465346534653465
Successful items count:  35
Total count:  101
Index:  124

enter
>> FINALACC! i => uri (0.46364 => 0.37033)
>> FINALACC! S => Sa (0.37033 => 0.36514)
>> FINALACC! T => Time (0.36514 => 0.28277)
>> FINALACC! z => P (0.28277 => 0.26454)
>> FINALACC! ns => NT (0.26454 => 0.24074)
>> FINALACC! n => int (0.24074 => 0.21834)
>> FINALACC! N => J (0.21834 => 0.21214)
>> FINALACC! p => lp (0.21214 => 0.20072)
>> FINALACC! h => H (0.20072 => 0.19313)
Example time cost:  0.03 min
ALL examples time cost:  4.62 min
Query times in this attack:  187
Greedy query times: 187
Greedy sub index: 0
Ga query times: 0
All Query times:  23281
All sub index: 0
Avg sub index 0
Success rate:  0.3431372549019608
Successful items count:  35
Total count:  102
Index:  125

enter
>> ACC! fin => spin (0.66933 => 0.39439)
>> ACC! case => exc (0.39439 => 0.27714)
>> FINALACC! T =>  t (0.27714 => 0.22367)
>> FINALACC! N => NN (0.22367 => 0.19491)
>> FINALACC! s => o (0.19491 => 0.19303)
>> FINALACC! n => name (0.19303 => 0.15331)
>> FINALACC! fs => Fs (0.15331 => 0.13158)
>> FINALACC! n2 => nb2 (0.13158 => 0.12955)
>> FINALACC! j => br (0.12955 => 0.12553)
>> FINALACC! A => Ca (0.12553 => 0.12468)
>> FINALACC! board => trace (0.12468 => 0.11199)
Example time cost:  0.05 min
ALL examples time cost:  4.66 min
Query times in this attack:  255
Greedy query times: 255
Greedy sub index: 0
Ga query times: 0
All Query times:  23536
All sub index: 0
Avg sub index 0
Success rate:  0.33980582524271846
Successful items count:  35
Total count:  103
Index:  126

enter
>> ACC! fin => fun (0.70592 => 0.32132)
>> ACC! case => step (0.32132 => 0.22609)
>> ACC! T => Python (0.22609 => 0.15300)
>> FINALACC! p => h (0.15300 => 0.15166)
>> FINALACC! normal_limit =>  normal_limits (0.15166 => 0.14576)
>> FINALACC! surpising_limit => surpisinginglimit (0.14576 => 0.14556)
>> FINALACC! N => np (0.14556 => 0.14520)
>> FINALACC! normal_count => total__count (0.14520 => 0.14057)
>> FINALACC! t => it (0.14057 => 0.13835)
>> FINALACC! result => new (0.13835 => 0.13668)
>> FINALACC! S => SN (0.13668 => 0.13514)
>> FINALACC! surprising_count => surprising64check (0.13514 => 0.13011)
Example time cost:  0.04 min
ALL examples time cost:  4.7 min
Query times in this attack:  220
Greedy query times: 220
Greedy sub index: 0
Ga query times: 0
All Query times:  23756
All sub index: 0
Avg sub index 0
Success rate:  0.33653846153846156
Successful items count:  35
Total count:  104
Index:  127

enter
>> FINALACC! MAX => DC (0.64063 => 0.63817)
>> FINALACC! B => IO (0.63817 => 0.63277)
>> FINALACC! d => db (0.63277 => 0.63246)
>> FINALACC! i => ti (0.63246 => 0.63089)
>> FINALACC! s => ins (0.63089 => 0.62810)
>> FINALACC! max => rand (0.62810 => 0.62365)
>> FINALACC! base => fixed (0.62365 => 0.62283)
>> FINALACC! A => API (0.62283 => 0.62066)
>> FINALACC! Ti => Na (0.62066 => 0.61875)
>> FINALACC! square => ce (0.61875 => 0.61599)
>> FINALACC! n => name (0.61599 => 0.61083)
>> FINALACC! fasappend => fasend (0.61083 => 0.60880)
>> FINALACC! answer => data (0.60880 => 0.60496)
>> FINALACC! T => G (0.60496 => 0.59934)
>> FINALACC! fas => FAS (0.59934 => 0.59529)
Example time cost:  0.06 min
ALL examples time cost:  4.76 min
Query times in this attack:  315
Greedy query times: 315
Greedy sub index: 0
Ga query times: 0
All Query times:  24071
All sub index: 0
Avg sub index 0
Success rate:  0.3333333333333333
Successful items count:  35
Total count:  105
Index:  128

enter
>> FINALACC! curr_S => curR_C (0.51486 => 0.51317)
>> FINALACC! numbers =>  nnotations (0.51317 => 0.49903)
>> FINALACC! N => Size (0.49903 => 0.49388)
>> FINALACC! a => span (0.49388 => 0.48910)
>> FINALACC! totals => Totalls (0.48910 => 0.48462)
>> FINALACC! p => P (0.48462 => 0.47873)
>> FINALACC! S => U (0.47873 => 0.47164)
>> FINALACC! m => b (0.47164 => 0.46890)
>> FINALACC! t => start (0.46890 => 0.46037)
>> FINALACC! Ti => IO (0.46037 => 0.43630)
>> FINALACC! T => Test (0.43630 => 0.37593)
Example time cost:  0.04 min
ALL examples time cost:  4.81 min
Query times in this attack:  247
Greedy query times: 247
Greedy sub index: 0
Ga query times: 0
All Query times:  24318
All sub index: 0
Avg sub index 0
Success rate:  0.330188679245283
Successful items count:  35
Total count:  106
Index:  129

enter
>> FINALACC! upper_limit => upperflowlim (0.59842 => 0.59664)
>> FINALACC! total_column => total54column (0.59664 => 0.59561)
>> FINALACC! nt => NT (0.59561 => 0.59430)
>> FINALACC! n => size (0.59430 => 0.59290)
>> FINALACC! counter => re (0.59290 => 0.58795)
>> FINALACC! c_str => coutfr (0.58795 => 0.58036)
>> FINALACC! c => case (0.58036 => 0.57849)
>> FINALACC! ret => rets (0.57849 => 0.56526)
>> FINALACC! A => Q (0.56526 => 0.55276)
>> FINALACC! number => option (0.55276 => 0.54645)
>> FINALACC! B => H (0.54645 => 0.54293)
>> FINALACC! x =>  X (0.54293 => 0.53852)
>> FINALACC! t => alt (0.53852 => 0.51955)
Example time cost:  0.07 min
ALL examples time cost:  4.87 min
Query times in this attack:  347
Greedy query times: 347
Greedy sub index: 0
Ga query times: 0
All Query times:  24665
All sub index: 0
Avg sub index 0
Success rate:  0.32710280373831774
Successful items count:  35
Total count:  107
Index:  130

enter
Example time cost:  0.0 min
ALL examples time cost:  4.87 min
Query times in this attack:  1
Greedy query times: 1
Greedy sub index: 0
Ga query times: 0
All Query times:  24666
All sub index: 0
Avg sub index 0
Success rate:  0.32710280373831774
Successful items count:  35
Total count:  107
Index:  131

